2017-05-25 17:50:39,714 INFO monitors.py [line:126]    "quorum_leader_name": "osdnode2",

2017-05-25 17:50:39,714 INFO monitors.py [line:129]    "quorum_leader_name": "osdnode2",
2017-05-25 17:50:39,714 INFO base.py [line:35] 
Now start IO on  linlirbdImg0
2017-05-25 17:50:40,782 INFO client.py [line:126] pid info is 16093
2017-05-25 17:50:40,782 INFO client.py [line:126] pid info is 16094
2017-05-25 17:50:40,782 INFO base.py [line:35] 
Now start IO on  linlirbdImg1
2017-05-25 17:50:41,957 INFO client.py [line:126] pid info is 16126
2017-05-25 17:50:41,957 INFO client.py [line:126] pid info is 16127
2017-05-25 17:50:41,957 INFO base.py [line:35] 
Now start IO on  linlirbdImg2
2017-05-25 17:50:43,030 INFO client.py [line:126] pid info is 16159
2017-05-25 17:50:43,030 INFO client.py [line:126] pid info is 16160
2017-05-25 17:50:43,030 INFO base.py [line:35] 
Now start IO on  linlirbdImg3
2017-05-25 17:50:44,046 INFO client.py [line:126] pid info is 16191
2017-05-25 17:50:44,046 INFO client.py [line:126] pid info is 16192
2017-05-25 17:50:44,046 INFO base.py [line:35] 
Now start IO on  linlirbdImg4
2017-05-25 17:50:45,094 INFO client.py [line:126] pid info is 16224
2017-05-25 17:50:45,094 INFO client.py [line:126] pid info is 16225
2017-05-25 17:50:45,094 INFO base.py [line:35] 
Now start IO on  linlirbdImg5
2017-05-25 17:50:46,176 INFO client.py [line:126] pid info is 16258
2017-05-25 17:50:46,176 INFO client.py [line:126] pid info is 16259
2017-05-25 17:50:46,176 INFO base.py [line:35] 
Now start IO on  linlirbdImg6
2017-05-25 17:50:47,256 INFO client.py [line:126] pid info is 16290
2017-05-25 17:50:47,256 INFO client.py [line:126] pid info is 16291
2017-05-25 17:50:47,256 INFO base.py [line:35] 
Now start IO on  linlirbdImg7
2017-05-25 17:50:48,404 INFO client.py [line:126] pid info is 16323
2017-05-25 17:50:48,404 INFO client.py [line:126] pid info is 16324
2017-05-25 17:50:48,404 INFO base.py [line:35] 
Now start IO on  linlirbdImg8
2017-05-25 17:50:49,611 INFO client.py [line:126] pid info is 16356
2017-05-25 17:50:49,611 INFO client.py [line:126] pid info is 16357
2017-05-25 17:50:49,611 INFO base.py [line:35] 
Now start IO on  linlirbdImg9
2017-05-25 17:50:50,694 INFO client.py [line:126] pid info is 16388
2017-05-25 17:50:50,694 INFO client.py [line:126] pid info is 16389
2017-05-25 17:50:51,209 INFO client.py [line:169] home/denali

2017-05-25 17:50:52,296 INFO client.py [line:147] IO is running
2017-05-25 17:50:52,296 INFO client.py [line:130] Stop io again
2017-05-25 17:50:52,855 INFO client.py [line:133] sudo -i killall fio -s 9 
2017-05-25 17:50:52,855 INFO client.py [line:134] tdin: is not a tty

2017-05-25 17:50:52,855 INFO client.py [line:67] exe command is: sudo -i  mkfs -t ext2 /dev/nbd5
2017-05-25 17:50:54,611 INFO client.py [line:97] fio command is: nohup sudo -i fio -direct=1 -name=nbdfiletest -iodepth=4 -overwrite=1 -nrfiles=100 -ioengine=libaio -bs=8k -rw=randwrite -verify=md5 -verify_fatal=1 -verify_interval=512 -verify_dump=1 -do_verify=1 -directory=/mnt/nbd5 -size=10G
