2017-05-25 17:51:57,601 INFO monitors.py [line:126]    "quorum_leader_name": "osdnode2",

2017-05-25 17:51:57,601 INFO monitors.py [line:129]    "quorum_leader_name": "osdnode2",
2017-05-25 17:51:57,601 INFO base.py [line:35] 
Now start IO on  linlirbdImg0
2017-05-25 17:51:58,622 INFO client.py [line:126] pid info is 16488
2017-05-25 17:51:58,622 INFO client.py [line:126] pid info is 16489
2017-05-25 17:51:58,622 INFO base.py [line:35] 
Now start IO on  linlirbdImg1
2017-05-25 17:51:59,657 INFO client.py [line:126] pid info is 16521
2017-05-25 17:51:59,657 INFO client.py [line:126] pid info is 16522
2017-05-25 17:51:59,657 INFO base.py [line:35] 
Now start IO on  linlirbdImg2
2017-05-25 17:52:00,815 INFO client.py [line:126] pid info is 16554
2017-05-25 17:52:00,815 INFO client.py [line:126] pid info is 16555
2017-05-25 17:52:00,815 INFO base.py [line:35] 
Now start IO on  linlirbdImg3
2017-05-25 17:52:01,835 INFO client.py [line:126] pid info is 16587
2017-05-25 17:52:01,835 INFO client.py [line:126] pid info is 16588
2017-05-25 17:52:01,835 INFO base.py [line:35] 
Now start IO on  linlirbdImg4
2017-05-25 17:52:02,903 INFO client.py [line:126] pid info is 16619
2017-05-25 17:52:02,903 INFO client.py [line:126] pid info is 16620
2017-05-25 17:52:02,903 INFO base.py [line:35] 
Now start IO on  linlirbdImg5
2017-05-25 17:52:04,016 INFO client.py [line:126] pid info is 16652
2017-05-25 17:52:04,016 INFO client.py [line:126] pid info is 16653
2017-05-25 17:52:04,016 INFO base.py [line:35] 
Now start IO on  linlirbdImg6
2017-05-25 17:52:05,066 INFO client.py [line:126] pid info is 16685
2017-05-25 17:52:05,066 INFO client.py [line:126] pid info is 16686
2017-05-25 17:52:05,066 INFO base.py [line:35] 
Now start IO on  linlirbdImg7
2017-05-25 17:52:06,164 INFO client.py [line:126] pid info is 16718
2017-05-25 17:52:06,164 INFO client.py [line:126] pid info is 16719
2017-05-25 17:52:06,164 INFO base.py [line:35] 
Now start IO on  linlirbdImg8
2017-05-25 17:52:07,358 INFO client.py [line:126] pid info is 16751
2017-05-25 17:52:07,361 INFO client.py [line:126] pid info is 16752
2017-05-25 17:52:07,364 INFO base.py [line:35] 
Now start IO on  linlirbdImg9
2017-05-25 17:52:08,611 INFO client.py [line:126] pid info is 16784
2017-05-25 17:52:08,611 INFO client.py [line:126] pid info is 16785
2017-05-25 17:52:09,112 INFO client.py [line:169] home/denali

2017-05-25 17:52:10,368 INFO client.py [line:147] IO is running
2017-05-25 17:52:10,368 INFO client.py [line:130] Stop io again
2017-05-25 17:52:10,961 INFO client.py [line:133] sudo -i killall fio -s 9 
2017-05-25 17:52:10,961 INFO client.py [line:134] tdin: is not a tty

