2017-06-01 13:14:13,875 INFO TC38_osd_out_in_cluster.py [line:25] 
This test case will do the following steps:
1. start IO on 10 images with randwrite and verify
2. login the first node 
3. out all osds in sequence
4. stop all osds in sequence
5. start all osds in sequence
6. add in all osds in sequence
7. check the cluster status
8. repeat step 2-7 on the other node

2017-06-01 13:14:14,878 INFO monitors.py [line:126]    "quorum_leader_name": "ubuntu-238",
stdin: is not a tty

2017-06-01 13:14:14,878 INFO monitors.py [line:129]    "quorum_leader_name": "ubuntu-238",
2017-06-01 13:14:14,878 INFO TC38_osd_out_in_cluster.py [line:30] start to check cluster status before case running
2017-06-01 13:14:14,918 INFO cluster.py [line:211] execute command is ceph -s
2017-06-01 13:14:15,338 INFO cluster.py [line:213]    cluster 3dcaba34-d49b-4025-99c6-d9a43d4b0fda
     health HEALTH_OK
     monmap e1: 1 mons at {ubuntu-238=192.168.28.238:6789/0}
            election epoch 3, quorum 0 ubuntu-238
     osdmap e408: 10 osds: 10 up, 10 in
            flags sortbitwise,require_jewel_osds,require_kraken_osds
      pgmap v1332: 256 pgs, 1 pools, 0 bytes data, 0 objects
            88413 MB used, 6905 GB / 6991 GB avail
                 256 active+clean
2017-06-01 05:14:19.828773 7fec73166700 -1 asok(0x7fec6c000fe0) AdminSocketConfigObs::init: failed: AdminSocket::bind_and_listen: failed to bind the UNIX domain socket to '/var/run/ceph/ceph-client.admin.26641.140653400953216.asok': (13) Permission denied

2017-06-01 13:14:15,348 INFO cluster.py [line:238] PG number is 256
2017-06-01 13:14:15,348 INFO cluster.py [line:239] usefull PG number is 256
2017-06-01 13:14:15,348 INFO TC38_osd_out_in_cluster.py [line:33] health status is OK
2017-06-01 13:14:15,348 INFO TC38_osd_out_in_cluster.py [line:38] 
Step1: Check IO from clients
2017-06-01 13:14:16,334 INFO client.py [line:169] ['enali    4826  4825  0 05:14 ?        00:00:00 bash -c sudo -i ps -ef | grep fio', 'denali    4828  4826  0 05:14 ?        00:00:00 grep fio', 'stdin: is not a tty', '']
2017-06-01 13:14:16,334 INFO client.py [line:174] IO stopped
2017-06-01 13:14:16,334 INFO client.py [line:175] start IO again
2017-06-01 13:14:16,334 INFO base.py [line:37] 
Now start IO on  linlirbdImg0
2017-06-01 13:14:17,019 INFO client.py [line:138] nohup sudo -i fio -direct=1 -iodepth_batch_complete=1 -ioengine=rbd -clientname=linli -pool=reliablityTestPool -rbdname=linlirbdImg0 -rw=randwrite -bs=8K -size=100G -norandommap=1 -randrepeat=0 -verify=md5 -verify_fatal=1 -verify_dump=1 -do_verify=1 -overwrite=1 -iodepth=256 -name=linlirbdImg0
2017-06-01 13:14:17,640 INFO base.py [line:37] 
Now start IO on  linlirbdImg1
2017-06-01 13:14:18,392 INFO client.py [line:138] nohup sudo -i fio -direct=1 -iodepth_batch_complete=1 -ioengine=rbd -clientname=linli -pool=reliablityTestPool -rbdname=linlirbdImg1 -rw=randwrite -bs=8K -size=200G -norandommap=1 -randrepeat=0 -verify=md5 -verify_fatal=1 -verify_dump=1 -do_verify=1 -overwrite=1 -iodepth=256 -name=linlirbdImg1
2017-06-01 13:14:18,979 INFO base.py [line:37] 
Now start IO on  linlirbdImg2
2017-06-01 13:14:19,723 INFO client.py [line:138] nohup sudo -i fio -direct=1 -iodepth_batch_complete=1 -ioengine=rbd -clientname=linli -pool=reliablityTestPool -rbdname=linlirbdImg2 -rw=randwrite -bs=8K -size=300G -norandommap=1 -randrepeat=0 -verify=md5 -verify_fatal=1 -verify_dump=1 -do_verify=1 -overwrite=1 -iodepth=256 -name=linlirbdImg2
2017-06-01 13:14:20,344 INFO base.py [line:37] 
Now start IO on  linlirbdImg3
2017-06-01 13:14:21,079 INFO client.py [line:138] nohup sudo -i fio -direct=1 -iodepth_batch_complete=1 -ioengine=rbd -clientname=linli -pool=reliablityTestPool -rbdname=linlirbdImg3 -rw=randwrite -bs=8K -size=400G -norandommap=1 -randrepeat=0 -verify=md5 -verify_fatal=1 -verify_dump=1 -do_verify=1 -overwrite=1 -iodepth=256 -name=linlirbdImg3
2017-06-01 13:14:21,680 INFO base.py [line:37] 
Now start IO on  linlirbdImg4
2017-06-01 13:14:22,260 INFO client.py [line:138] nohup sudo -i fio -direct=1 -iodepth_batch_complete=1 -ioengine=rbd -clientname=linli -pool=reliablityTestPool -rbdname=linlirbdImg4 -rw=randwrite -bs=8K -size=500G -norandommap=1 -randrepeat=0 -verify=md5 -verify_fatal=1 -verify_dump=1 -do_verify=1 -overwrite=1 -iodepth=256 -name=linlirbdImg4
2017-06-01 13:15:22,871 INFO TC38_osd_out_in_cluster.py [line:46] 
Step 2: Out the osd and check IO
2017-06-01 13:15:22,874 INFO TC38_osd_out_in_cluster.py [line:50] 
Now operate ubuntu-237
2017-06-01 13:15:22,877 INFO TC38_osd_out_in_cluster.py [line:51] 5
2017-06-01 13:15:22,878 INFO TC38_osd_out_in_cluster.py [line:52] 
Now operate osd.5
2017-06-01 13:15:22,878 INFO TC38_osd_out_in_cluster.py [line:53] out osd.5
2017-06-01 13:15:22,878 INFO osd.py [line:62] execute command is sudo -i ceph osd out osd.5 & sleep 3
2017-06-01 13:15:26,157 INFO osd.py [line:67] osd.5 is already out cluster
2017-06-01 13:15:26,157 INFO TC38_osd_out_in_cluster.py [line:55] check if IO error
2017-06-01 13:15:26,732 INFO cluster.py [line:211] execute command is ceph -s
2017-06-01 13:15:27,209 INFO cluster.py [line:213]    cluster 3dcaba34-d49b-4025-99c6-d9a43d4b0fda
     health HEALTH_ERR
            14 pgs are stuck inactive for more than 300 seconds
            14 pgs peering
            14 pgs stuck inactive
     monmap e1: 1 mons at {ubuntu-238=192.168.28.238:6789/0}
            election epoch 3, quorum 0 ubuntu-238
     osdmap e411: 10 osds: 10 up, 9 in
            flags sortbitwise,require_jewel_osds,require_kraken_osds
      pgmap v1335: 256 pgs, 1 pools, 0 bytes data, 0 objects
            79571 MB used, 6214 GB / 6292 GB avail
                 242 active+clean
                  14 peering
2017-06-01 05:15:31.700860 7f4e06fa2700 -1 asok(0x7f4e00000fe0) AdminSocketConfigObs::init: failed: AdminSocket::bind_and_listen: failed to bind the UNIX domain socket to '/var/run/ceph/ceph-client.admin.27313.139972984181120.asok': (13) Permission denied

2017-06-01 13:15:27,219 INFO cluster.py [line:215] Now status is HEALTH_ERR, sleep 60s and try again 
2017-06-01 13:16:27,221 INFO cluster.py [line:211] execute command is ceph -s
2017-06-01 13:16:27,681 INFO cluster.py [line:213]    cluster 3dcaba34-d49b-4025-99c6-d9a43d4b0fda
     health HEALTH_OK
     monmap e1: 1 mons at {ubuntu-238=192.168.28.238:6789/0}
            election epoch 3, quorum 0 ubuntu-238
     osdmap e411: 10 osds: 10 up, 9 in
            flags sortbitwise,require_jewel_osds,require_kraken_osds
      pgmap v1350: 256 pgs, 1 pools, 0 bytes data, 0 objects
            79572 MB used, 6214 GB / 6292 GB avail
                 256 active+clean
2017-06-01 05:16:32.168958 7f915b7b9700 -1 asok(0x7f9154000fe0) AdminSocketConfigObs::init: failed: AdminSocket::bind_and_listen: failed to bind the UNIX domain socket to '/var/run/ceph/ceph-client.admin.27825.140262156276096.asok': (13) Permission denied

2017-06-01 13:16:27,691 INFO cluster.py [line:238] PG number is 256
2017-06-01 13:16:27,691 INFO cluster.py [line:239] usefull PG number is 256
2017-06-01 13:16:27,691 INFO TC38_osd_out_in_cluster.py [line:60] stop osd.5 in cluster successfully
2017-06-01 13:16:27,691 INFO osd.py [line:77] execute command is sudo -i ceph osd in osd.5 & sleep 3
2017-06-01 13:16:30,960 INFO osd.py [line:80] osd.5 is already in cluster
2017-06-01 13:17:01,535 INFO cluster.py [line:211] execute command is ceph -s
2017-06-01 13:17:02,028 INFO cluster.py [line:213]    cluster 3dcaba34-d49b-4025-99c6-d9a43d4b0fda
     health HEALTH_OK
     monmap e1: 1 mons at {ubuntu-238=192.168.28.238:6789/0}
            election epoch 3, quorum 0 ubuntu-238
     osdmap e414: 10 osds: 10 up, 10 in
            flags sortbitwise,require_jewel_osds,require_kraken_osds
      pgmap v1358: 256 pgs, 1 pools, 0 bytes data, 0 objects
            88413 MB used, 6905 GB / 6991 GB avail
                 256 active+clean
2017-06-01 05:17:06.515076 7f15e42b2700 -1 asok(0x7f15dc000fe0) AdminSocketConfigObs::init: failed: AdminSocket::bind_and_listen: failed to bind the UNIX domain socket to '/var/run/ceph/ceph-client.admin.28153.139731862032768.asok': (13) Permission denied

2017-06-01 13:17:02,038 INFO cluster.py [line:238] PG number is 256
2017-06-01 13:17:02,038 INFO cluster.py [line:239] usefull PG number is 256
2017-06-01 13:17:02,038 INFO TC38_osd_out_in_cluster.py [line:98] stop osd.5 in cluster successfully
2017-06-01 13:17:02,038 INFO TC38_osd_out_in_cluster.py [line:50] 
Now operate ubuntu-237
2017-06-01 13:17:02,038 INFO TC38_osd_out_in_cluster.py [line:51] 5
2017-06-01 13:17:02,048 INFO TC38_osd_out_in_cluster.py [line:52] 
Now operate osd.6
2017-06-01 13:17:02,048 INFO TC38_osd_out_in_cluster.py [line:53] out osd.6
2017-06-01 13:17:02,048 INFO osd.py [line:62] execute command is sudo -i ceph osd out osd.6 & sleep 3
2017-06-01 13:17:05,323 INFO osd.py [line:67] osd.6 is already out cluster
2017-06-01 13:17:05,323 INFO TC38_osd_out_in_cluster.py [line:55] check if IO error
2017-06-01 13:17:05,911 INFO cluster.py [line:211] execute command is ceph -s
2017-06-01 13:17:06,431 INFO cluster.py [line:213]    cluster 3dcaba34-d49b-4025-99c6-d9a43d4b0fda
     health HEALTH_ERR
            8 pgs are stuck inactive for more than 300 seconds
            14 pgs peering
            8 pgs stuck inactive
     monmap e1: 1 mons at {ubuntu-238=192.168.28.238:6789/0}
            election epoch 3, quorum 0 ubuntu-238
     osdmap e417: 10 osds: 10 up, 9 in
            flags sortbitwise,require_jewel_osds,require_kraken_osds
      pgmap v1362: 256 pgs, 1 pools, 0 bytes data, 0 objects
            79572 MB used, 6214 GB / 6292 GB avail
                 242 active+clean
                  14 peering
2017-06-01 05:17:10.913966 7f511cf47700 -1 asok(0x7f5118000fe0) AdminSocketConfigObs::init: failed: AdminSocket::bind_and_listen: failed to bind the UNIX domain socket to '/var/run/ceph/ceph-client.admin.28263.139986271736192.asok': (13) Permission denied

2017-06-01 13:17:06,441 INFO cluster.py [line:215] Now status is HEALTH_ERR, sleep 60s and try again 
2017-06-01 13:18:06,444 INFO cluster.py [line:211] execute command is ceph -s
2017-06-01 13:18:06,917 INFO cluster.py [line:213]    cluster 3dcaba34-d49b-4025-99c6-d9a43d4b0fda
     health HEALTH_OK
     monmap e1: 1 mons at {ubuntu-238=192.168.28.238:6789/0}
            election epoch 3, quorum 0 ubuntu-238
     osdmap e417: 10 osds: 10 up, 9 in
            flags sortbitwise,require_jewel_osds,require_kraken_osds
      pgmap v1379: 256 pgs, 1 pools, 0 bytes data, 0 objects
            79572 MB used, 6214 GB / 6292 GB avail
                 256 active+clean
2017-06-01 05:18:11.413603 7fe67c598700 -1 asok(0x7fe674000fe0) AdminSocketConfigObs::init: failed: AdminSocket::bind_and_listen: failed to bind the UNIX domain socket to '/var/run/ceph/ceph-client.admin.28775.140627765367168.asok': (13) Permission denied

2017-06-01 13:18:06,927 INFO cluster.py [line:238] PG number is 256
2017-06-01 13:18:06,927 INFO cluster.py [line:239] usefull PG number is 256
2017-06-01 13:18:06,927 INFO TC38_osd_out_in_cluster.py [line:60] stop osd.6 in cluster successfully
2017-06-01 13:18:06,937 INFO osd.py [line:77] execute command is sudo -i ceph osd in osd.6 & sleep 3
2017-06-01 13:18:10,243 INFO osd.py [line:80] osd.6 is already in cluster
2017-06-01 13:18:40,838 INFO cluster.py [line:211] execute command is ceph -s
2017-06-01 13:18:41,334 INFO cluster.py [line:213]    cluster 3dcaba34-d49b-4025-99c6-d9a43d4b0fda
     health HEALTH_OK
     monmap e1: 1 mons at {ubuntu-238=192.168.28.238:6789/0}
            election epoch 3, quorum 0 ubuntu-238
     osdmap e420: 10 osds: 10 up, 10 in
            flags sortbitwise,require_jewel_osds,require_kraken_osds
      pgmap v1388: 256 pgs, 1 pools, 0 bytes data, 0 objects
            88414 MB used, 6905 GB / 6991 GB avail
                 256 active+clean
2017-06-01 05:18:45.828159 7f9734b7b700 -1 asok(0x7f9730000fe0) AdminSocketConfigObs::init: failed: AdminSocket::bind_and_listen: failed to bind the UNIX domain socket to '/var/run/ceph/ceph-client.admin.29109.140287322100096.asok': (13) Permission denied

2017-06-01 13:18:41,344 INFO cluster.py [line:238] PG number is 256
2017-06-01 13:18:41,344 INFO cluster.py [line:239] usefull PG number is 256
2017-06-01 13:18:41,344 INFO TC38_osd_out_in_cluster.py [line:98] stop osd.6 in cluster successfully
2017-06-01 13:18:41,344 INFO TC38_osd_out_in_cluster.py [line:50] 
Now operate ubuntu-237
2017-06-01 13:18:41,354 INFO TC38_osd_out_in_cluster.py [line:51] 5
2017-06-01 13:18:41,354 INFO TC38_osd_out_in_cluster.py [line:52] 
Now operate osd.7
2017-06-01 13:18:41,354 INFO TC38_osd_out_in_cluster.py [line:53] out osd.7
2017-06-01 13:18:41,354 INFO osd.py [line:62] execute command is sudo -i ceph osd out osd.7 & sleep 3
2017-06-01 13:18:44,615 INFO osd.py [line:67] osd.7 is already out cluster
2017-06-01 13:18:44,615 INFO TC38_osd_out_in_cluster.py [line:55] check if IO error
2017-06-01 13:18:45,305 INFO cluster.py [line:211] execute command is ceph -s
2017-06-01 13:18:45,786 INFO cluster.py [line:213]    cluster 3dcaba34-d49b-4025-99c6-d9a43d4b0fda
     health HEALTH_ERR
            3 pgs are stuck inactive for more than 300 seconds
            9 pgs peering
            3 pgs stuck inactive
     monmap e1: 1 mons at {ubuntu-238=192.168.28.238:6789/0}
            election epoch 3, quorum 0 ubuntu-238
     osdmap e423: 10 osds: 10 up, 9 in
            flags sortbitwise,require_jewel_osds,require_kraken_osds
      pgmap v1392: 256 pgs, 1 pools, 0 bytes data, 0 objects
            79573 MB used, 6214 GB / 6292 GB avail
                 247 active+clean
                   6 remapped+peering
                   3 peering
2017-06-01 05:18:50.278876 7f4b1e59a700 -1 asok(0x7f4b18000fe0) AdminSocketConfigObs::init: failed: AdminSocket::bind_and_listen: failed to bind the UNIX domain socket to '/var/run/ceph/ceph-client.admin.29216.139960501932416.asok': (13) Permission denied

2017-06-01 13:18:45,796 INFO cluster.py [line:215] Now status is HEALTH_ERR, sleep 60s and try again 
2017-06-01 13:19:45,805 INFO cluster.py [line:211] execute command is ceph -s
2017-06-01 13:19:46,325 INFO cluster.py [line:213]    cluster 3dcaba34-d49b-4025-99c6-d9a43d4b0fda
     health HEALTH_OK
     monmap e1: 1 mons at {ubuntu-238=192.168.28.238:6789/0}
            election epoch 3, quorum 0 ubuntu-238
     osdmap e423: 10 osds: 10 up, 9 in
            flags sortbitwise,require_jewel_osds,require_kraken_osds
      pgmap v1408: 256 pgs, 1 pools, 0 bytes data, 0 objects
            79573 MB used, 6214 GB / 6292 GB avail
                 256 active+clean
2017-06-01 05:19:50.808113 7f44f2ca6700 -1 asok(0x7f44ec000fe0) AdminSocketConfigObs::init: failed: AdminSocket::bind_and_listen: failed to bind the UNIX domain socket to '/var/run/ceph/ceph-client.admin.29734.139933993931136.asok': (13) Permission denied

2017-06-01 13:19:46,335 INFO cluster.py [line:238] PG number is 256
2017-06-01 13:19:46,335 INFO cluster.py [line:239] usefull PG number is 256
2017-06-01 13:19:46,335 INFO TC38_osd_out_in_cluster.py [line:60] stop osd.7 in cluster successfully
2017-06-01 13:19:46,335 INFO osd.py [line:77] execute command is sudo -i ceph osd in osd.7 & sleep 3
2017-06-01 13:19:49,612 INFO osd.py [line:80] osd.7 is already in cluster
2017-06-01 13:20:20,194 INFO cluster.py [line:211] execute command is ceph -s
2017-06-01 13:20:20,736 INFO cluster.py [line:213]    cluster 3dcaba34-d49b-4025-99c6-d9a43d4b0fda
     health HEALTH_OK
     monmap e1: 1 mons at {ubuntu-238=192.168.28.238:6789/0}
            election epoch 3, quorum 0 ubuntu-238
     osdmap e426: 10 osds: 10 up, 10 in
            flags sortbitwise,require_jewel_osds,require_kraken_osds
      pgmap v1417: 256 pgs, 1 pools, 0 bytes data, 0 objects
            88415 MB used, 6905 GB / 6991 GB avail
                 256 active+clean
2017-06-01 05:20:25.229090 7fea82b2c700 -1 asok(0x7fea7c000fe0) AdminSocketConfigObs::init: failed: AdminSocket::bind_and_listen: failed to bind the UNIX domain socket to '/var/run/ceph/ceph-client.admin.30082.140645079454080.asok': (13) Permission denied

2017-06-01 13:20:20,736 INFO cluster.py [line:238] PG number is 256
2017-06-01 13:20:20,746 INFO cluster.py [line:239] usefull PG number is 256
2017-06-01 13:20:20,746 INFO TC38_osd_out_in_cluster.py [line:98] stop osd.7 in cluster successfully
2017-06-01 13:20:20,746 INFO TC38_osd_out_in_cluster.py [line:50] 
Now operate ubuntu-237
2017-06-01 13:20:20,746 INFO TC38_osd_out_in_cluster.py [line:51] 5
2017-06-01 13:20:20,756 INFO TC38_osd_out_in_cluster.py [line:52] 
Now operate osd.8
2017-06-01 13:20:20,756 INFO TC38_osd_out_in_cluster.py [line:53] out osd.8
2017-06-01 13:20:20,756 INFO osd.py [line:62] execute command is sudo -i ceph osd out osd.8 & sleep 3
2017-06-01 13:20:27,043 INFO osd.py [line:67] osd.8 is already out cluster
2017-06-01 13:20:27,043 INFO TC38_osd_out_in_cluster.py [line:55] check if IO error
2017-06-01 13:20:27,767 INFO cluster.py [line:211] execute command is ceph -s
2017-06-01 13:20:28,237 INFO cluster.py [line:213]    cluster 3dcaba34-d49b-4025-99c6-d9a43d4b0fda
     health HEALTH_ERR
            10 pgs are stuck inactive for more than 300 seconds
            10 pgs peering
            10 pgs stuck inactive
     monmap e1: 1 mons at {ubuntu-238=192.168.28.238:6789/0}
            election epoch 3, quorum 0 ubuntu-238
     osdmap e429: 10 osds: 10 up, 9 in
            flags sortbitwise,require_jewel_osds,require_kraken_osds
      pgmap v1421: 256 pgs, 1 pools, 0 bytes data, 0 objects
            79573 MB used, 6214 GB / 6292 GB avail
                 246 active+clean
                  10 remapped+peering
2017-06-01 05:20:32.737219 7f3ddacc5700 -1 asok(0x7f3dd4000fe0) AdminSocketConfigObs::init: failed: AdminSocket::bind_and_listen: failed to bind the UNIX domain socket to '/var/run/ceph/ceph-client.admin.30230.139903526506880.asok': (13) Permission denied

2017-06-01 13:20:28,247 INFO cluster.py [line:215] Now status is HEALTH_ERR, sleep 60s and try again 
2017-06-01 13:21:28,249 INFO cluster.py [line:211] execute command is ceph -s
2017-06-01 13:21:28,729 INFO cluster.py [line:213]    cluster 3dcaba34-d49b-4025-99c6-d9a43d4b0fda
     health HEALTH_OK
     monmap e1: 1 mons at {ubuntu-238=192.168.28.238:6789/0}
            election epoch 3, quorum 0 ubuntu-238
     osdmap e429: 10 osds: 10 up, 9 in
            flags sortbitwise,require_jewel_osds,require_kraken_osds
      pgmap v1437: 256 pgs, 1 pools, 0 bytes data, 0 objects
            79574 MB used, 6214 GB / 6292 GB avail
                 256 active+clean
2017-06-01 05:21:33.223340 7f81997f0700 -1 asok(0x7f8194000fe0) AdminSocketConfigObs::init: failed: AdminSocket::bind_and_listen: failed to bind the UNIX domain socket to '/var/run/ceph/ceph-client.admin.30755.140194510541184.asok': (13) Permission denied

2017-06-01 13:21:28,729 INFO cluster.py [line:238] PG number is 256
2017-06-01 13:21:28,739 INFO cluster.py [line:239] usefull PG number is 256
2017-06-01 13:21:28,739 INFO TC38_osd_out_in_cluster.py [line:60] stop osd.8 in cluster successfully
2017-06-01 13:21:28,739 INFO osd.py [line:77] execute command is sudo -i ceph osd in osd.8 & sleep 3
2017-06-01 13:21:32,048 INFO osd.py [line:80] osd.8 is already in cluster
2017-06-01 13:22:02,650 INFO cluster.py [line:211] execute command is ceph -s
2017-06-01 13:22:03,157 INFO cluster.py [line:213]    cluster 3dcaba34-d49b-4025-99c6-d9a43d4b0fda
     health HEALTH_OK
     monmap e1: 1 mons at {ubuntu-238=192.168.28.238:6789/0}
            election epoch 3, quorum 0 ubuntu-238
     osdmap e432: 10 osds: 10 up, 10 in
            flags sortbitwise,require_jewel_osds,require_kraken_osds
      pgmap v1448: 256 pgs, 1 pools, 0 bytes data, 0 objects
            88416 MB used, 6905 GB / 6991 GB avail
                 256 active+clean
2017-06-01 05:22:07.659224 7f6d95f1a700 -1 asok(0x7f6d90000fe0) AdminSocketConfigObs::init: failed: AdminSocket::bind_and_listen: failed to bind the UNIX domain socket to '/var/run/ceph/ceph-client.admin.31103.140108544086400.asok': (13) Permission denied

2017-06-01 13:22:03,167 INFO cluster.py [line:238] PG number is 256
2017-06-01 13:22:03,167 INFO cluster.py [line:239] usefull PG number is 256
2017-06-01 13:22:03,167 INFO TC38_osd_out_in_cluster.py [line:98] stop osd.8 in cluster successfully
2017-06-01 13:22:03,167 INFO TC38_osd_out_in_cluster.py [line:50] 
Now operate ubuntu-237
2017-06-01 13:22:03,177 INFO TC38_osd_out_in_cluster.py [line:51] 5
2017-06-01 13:22:03,177 INFO TC38_osd_out_in_cluster.py [line:52] 
Now operate osd.9
2017-06-01 13:22:03,177 INFO TC38_osd_out_in_cluster.py [line:53] out osd.9
2017-06-01 13:22:03,177 INFO osd.py [line:62] execute command is sudo -i ceph osd out osd.9 & sleep 3
2017-06-01 13:22:06,506 INFO osd.py [line:67] osd.9 is already out cluster
2017-06-01 13:22:06,506 INFO TC38_osd_out_in_cluster.py [line:55] check if IO error
2017-06-01 13:22:07,140 INFO cluster.py [line:211] execute command is ceph -s
2017-06-01 13:22:07,640 INFO cluster.py [line:213]    cluster 3dcaba34-d49b-4025-99c6-d9a43d4b0fda
     health HEALTH_ERR
            7 pgs are stuck inactive for more than 300 seconds
            7 pgs peering
            7 pgs stuck inactive
     monmap e1: 1 mons at {ubuntu-238=192.168.28.238:6789/0}
            election epoch 3, quorum 0 ubuntu-238
     osdmap e435: 10 osds: 10 up, 9 in
            flags sortbitwise,require_jewel_osds,require_kraken_osds
      pgmap v1451: 256 pgs, 1 pools, 0 bytes data, 0 objects
            79574 MB used, 6214 GB / 6292 GB avail
                 249 active+clean
                   7 remapped+peering
2017-06-01 05:22:12.139977 7f57f053f700 -1 asok(0x7f57e8000fe0) AdminSocketConfigObs::init: failed: AdminSocket::bind_and_listen: failed to bind the UNIX domain socket to '/var/run/ceph/ceph-client.admin.31188.140015531200896.asok': (13) Permission denied

2017-06-01 13:22:07,640 INFO cluster.py [line:215] Now status is HEALTH_ERR, sleep 60s and try again 
2017-06-01 13:23:07,658 INFO cluster.py [line:211] execute command is ceph -s
2017-06-01 13:23:08,150 INFO cluster.py [line:213]    cluster 3dcaba34-d49b-4025-99c6-d9a43d4b0fda
     health HEALTH_OK
     monmap e1: 1 mons at {ubuntu-238=192.168.28.238:6789/0}
            election epoch 3, quorum 0 ubuntu-238
     osdmap e435: 10 osds: 10 up, 9 in
            flags sortbitwise,require_jewel_osds,require_kraken_osds
      pgmap v1468: 256 pgs, 1 pools, 0 bytes data, 0 objects
            79574 MB used, 6214 GB / 6292 GB avail
                 256 active+clean
2017-06-01 05:23:12.651281 7f43b68a4700 -1 asok(0x7f43b0000fe0) AdminSocketConfigObs::init: failed: AdminSocket::bind_and_listen: failed to bind the UNIX domain socket to '/var/run/ceph/ceph-client.admin.31699.139928692330880.asok': (13) Permission denied

2017-06-01 13:23:08,160 INFO cluster.py [line:238] PG number is 256
2017-06-01 13:23:08,170 INFO cluster.py [line:239] usefull PG number is 256
2017-06-01 13:23:08,170 INFO TC38_osd_out_in_cluster.py [line:60] stop osd.9 in cluster successfully
2017-06-01 13:23:08,170 INFO osd.py [line:77] execute command is sudo -i ceph osd in osd.9 & sleep 3
2017-06-01 13:23:11,436 INFO osd.py [line:80] osd.9 is already in cluster
2017-06-01 13:23:42,046 INFO cluster.py [line:211] execute command is ceph -s
2017-06-01 13:23:42,536 INFO cluster.py [line:213]    cluster 3dcaba34-d49b-4025-99c6-d9a43d4b0fda
     health HEALTH_OK
     monmap e1: 1 mons at {ubuntu-238=192.168.28.238:6789/0}
            election epoch 3, quorum 0 ubuntu-238
     osdmap e438: 10 osds: 10 up, 10 in
            flags sortbitwise,require_jewel_osds,require_kraken_osds
      pgmap v1476: 256 pgs, 1 pools, 0 bytes data, 0 objects
            88416 MB used, 6905 GB / 6991 GB avail
                 256 active+clean
2017-06-01 05:23:47.038760 7f7c0d548700 -1 asok(0x7f7c08000fe0) AdminSocketConfigObs::init: failed: AdminSocket::bind_and_listen: failed to bind the UNIX domain socket to '/var/run/ceph/ceph-client.admin.32048.140170686894464.asok': (13) Permission denied

2017-06-01 13:23:42,536 INFO cluster.py [line:238] PG number is 256
2017-06-01 13:23:42,546 INFO cluster.py [line:239] usefull PG number is 256
2017-06-01 13:23:42,546 INFO TC38_osd_out_in_cluster.py [line:98] stop osd.9 in cluster successfully
2017-06-01 13:23:42,546 INFO TC38_osd_out_in_cluster.py [line:50] 
Now operate ubuntu-238
2017-06-01 13:23:42,546 INFO TC38_osd_out_in_cluster.py [line:51] 5
2017-06-01 13:23:42,555 INFO TC38_osd_out_in_cluster.py [line:52] 
Now operate osd.0
2017-06-01 13:23:42,555 INFO TC38_osd_out_in_cluster.py [line:53] out osd.0
2017-06-01 13:23:42,555 INFO osd.py [line:62] execute command is sudo -i ceph osd out osd.0 & sleep 3
2017-06-01 13:23:45,822 INFO osd.py [line:67] osd.0 is already out cluster
2017-06-01 13:23:45,822 INFO TC38_osd_out_in_cluster.py [line:55] check if IO error
2017-06-01 13:23:46,411 INFO cluster.py [line:211] execute command is ceph -s
2017-06-01 13:23:46,892 INFO cluster.py [line:213]    cluster 3dcaba34-d49b-4025-99c6-d9a43d4b0fda
     health HEALTH_ERR
            7 pgs are stuck inactive for more than 300 seconds
            20 pgs peering
            7 pgs stuck inactive
     monmap e1: 1 mons at {ubuntu-238=192.168.28.238:6789/0}
            election epoch 3, quorum 0 ubuntu-238
     osdmap e441: 10 osds: 10 up, 9 in
            flags sortbitwise,require_jewel_osds,require_kraken_osds
      pgmap v1479: 256 pgs, 1 pools, 0 bytes data, 0 objects
            79575 MB used, 6214 GB / 6292 GB avail
                 236 active+clean
                  13 remapped+peering
                   7 peering
2017-06-01 05:23:51.421573 7f4249d1b700 -1 asok(0x7f4244000fe0) AdminSocketConfigObs::init: failed: AdminSocket::bind_and_listen: failed to bind the UNIX domain socket to '/var/run/ceph/ceph-client.admin.15018.139922585424256.asok': (13) Permission denied

2017-06-01 13:23:46,903 INFO cluster.py [line:215] Now status is HEALTH_ERR, sleep 60s and try again 
2017-06-01 13:24:46,908 INFO cluster.py [line:211] execute command is ceph -s
2017-06-01 13:24:47,378 INFO cluster.py [line:213]    cluster 3dcaba34-d49b-4025-99c6-d9a43d4b0fda
     health HEALTH_OK
     monmap e1: 1 mons at {ubuntu-238=192.168.28.238:6789/0}
            election epoch 3, quorum 0 ubuntu-238
     osdmap e441: 10 osds: 10 up, 9 in
            flags sortbitwise,require_jewel_osds,require_kraken_osds
      pgmap v1495: 256 pgs, 1 pools, 0 bytes data, 0 objects
            79575 MB used, 6214 GB / 6292 GB avail
                 256 active+clean
2017-06-01 05:24:51.892874 7f57b5768700 -1 asok(0x7f57b0000fe0) AdminSocketConfigObs::init: failed: AdminSocket::bind_and_listen: failed to bind the UNIX domain socket to '/var/run/ceph/ceph-client.admin.15535.140014591676800.asok': (13) Permission denied

2017-06-01 13:24:47,378 INFO cluster.py [line:238] PG number is 256
2017-06-01 13:24:47,388 INFO cluster.py [line:239] usefull PG number is 256
2017-06-01 13:24:47,388 INFO TC38_osd_out_in_cluster.py [line:60] stop osd.0 in cluster successfully
2017-06-01 13:24:47,388 INFO osd.py [line:77] execute command is sudo -i ceph osd in osd.0 & sleep 3
2017-06-01 13:24:50,661 INFO osd.py [line:80] osd.0 is already in cluster
2017-06-01 13:25:21,273 INFO cluster.py [line:211] execute command is ceph -s
2017-06-01 13:25:21,859 INFO cluster.py [line:213]    cluster 3dcaba34-d49b-4025-99c6-d9a43d4b0fda
     health HEALTH_OK
     monmap e1: 1 mons at {ubuntu-238=192.168.28.238:6789/0}
            election epoch 3, quorum 0 ubuntu-238
     osdmap e444: 10 osds: 10 up, 10 in
            flags sortbitwise,require_jewel_osds,require_kraken_osds
      pgmap v1504: 256 pgs, 1 pools, 0 bytes data, 0 objects
            88417 MB used, 6905 GB / 6991 GB avail
                 256 active+clean
2017-06-01 05:25:26.251620 7f2d13d92700 -1 asok(0x7f2d0c000fe0) AdminSocketConfigObs::init: failed: AdminSocket::bind_and_listen: failed to bind the UNIX domain socket to '/var/run/ceph/ceph-client.admin.15887.139831451586944.asok': (13) Permission denied

2017-06-01 13:25:21,859 INFO cluster.py [line:238] PG number is 256
2017-06-01 13:25:21,869 INFO cluster.py [line:239] usefull PG number is 256
2017-06-01 13:25:21,869 INFO TC38_osd_out_in_cluster.py [line:98] stop osd.0 in cluster successfully
2017-06-01 13:25:21,869 INFO TC38_osd_out_in_cluster.py [line:50] 
Now operate ubuntu-238
2017-06-01 13:25:21,869 INFO TC38_osd_out_in_cluster.py [line:51] 5
2017-06-01 13:25:21,880 INFO TC38_osd_out_in_cluster.py [line:52] 
Now operate osd.1
2017-06-01 13:25:21,880 INFO TC38_osd_out_in_cluster.py [line:53] out osd.1
2017-06-01 13:25:21,880 INFO osd.py [line:62] execute command is sudo -i ceph osd out osd.1 & sleep 3
2017-06-01 13:25:25,165 INFO osd.py [line:67] osd.1 is already out cluster
2017-06-01 13:25:25,165 INFO TC38_osd_out_in_cluster.py [line:55] check if IO error
2017-06-01 13:25:25,796 INFO cluster.py [line:211] execute command is ceph -s
2017-06-01 13:25:26,369 INFO cluster.py [line:213]    cluster 3dcaba34-d49b-4025-99c6-d9a43d4b0fda
     health HEALTH_ERR
            6 pgs are stuck inactive for more than 300 seconds
            14 pgs peering
            6 pgs stuck inactive
     monmap e1: 1 mons at {ubuntu-238=192.168.28.238:6789/0}
            election epoch 3, quorum 0 ubuntu-238
     osdmap e447: 10 osds: 10 up, 9 in
            flags sortbitwise,require_jewel_osds,require_kraken_osds
      pgmap v1508: 256 pgs, 1 pools, 0 bytes data, 0 objects
            79575 MB used, 6214 GB / 6292 GB avail
                 242 active+clean
                  14 peering
2017-06-01 05:25:30.874512 7ff5c9794700 -1 asok(0x7ff5c4000fe0) AdminSocketConfigObs::init: failed: AdminSocket::bind_and_listen: failed to bind the UNIX domain socket to '/var/run/ceph/ceph-client.admin.15996.140693532053888.asok': (13) Permission denied

2017-06-01 13:25:26,380 INFO cluster.py [line:215] Now status is HEALTH_ERR, sleep 60s and try again 
2017-06-01 13:26:26,381 INFO cluster.py [line:211] execute command is ceph -s
2017-06-01 13:26:27,311 INFO cluster.py [line:213]    cluster 3dcaba34-d49b-4025-99c6-d9a43d4b0fda
     health HEALTH_OK
     monmap e1: 1 mons at {ubuntu-238=192.168.28.238:6789/0}
            election epoch 3, quorum 0 ubuntu-238
     osdmap e447: 10 osds: 10 up, 9 in
            flags sortbitwise,require_jewel_osds,require_kraken_osds
      pgmap v1523: 256 pgs, 1 pools, 0 bytes data, 0 objects
            79576 MB used, 6214 GB / 6292 GB avail
                 256 active+clean
2017-06-01 05:26:31.842881 7f58a2d14700 -1 asok(0x7f589c000fe0) AdminSocketConfigObs::init: failed: AdminSocket::bind_and_listen: failed to bind the UNIX domain socket to '/var/run/ceph/ceph-client.admin.16514.140018551099776.asok': (13) Permission denied

2017-06-01 13:26:27,311 INFO cluster.py [line:238] PG number is 256
2017-06-01 13:26:27,311 INFO cluster.py [line:239] usefull PG number is 256
2017-06-01 13:26:27,321 INFO TC38_osd_out_in_cluster.py [line:60] stop osd.1 in cluster successfully
2017-06-01 13:26:27,321 INFO osd.py [line:77] execute command is sudo -i ceph osd in osd.1 & sleep 3
2017-06-01 13:26:30,601 INFO osd.py [line:80] osd.1 is already in cluster
2017-06-01 13:27:01,151 INFO cluster.py [line:211] execute command is ceph -s
2017-06-01 13:27:01,605 INFO cluster.py [line:213]    cluster 3dcaba34-d49b-4025-99c6-d9a43d4b0fda
     health HEALTH_OK
     monmap e1: 1 mons at {ubuntu-238=192.168.28.238:6789/0}
            election epoch 3, quorum 0 ubuntu-238
     osdmap e450: 10 osds: 10 up, 10 in
            flags sortbitwise,require_jewel_osds,require_kraken_osds
      pgmap v1533: 256 pgs, 1 pools, 0 bytes data, 0 objects
            88418 MB used, 6905 GB / 6991 GB avail
                 256 active+clean
2017-06-01 05:27:06.145707 7f09ad0b6700 -1 asok(0x7f09a8000fe0) AdminSocketConfigObs::init: failed: AdminSocket::bind_and_listen: failed to bind the UNIX domain socket to '/var/run/ceph/ceph-client.admin.16863.139679450009984.asok': (13) Permission denied

2017-06-01 13:27:01,615 INFO cluster.py [line:238] PG number is 256
2017-06-01 13:27:01,615 INFO cluster.py [line:239] usefull PG number is 256
2017-06-01 13:27:01,615 INFO TC38_osd_out_in_cluster.py [line:98] stop osd.1 in cluster successfully
2017-06-01 13:27:01,615 INFO TC38_osd_out_in_cluster.py [line:50] 
Now operate ubuntu-238
2017-06-01 13:27:01,615 INFO TC38_osd_out_in_cluster.py [line:51] 5
2017-06-01 13:27:01,625 INFO TC38_osd_out_in_cluster.py [line:52] 
Now operate osd.2
2017-06-01 13:27:01,625 INFO TC38_osd_out_in_cluster.py [line:53] out osd.2
2017-06-01 13:27:01,625 INFO osd.py [line:62] execute command is sudo -i ceph osd out osd.2 & sleep 3
2017-06-01 13:27:04,895 INFO osd.py [line:67] osd.2 is already out cluster
2017-06-01 13:27:04,895 INFO TC38_osd_out_in_cluster.py [line:55] check if IO error
2017-06-01 13:27:05,480 INFO cluster.py [line:211] execute command is ceph -s
2017-06-01 13:27:05,979 INFO cluster.py [line:213]    cluster 3dcaba34-d49b-4025-99c6-d9a43d4b0fda
     health HEALTH_ERR
            7 pgs are stuck inactive for more than 300 seconds
            19 pgs peering
            7 pgs stuck inactive
     monmap e1: 1 mons at {ubuntu-238=192.168.28.238:6789/0}
            election epoch 3, quorum 0 ubuntu-238
     osdmap e453: 10 osds: 10 up, 9 in
            flags sortbitwise,require_jewel_osds,require_kraken_osds
      pgmap v1536: 256 pgs, 1 pools, 0 bytes data, 0 objects
            79576 MB used, 6214 GB / 6292 GB avail
                 237 active+clean
                  19 peering
2017-06-01 05:27:10.504798 7fdda68ec700 -1 asok(0x7fdda0000fe0) AdminSocketConfigObs::init: failed: AdminSocket::bind_and_listen: failed to bind the UNIX domain socket to '/var/run/ceph/ceph-client.admin.16972.140589848859008.asok': (13) Permission denied

2017-06-01 13:27:05,979 INFO cluster.py [line:215] Now status is HEALTH_ERR, sleep 60s and try again 
2017-06-01 13:28:05,993 INFO cluster.py [line:211] execute command is ceph -s
2017-06-01 13:28:06,463 INFO cluster.py [line:213]    cluster 3dcaba34-d49b-4025-99c6-d9a43d4b0fda
     health HEALTH_OK
     monmap e1: 1 mons at {ubuntu-238=192.168.28.238:6789/0}
            election epoch 3, quorum 0 ubuntu-238
     osdmap e453: 10 osds: 10 up, 9 in
            flags sortbitwise,require_jewel_osds,require_kraken_osds
      pgmap v1551: 256 pgs, 1 pools, 0 bytes data, 0 objects
            79576 MB used, 6214 GB / 6292 GB avail
                 256 active+clean
2017-06-01 05:28:11.009124 7fec2de71700 -1 asok(0x7fec28000fe0) AdminSocketConfigObs::init: failed: AdminSocket::bind_and_listen: failed to bind the UNIX domain socket to '/var/run/ceph/ceph-client.admin.17490.140652260102528.asok': (13) Permission denied

2017-06-01 13:28:06,473 INFO cluster.py [line:238] PG number is 256
2017-06-01 13:28:06,473 INFO cluster.py [line:239] usefull PG number is 256
2017-06-01 13:28:06,473 INFO TC38_osd_out_in_cluster.py [line:60] stop osd.2 in cluster successfully
2017-06-01 13:28:06,483 INFO osd.py [line:77] execute command is sudo -i ceph osd in osd.2 & sleep 3
2017-06-01 13:28:09,744 INFO osd.py [line:80] osd.2 is already in cluster
2017-06-01 13:28:40,378 INFO cluster.py [line:211] execute command is ceph -s
2017-06-01 13:28:40,948 INFO cluster.py [line:213]    cluster 3dcaba34-d49b-4025-99c6-d9a43d4b0fda
     health HEALTH_OK
     monmap e1: 1 mons at {ubuntu-238=192.168.28.238:6789/0}
            election epoch 3, quorum 0 ubuntu-238
     osdmap e456: 10 osds: 10 up, 10 in
            flags sortbitwise,require_jewel_osds,require_kraken_osds
      pgmap v1560: 256 pgs, 1 pools, 0 bytes data, 0 objects
            88419 MB used, 6905 GB / 6991 GB avail
                 256 active+clean
2017-06-01 05:28:45.388299 7ff011317700 -1 asok(0x7ff00c000fe0) AdminSocketConfigObs::init: failed: AdminSocket::bind_and_listen: failed to bind the UNIX domain socket to '/var/run/ceph/ceph-client.admin.17839.140668970209664.asok': (13) Permission denied

2017-06-01 13:28:40,948 INFO cluster.py [line:238] PG number is 256
2017-06-01 13:28:40,959 INFO cluster.py [line:239] usefull PG number is 256
2017-06-01 13:28:40,959 INFO TC38_osd_out_in_cluster.py [line:98] stop osd.2 in cluster successfully
2017-06-01 13:28:40,959 INFO TC38_osd_out_in_cluster.py [line:50] 
Now operate ubuntu-238
2017-06-01 13:28:40,959 INFO TC38_osd_out_in_cluster.py [line:51] 5
2017-06-01 13:28:40,959 INFO TC38_osd_out_in_cluster.py [line:52] 
Now operate osd.3
2017-06-01 13:28:40,969 INFO TC38_osd_out_in_cluster.py [line:53] out osd.3
2017-06-01 13:28:40,969 INFO osd.py [line:62] execute command is sudo -i ceph osd out osd.3 & sleep 3
2017-06-01 13:28:44,270 INFO osd.py [line:67] osd.3 is already out cluster
2017-06-01 13:28:44,270 INFO TC38_osd_out_in_cluster.py [line:55] check if IO error
2017-06-01 13:28:44,875 INFO cluster.py [line:211] execute command is ceph -s
2017-06-01 13:28:45,368 INFO cluster.py [line:213]    cluster 3dcaba34-d49b-4025-99c6-d9a43d4b0fda
     health HEALTH_ERR
            7 pgs are stuck inactive for more than 300 seconds
            16 pgs peering
            7 pgs stuck inactive
     monmap e1: 1 mons at {ubuntu-238=192.168.28.238:6789/0}
            election epoch 3, quorum 0 ubuntu-238
     osdmap e459: 10 osds: 10 up, 9 in
            flags sortbitwise,require_jewel_osds,require_kraken_osds
      pgmap v1564: 256 pgs, 1 pools, 0 bytes data, 0 objects
            79577 MB used, 6214 GB / 6292 GB avail
                 240 active+clean
                  16 remapped+peering
2017-06-01 05:28:49.905847 7f0565226700 -1 asok(0x7f0560000fe0) AdminSocketConfigObs::init: failed: AdminSocket::bind_and_listen: failed to bind the UNIX domain socket to '/var/run/ceph/ceph-client.admin.17948.139661062181248.asok': (13) Permission denied

2017-06-01 13:28:45,378 INFO cluster.py [line:215] Now status is HEALTH_ERR, sleep 60s and try again 
2017-06-01 13:29:45,378 INFO cluster.py [line:211] execute command is ceph -s
2017-06-01 13:29:45,848 INFO cluster.py [line:213]    cluster 3dcaba34-d49b-4025-99c6-d9a43d4b0fda
     health HEALTH_OK
     monmap e1: 1 mons at {ubuntu-238=192.168.28.238:6789/0}
            election epoch 3, quorum 0 ubuntu-238
     osdmap e459: 10 osds: 10 up, 9 in
            flags sortbitwise,require_jewel_osds,require_kraken_osds
      pgmap v1580: 256 pgs, 1 pools, 0 bytes data, 0 objects
            79577 MB used, 6214 GB / 6292 GB avail
                 256 active+clean
2017-06-01 05:29:50.381850 7f0b85978700 -1 asok(0x7f0b80000fe0) AdminSocketConfigObs::init: failed: AdminSocket::bind_and_listen: failed to bind the UNIX domain socket to '/var/run/ceph/ceph-client.admin.18459.139687368855936.asok': (13) Permission denied

2017-06-01 13:29:45,858 INFO cluster.py [line:238] PG number is 256
2017-06-01 13:29:45,858 INFO cluster.py [line:239] usefull PG number is 256
2017-06-01 13:29:45,858 INFO TC38_osd_out_in_cluster.py [line:60] stop osd.3 in cluster successfully
2017-06-01 13:29:45,858 INFO osd.py [line:77] execute command is sudo -i ceph osd in osd.3 & sleep 3
2017-06-01 13:29:49,138 INFO osd.py [line:80] osd.3 is already in cluster
2017-06-01 13:30:19,766 INFO cluster.py [line:211] execute command is ceph -s
2017-06-01 13:30:20,229 INFO cluster.py [line:213]    cluster 3dcaba34-d49b-4025-99c6-d9a43d4b0fda
     health HEALTH_OK
     monmap e1: 1 mons at {ubuntu-238=192.168.28.238:6789/0}
            election epoch 3, quorum 0 ubuntu-238
     osdmap e462: 10 osds: 10 up, 10 in
            flags sortbitwise,require_jewel_osds,require_kraken_osds
      pgmap v1588: 256 pgs, 1 pools, 0 bytes data, 0 objects
            88420 MB used, 6905 GB / 6991 GB avail
                 256 active+clean
2017-06-01 05:30:24.759951 7fa404969700 -1 asok(0x7fa400000fe0) AdminSocketConfigObs::init: failed: AdminSocket::bind_and_listen: failed to bind the UNIX domain socket to '/var/run/ceph/ceph-client.admin.18807.140342351368576.asok': (13) Permission denied

2017-06-01 13:30:20,229 INFO cluster.py [line:238] PG number is 256
2017-06-01 13:30:20,239 INFO cluster.py [line:239] usefull PG number is 256
2017-06-01 13:30:20,239 INFO TC38_osd_out_in_cluster.py [line:98] stop osd.3 in cluster successfully
2017-06-01 13:30:20,239 INFO TC38_osd_out_in_cluster.py [line:50] 
Now operate ubuntu-238
2017-06-01 13:30:20,239 INFO TC38_osd_out_in_cluster.py [line:51] 5
2017-06-01 13:30:20,239 INFO TC38_osd_out_in_cluster.py [line:52] 
Now operate osd.4
2017-06-01 13:30:20,249 INFO TC38_osd_out_in_cluster.py [line:53] out osd.4
2017-06-01 13:30:20,249 INFO osd.py [line:62] execute command is sudo -i ceph osd out osd.4 & sleep 3
2017-06-01 13:30:23,523 INFO osd.py [line:67] osd.4 is already out cluster
2017-06-01 13:30:23,523 INFO TC38_osd_out_in_cluster.py [line:55] check if IO error
2017-06-01 13:30:24,131 INFO cluster.py [line:211] execute command is ceph -s
2017-06-01 13:30:24,611 INFO cluster.py [line:213]    cluster 3dcaba34-d49b-4025-99c6-d9a43d4b0fda
     health HEALTH_ERR
            14 pgs are stuck inactive for more than 300 seconds
            21 pgs peering
            14 pgs stuck inactive
     monmap e1: 1 mons at {ubuntu-238=192.168.28.238:6789/0}
            election epoch 3, quorum 0 ubuntu-238
     osdmap e465: 10 osds: 10 up, 9 in
            flags sortbitwise,require_jewel_osds,require_kraken_osds
      pgmap v1592: 256 pgs, 1 pools, 0 bytes data, 0 objects
            79578 MB used, 6214 GB / 6292 GB avail
                 235 active+clean
                  13 remapped+peering
                   8 peering
2017-06-01 05:30:29.143778 7fcd6f21f700 -1 asok(0x7fcd68000fe0) AdminSocketConfigObs::init: failed: AdminSocket::bind_and_listen: failed to bind the UNIX domain socket to '/var/run/ceph/ceph-client.admin.18915.140520189858176.asok': (13) Permission denied

2017-06-01 13:30:24,621 INFO cluster.py [line:215] Now status is HEALTH_ERR, sleep 60s and try again 
2017-06-01 13:31:24,624 INFO cluster.py [line:211] execute command is ceph -s
2017-06-01 13:31:25,104 INFO cluster.py [line:213]    cluster 3dcaba34-d49b-4025-99c6-d9a43d4b0fda
     health HEALTH_OK
     monmap e1: 1 mons at {ubuntu-238=192.168.28.238:6789/0}
            election epoch 3, quorum 0 ubuntu-238
     osdmap e465: 10 osds: 10 up, 9 in
            flags sortbitwise,require_jewel_osds,require_kraken_osds
      pgmap v1608: 256 pgs, 1 pools, 0 bytes data, 0 objects
            79578 MB used, 6214 GB / 6292 GB avail
                 256 active+clean
2017-06-01 05:31:29.640444 7f54376a5700 -1 asok(0x7f5430000fe0) AdminSocketConfigObs::init: failed: AdminSocket::bind_and_listen: failed to bind the UNIX domain socket to '/var/run/ceph/ceph-client.admin.19428.139999559291264.asok': (13) Permission denied

2017-06-01 13:31:25,104 INFO cluster.py [line:238] PG number is 256
2017-06-01 13:31:25,114 INFO cluster.py [line:239] usefull PG number is 256
2017-06-01 13:31:25,114 INFO TC38_osd_out_in_cluster.py [line:60] stop osd.4 in cluster successfully
2017-06-01 13:31:25,114 INFO osd.py [line:77] execute command is sudo -i ceph osd in osd.4 & sleep 3
2017-06-01 13:31:28,398 INFO osd.py [line:80] osd.4 is already in cluster
2017-06-01 13:31:58,944 INFO cluster.py [line:211] execute command is ceph -s
2017-06-01 13:31:59,414 INFO cluster.py [line:213]    cluster 3dcaba34-d49b-4025-99c6-d9a43d4b0fda
     health HEALTH_OK
     monmap e1: 1 mons at {ubuntu-238=192.168.28.238:6789/0}
            election epoch 3, quorum 0 ubuntu-238
     osdmap e468: 10 osds: 10 up, 10 in
            flags sortbitwise,require_jewel_osds,require_kraken_osds
      pgmap v1616: 256 pgs, 1 pools, 0 bytes data, 0 objects
            88420 MB used, 6905 GB / 6991 GB avail
                 256 active+clean
2017-06-01 05:32:03.950160 7f3e1b2a4700 -1 asok(0x7f3e14000fe0) AdminSocketConfigObs::init: failed: AdminSocket::bind_and_listen: failed to bind the UNIX domain socket to '/var/run/ceph/ceph-client.admin.19775.139904600248704.asok': (13) Permission denied

2017-06-01 13:31:59,414 INFO cluster.py [line:238] PG number is 256
2017-06-01 13:31:59,424 INFO cluster.py [line:239] usefull PG number is 256
2017-06-01 13:31:59,424 INFO TC38_osd_out_in_cluster.py [line:98] stop osd.4 in cluster successfully
2017-06-01 13:32:00,003 INFO TC38_osd_out_in_cluster.py [line:116] TC38_osd_out_in_cluster runs complete
