2017-06-01 13:32:00,033 INFO TC538_osd_out_in_cluster_alternately.py [line:25] 
This test case will do the following steps:
1. start IO on 10 images with randwrite and verify
2. login the first node 
3. out all osds in sequence
4. stop all osds in sequence
5. start all osds in sequence
6. add in all osds in sequence
7. check the cluster status
8. repeat step 2-7 on the other node

2017-06-01 13:32:00,997 INFO monitors.py [line:126]    "quorum_leader_name": "ubuntu-238",
stdin: is not a tty

2017-06-01 13:32:00,997 INFO monitors.py [line:129]    "quorum_leader_name": "ubuntu-238",
2017-06-01 13:32:00,997 INFO TC538_osd_out_in_cluster_alternately.py [line:30] start to check cluster status before case running
2017-06-01 13:32:01,058 INFO cluster.py [line:211] execute command is ceph -s
2017-06-01 13:32:01,588 INFO cluster.py [line:213]    cluster 3dcaba34-d49b-4025-99c6-d9a43d4b0fda
     health HEALTH_OK
     monmap e1: 1 mons at {ubuntu-238=192.168.28.238:6789/0}
            election epoch 3, quorum 0 ubuntu-238
     osdmap e468: 10 osds: 10 up, 10 in
            flags sortbitwise,require_jewel_osds,require_kraken_osds
      pgmap v1616: 256 pgs, 1 pools, 0 bytes data, 0 objects
            88420 MB used, 6905 GB / 6991 GB avail
                 256 active+clean
2017-06-01 05:32:06.101235 7f626aaf8700 -1 asok(0x7f6264000fe0) AdminSocketConfigObs::init: failed: AdminSocket::bind_and_listen: failed to bind the UNIX domain socket to '/var/run/ceph/ceph-client.admin.36091.140060561248640.asok': (13) Permission denied

2017-06-01 13:32:01,598 INFO cluster.py [line:238] PG number is 256
2017-06-01 13:32:01,598 INFO cluster.py [line:239] usefull PG number is 256
2017-06-01 13:32:01,598 INFO TC538_osd_out_in_cluster_alternately.py [line:33] health status is OK
2017-06-01 13:32:01,598 INFO TC538_osd_out_in_cluster_alternately.py [line:38] 
Step1: Check IO from clients
2017-06-01 13:32:02,819 INFO client.py [line:169] ['enali    5155  5154  0 05:32 ?        00:00:00 bash -c sudo -i ps -ef | grep fio', 'denali    5157  5155  0 05:32 ?        00:00:00 grep fio', 'stdin: is not a tty', '']
2017-06-01 13:32:02,819 INFO client.py [line:174] IO stopped
2017-06-01 13:32:02,819 INFO client.py [line:175] start IO again
2017-06-01 13:32:02,819 INFO base.py [line:37] 
Now start IO on  linlirbdImg0
2017-06-01 13:32:03,387 INFO client.py [line:138] nohup sudo -i fio -direct=1 -iodepth_batch_complete=1 -ioengine=rbd -clientname=linli -pool=reliablityTestPool -rbdname=linlirbdImg0 -rw=randwrite -bs=8K -size=100G -norandommap=1 -randrepeat=0 -verify=md5 -verify_fatal=1 -verify_dump=1 -do_verify=1 -overwrite=1 -iodepth=256 -name=linlirbdImg0
2017-06-01 13:32:03,982 INFO base.py [line:37] 
Now start IO on  linlirbdImg1
2017-06-01 13:32:04,710 INFO client.py [line:138] nohup sudo -i fio -direct=1 -iodepth_batch_complete=1 -ioengine=rbd -clientname=linli -pool=reliablityTestPool -rbdname=linlirbdImg1 -rw=randwrite -bs=8K -size=200G -norandommap=1 -randrepeat=0 -verify=md5 -verify_fatal=1 -verify_dump=1 -do_verify=1 -overwrite=1 -iodepth=256 -name=linlirbdImg1
2017-06-01 13:32:05,253 INFO base.py [line:37] 
Now start IO on  linlirbdImg2
2017-06-01 13:32:05,852 INFO client.py [line:138] nohup sudo -i fio -direct=1 -iodepth_batch_complete=1 -ioengine=rbd -clientname=linli -pool=reliablityTestPool -rbdname=linlirbdImg2 -rw=randwrite -bs=8K -size=300G -norandommap=1 -randrepeat=0 -verify=md5 -verify_fatal=1 -verify_dump=1 -do_verify=1 -overwrite=1 -iodepth=256 -name=linlirbdImg2
2017-06-01 13:32:06,421 INFO base.py [line:37] 
Now start IO on  linlirbdImg3
2017-06-01 13:32:06,966 INFO client.py [line:138] nohup sudo -i fio -direct=1 -iodepth_batch_complete=1 -ioengine=rbd -clientname=linli -pool=reliablityTestPool -rbdname=linlirbdImg3 -rw=randwrite -bs=8K -size=400G -norandommap=1 -randrepeat=0 -verify=md5 -verify_fatal=1 -verify_dump=1 -do_verify=1 -overwrite=1 -iodepth=256 -name=linlirbdImg3
2017-06-01 13:32:07,486 INFO base.py [line:37] 
Now start IO on  linlirbdImg4
2017-06-01 13:32:08,127 INFO client.py [line:138] nohup sudo -i fio -direct=1 -iodepth_batch_complete=1 -ioengine=rbd -clientname=linli -pool=reliablityTestPool -rbdname=linlirbdImg4 -rw=randwrite -bs=8K -size=500G -norandommap=1 -randrepeat=0 -verify=md5 -verify_fatal=1 -verify_dump=1 -do_verify=1 -overwrite=1 -iodepth=256 -name=linlirbdImg4
2017-06-01 13:33:08,757 INFO TC538_osd_out_in_cluster_alternately.py [line:46] 
Step 2: Out the osd and check IO
2017-06-01 13:33:08,757 INFO TC538_osd_out_in_cluster_alternately.py [line:51] 
Now operate ubuntu-237
2017-06-01 13:33:08,757 INFO TC538_osd_out_in_cluster_alternately.py [line:52] 5
2017-06-01 13:33:08,757 INFO TC538_osd_out_in_cluster_alternately.py [line:53] 
Now operate osd.5
2017-06-01 13:33:08,757 INFO TC538_osd_out_in_cluster_alternately.py [line:54] out osd.5
2017-06-01 13:33:08,767 INFO osd.py [line:62] execute command is sudo -i ceph osd out osd.5 & sleep 3
2017-06-01 13:33:12,051 INFO osd.py [line:67] osd.5 is already out cluster
2017-06-01 13:33:12,051 INFO TC538_osd_out_in_cluster_alternately.py [line:56] check if IO error
2017-06-01 13:33:27,059 INFO osd.py [line:77] execute command is sudo -i ceph osd in osd.5 & sleep 3
2017-06-01 13:33:30,506 INFO osd.py [line:80] osd.5 is already in cluster
2017-06-01 13:33:45,506 INFO TC538_osd_out_in_cluster_alternately.py [line:51] 
Now operate ubuntu-237
2017-06-01 13:33:45,506 INFO TC538_osd_out_in_cluster_alternately.py [line:52] 5
2017-06-01 13:33:45,506 INFO TC538_osd_out_in_cluster_alternately.py [line:53] 
Now operate osd.5
2017-06-01 13:33:45,506 INFO TC538_osd_out_in_cluster_alternately.py [line:54] out osd.5
2017-06-01 13:33:45,516 INFO osd.py [line:62] execute command is sudo -i ceph osd out osd.5 & sleep 3
2017-06-01 13:33:48,796 INFO osd.py [line:67] osd.5 is already out cluster
2017-06-01 13:33:48,796 INFO TC538_osd_out_in_cluster_alternately.py [line:56] check if IO error
2017-06-01 13:34:03,811 INFO osd.py [line:77] execute command is sudo -i ceph osd in osd.5 & sleep 3
2017-06-01 13:34:07,107 INFO osd.py [line:80] osd.5 is already in cluster
2017-06-01 13:34:22,115 INFO TC538_osd_out_in_cluster_alternately.py [line:51] 
Now operate ubuntu-237
2017-06-01 13:34:22,115 INFO TC538_osd_out_in_cluster_alternately.py [line:52] 5
2017-06-01 13:34:22,115 INFO TC538_osd_out_in_cluster_alternately.py [line:53] 
Now operate osd.5
2017-06-01 13:34:22,115 INFO TC538_osd_out_in_cluster_alternately.py [line:54] out osd.5
2017-06-01 13:34:22,115 INFO osd.py [line:62] execute command is sudo -i ceph osd out osd.5 & sleep 3
2017-06-01 13:34:25,457 INFO osd.py [line:67] osd.5 is already out cluster
2017-06-01 13:34:25,457 INFO TC538_osd_out_in_cluster_alternately.py [line:56] check if IO error
2017-06-01 13:34:40,463 INFO osd.py [line:77] execute command is sudo -i ceph osd in osd.5 & sleep 3
2017-06-01 13:34:43,690 INFO osd.py [line:80] osd.5 is already in cluster
2017-06-01 13:34:58,698 INFO TC538_osd_out_in_cluster_alternately.py [line:51] 
Now operate ubuntu-237
2017-06-01 13:34:58,698 INFO TC538_osd_out_in_cluster_alternately.py [line:52] 5
2017-06-01 13:34:58,698 INFO TC538_osd_out_in_cluster_alternately.py [line:53] 
Now operate osd.5
2017-06-01 13:34:58,698 INFO TC538_osd_out_in_cluster_alternately.py [line:54] out osd.5
2017-06-01 13:34:58,709 INFO osd.py [line:62] execute command is sudo -i ceph osd out osd.5 & sleep 3
2017-06-01 13:35:01,937 INFO osd.py [line:67] osd.5 is already out cluster
2017-06-01 13:35:01,937 INFO TC538_osd_out_in_cluster_alternately.py [line:56] check if IO error
2017-06-01 13:35:16,944 INFO osd.py [line:77] execute command is sudo -i ceph osd in osd.5 & sleep 3
2017-06-01 13:35:20,319 INFO osd.py [line:80] osd.5 is already in cluster
2017-06-01 13:35:35,325 INFO TC538_osd_out_in_cluster_alternately.py [line:51] 
Now operate ubuntu-237
2017-06-01 13:35:35,325 INFO TC538_osd_out_in_cluster_alternately.py [line:52] 5
2017-06-01 13:35:35,325 INFO TC538_osd_out_in_cluster_alternately.py [line:53] 
Now operate osd.5
2017-06-01 13:35:35,325 INFO TC538_osd_out_in_cluster_alternately.py [line:54] out osd.5
2017-06-01 13:35:35,325 INFO osd.py [line:62] execute command is sudo -i ceph osd out osd.5 & sleep 3
2017-06-01 13:35:38,627 INFO osd.py [line:67] osd.5 is already out cluster
2017-06-01 13:35:38,627 INFO TC538_osd_out_in_cluster_alternately.py [line:56] check if IO error
2017-06-01 13:35:53,631 INFO osd.py [line:77] execute command is sudo -i ceph osd in osd.5 & sleep 3
2017-06-01 13:35:56,851 INFO osd.py [line:80] osd.5 is already in cluster
2017-06-01 13:36:11,858 INFO TC538_osd_out_in_cluster_alternately.py [line:63] Now check if there is any IO error
2017-06-01 13:36:12,355 INFO TC538_osd_out_in_cluster_alternately.py [line:51] 
Now operate ubuntu-237
2017-06-01 13:36:12,355 INFO TC538_osd_out_in_cluster_alternately.py [line:52] 5
2017-06-01 13:36:12,355 INFO TC538_osd_out_in_cluster_alternately.py [line:53] 
Now operate osd.6
2017-06-01 13:36:12,355 INFO TC538_osd_out_in_cluster_alternately.py [line:54] out osd.6
2017-06-01 13:36:12,355 INFO osd.py [line:62] execute command is sudo -i ceph osd out osd.6 & sleep 3
2017-06-01 13:36:15,592 INFO osd.py [line:67] osd.6 is already out cluster
2017-06-01 13:36:15,592 INFO TC538_osd_out_in_cluster_alternately.py [line:56] check if IO error
2017-06-01 13:36:30,592 INFO osd.py [line:77] execute command is sudo -i ceph osd in osd.6 & sleep 3
2017-06-01 13:36:33,990 INFO osd.py [line:80] osd.6 is already in cluster
2017-06-01 13:36:48,993 INFO TC538_osd_out_in_cluster_alternately.py [line:51] 
Now operate ubuntu-237
2017-06-01 13:36:48,993 INFO TC538_osd_out_in_cluster_alternately.py [line:52] 5
2017-06-01 13:36:48,993 INFO TC538_osd_out_in_cluster_alternately.py [line:53] 
Now operate osd.6
2017-06-01 13:36:49,003 INFO TC538_osd_out_in_cluster_alternately.py [line:54] out osd.6
2017-06-01 13:36:49,003 INFO osd.py [line:62] execute command is sudo -i ceph osd out osd.6 & sleep 3
2017-06-01 13:36:52,250 INFO osd.py [line:67] osd.6 is already out cluster
2017-06-01 13:36:52,250 INFO TC538_osd_out_in_cluster_alternately.py [line:56] check if IO error
2017-06-01 13:37:07,253 INFO osd.py [line:77] execute command is sudo -i ceph osd in osd.6 & sleep 3
2017-06-01 13:37:10,480 INFO osd.py [line:80] osd.6 is already in cluster
2017-06-01 13:37:25,483 INFO TC538_osd_out_in_cluster_alternately.py [line:51] 
Now operate ubuntu-237
2017-06-01 13:37:25,483 INFO TC538_osd_out_in_cluster_alternately.py [line:52] 5
2017-06-01 13:37:25,483 INFO TC538_osd_out_in_cluster_alternately.py [line:53] 
Now operate osd.6
2017-06-01 13:37:25,483 INFO TC538_osd_out_in_cluster_alternately.py [line:54] out osd.6
2017-06-01 13:37:25,483 INFO osd.py [line:62] execute command is sudo -i ceph osd out osd.6 & sleep 3
2017-06-01 13:37:28,739 INFO osd.py [line:67] osd.6 is already out cluster
2017-06-01 13:37:28,739 INFO TC538_osd_out_in_cluster_alternately.py [line:56] check if IO error
2017-06-01 13:37:43,744 INFO osd.py [line:77] execute command is sudo -i ceph osd in osd.6 & sleep 3
2017-06-01 13:37:46,973 INFO osd.py [line:80] osd.6 is already in cluster
2017-06-01 13:38:01,974 INFO TC538_osd_out_in_cluster_alternately.py [line:51] 
Now operate ubuntu-237
2017-06-01 13:38:01,974 INFO TC538_osd_out_in_cluster_alternately.py [line:52] 5
2017-06-01 13:38:01,974 INFO TC538_osd_out_in_cluster_alternately.py [line:53] 
Now operate osd.6
2017-06-01 13:38:01,974 INFO TC538_osd_out_in_cluster_alternately.py [line:54] out osd.6
2017-06-01 13:38:01,974 INFO osd.py [line:62] execute command is sudo -i ceph osd out osd.6 & sleep 3
2017-06-01 13:38:05,230 INFO osd.py [line:67] osd.6 is already out cluster
2017-06-01 13:38:05,230 INFO TC538_osd_out_in_cluster_alternately.py [line:56] check if IO error
2017-06-01 13:38:20,230 INFO osd.py [line:77] execute command is sudo -i ceph osd in osd.6 & sleep 3
2017-06-01 13:38:23,476 INFO osd.py [line:80] osd.6 is already in cluster
2017-06-01 13:38:38,480 INFO TC538_osd_out_in_cluster_alternately.py [line:51] 
Now operate ubuntu-237
2017-06-01 13:38:38,480 INFO TC538_osd_out_in_cluster_alternately.py [line:52] 5
2017-06-01 13:38:38,480 INFO TC538_osd_out_in_cluster_alternately.py [line:53] 
Now operate osd.6
2017-06-01 13:38:38,480 INFO TC538_osd_out_in_cluster_alternately.py [line:54] out osd.6
2017-06-01 13:38:38,480 INFO osd.py [line:62] execute command is sudo -i ceph osd out osd.6 & sleep 3
2017-06-01 13:38:41,717 INFO osd.py [line:67] osd.6 is already out cluster
2017-06-01 13:38:41,717 INFO TC538_osd_out_in_cluster_alternately.py [line:56] check if IO error
2017-06-01 13:38:56,721 INFO osd.py [line:77] execute command is sudo -i ceph osd in osd.6 & sleep 3
2017-06-01 13:38:59,976 INFO osd.py [line:80] osd.6 is already in cluster
2017-06-01 13:39:14,976 INFO TC538_osd_out_in_cluster_alternately.py [line:63] Now check if there is any IO error
2017-06-01 13:39:15,499 INFO TC538_osd_out_in_cluster_alternately.py [line:51] 
Now operate ubuntu-237
2017-06-01 13:39:15,499 INFO TC538_osd_out_in_cluster_alternately.py [line:52] 5
2017-06-01 13:39:15,499 INFO TC538_osd_out_in_cluster_alternately.py [line:53] 
Now operate osd.7
2017-06-01 13:39:15,499 INFO TC538_osd_out_in_cluster_alternately.py [line:54] out osd.7
2017-06-01 13:39:15,499 INFO osd.py [line:62] execute command is sudo -i ceph osd out osd.7 & sleep 3
2017-06-01 13:39:18,753 INFO osd.py [line:67] osd.7 is already out cluster
2017-06-01 13:39:18,753 INFO TC538_osd_out_in_cluster_alternately.py [line:56] check if IO error
2017-06-01 13:39:33,755 INFO osd.py [line:77] execute command is sudo -i ceph osd in osd.7 & sleep 3
2017-06-01 13:39:36,996 INFO osd.py [line:80] osd.7 is already in cluster
2017-06-01 13:39:51,997 INFO TC538_osd_out_in_cluster_alternately.py [line:51] 
Now operate ubuntu-237
2017-06-01 13:39:51,997 INFO TC538_osd_out_in_cluster_alternately.py [line:52] 5
2017-06-01 13:39:51,997 INFO TC538_osd_out_in_cluster_alternately.py [line:53] 
Now operate osd.7
2017-06-01 13:39:51,997 INFO TC538_osd_out_in_cluster_alternately.py [line:54] out osd.7
2017-06-01 13:39:51,997 INFO osd.py [line:62] execute command is sudo -i ceph osd out osd.7 & sleep 3
2017-06-01 13:39:55,233 INFO osd.py [line:67] osd.7 is already out cluster
2017-06-01 13:39:55,233 INFO TC538_osd_out_in_cluster_alternately.py [line:56] check if IO error
2017-06-01 13:40:10,237 INFO osd.py [line:77] execute command is sudo -i ceph osd in osd.7 & sleep 3
2017-06-01 13:40:13,476 INFO osd.py [line:80] osd.7 is already in cluster
2017-06-01 13:40:28,486 INFO TC538_osd_out_in_cluster_alternately.py [line:51] 
Now operate ubuntu-237
2017-06-01 13:40:28,486 INFO TC538_osd_out_in_cluster_alternately.py [line:52] 5
2017-06-01 13:40:28,486 INFO TC538_osd_out_in_cluster_alternately.py [line:53] 
Now operate osd.7
2017-06-01 13:40:28,486 INFO TC538_osd_out_in_cluster_alternately.py [line:54] out osd.7
2017-06-01 13:40:28,496 INFO osd.py [line:62] execute command is sudo -i ceph osd out osd.7 & sleep 3
2017-06-01 13:40:31,698 INFO osd.py [line:67] osd.7 is already out cluster
2017-06-01 13:40:31,698 INFO TC538_osd_out_in_cluster_alternately.py [line:56] check if IO error
2017-06-01 13:40:46,707 INFO osd.py [line:77] execute command is sudo -i ceph osd in osd.7 & sleep 3
2017-06-01 13:40:49,940 INFO osd.py [line:80] osd.7 is already in cluster
2017-06-01 13:41:04,950 INFO TC538_osd_out_in_cluster_alternately.py [line:51] 
Now operate ubuntu-237
2017-06-01 13:41:04,950 INFO TC538_osd_out_in_cluster_alternately.py [line:52] 5
2017-06-01 13:41:04,950 INFO TC538_osd_out_in_cluster_alternately.py [line:53] 
Now operate osd.7
2017-06-01 13:41:04,950 INFO TC538_osd_out_in_cluster_alternately.py [line:54] out osd.7
2017-06-01 13:41:04,950 INFO osd.py [line:62] execute command is sudo -i ceph osd out osd.7 & sleep 3
2017-06-01 13:41:08,197 INFO osd.py [line:67] osd.7 is already out cluster
2017-06-01 13:41:08,197 INFO TC538_osd_out_in_cluster_alternately.py [line:56] check if IO error
2017-06-01 13:41:23,204 INFO osd.py [line:77] execute command is sudo -i ceph osd in osd.7 & sleep 3
2017-06-01 13:41:26,440 INFO osd.py [line:80] osd.7 is already in cluster
2017-06-01 13:41:41,443 INFO TC538_osd_out_in_cluster_alternately.py [line:51] 
Now operate ubuntu-237
2017-06-01 13:41:41,443 INFO TC538_osd_out_in_cluster_alternately.py [line:52] 5
2017-06-01 13:41:41,443 INFO TC538_osd_out_in_cluster_alternately.py [line:53] 
Now operate osd.7
2017-06-01 13:41:41,443 INFO TC538_osd_out_in_cluster_alternately.py [line:54] out osd.7
2017-06-01 13:41:41,453 INFO osd.py [line:62] execute command is sudo -i ceph osd out osd.7 & sleep 3
2017-06-01 13:41:44,687 INFO osd.py [line:67] osd.7 is already out cluster
2017-06-01 13:41:44,687 INFO TC538_osd_out_in_cluster_alternately.py [line:56] check if IO error
2017-06-01 13:41:59,690 INFO osd.py [line:77] execute command is sudo -i ceph osd in osd.7 & sleep 3
2017-06-01 13:42:02,979 INFO osd.py [line:80] osd.7 is already in cluster
2017-06-01 13:42:17,980 INFO TC538_osd_out_in_cluster_alternately.py [line:63] Now check if there is any IO error
2017-06-01 13:42:18,476 INFO TC538_osd_out_in_cluster_alternately.py [line:51] 
Now operate ubuntu-237
2017-06-01 13:42:18,476 INFO TC538_osd_out_in_cluster_alternately.py [line:52] 5
2017-06-01 13:42:18,476 INFO TC538_osd_out_in_cluster_alternately.py [line:53] 
Now operate osd.8
2017-06-01 13:42:18,476 INFO TC538_osd_out_in_cluster_alternately.py [line:54] out osd.8
2017-06-01 13:42:18,476 INFO osd.py [line:62] execute command is sudo -i ceph osd out osd.8 & sleep 3
2017-06-01 13:42:21,732 INFO osd.py [line:67] osd.8 is already out cluster
2017-06-01 13:42:21,732 INFO TC538_osd_out_in_cluster_alternately.py [line:56] check if IO error
2017-06-01 13:42:36,740 INFO osd.py [line:77] execute command is sudo -i ceph osd in osd.8 & sleep 3
2017-06-01 13:42:39,992 INFO osd.py [line:80] osd.8 is already in cluster
2017-06-01 13:42:54,996 INFO TC538_osd_out_in_cluster_alternately.py [line:51] 
Now operate ubuntu-237
2017-06-01 13:42:54,996 INFO TC538_osd_out_in_cluster_alternately.py [line:52] 5
2017-06-01 13:42:54,996 INFO TC538_osd_out_in_cluster_alternately.py [line:53] 
Now operate osd.8
2017-06-01 13:42:54,996 INFO TC538_osd_out_in_cluster_alternately.py [line:54] out osd.8
2017-06-01 13:42:54,996 INFO osd.py [line:62] execute command is sudo -i ceph osd out osd.8 & sleep 3
2017-06-01 13:42:58,259 INFO osd.py [line:67] osd.8 is already out cluster
2017-06-01 13:42:58,259 INFO TC538_osd_out_in_cluster_alternately.py [line:56] check if IO error
2017-06-01 13:43:13,259 INFO osd.py [line:77] execute command is sudo -i ceph osd in osd.8 & sleep 3
2017-06-01 13:43:16,496 INFO osd.py [line:80] osd.8 is already in cluster
2017-06-01 13:43:31,503 INFO TC538_osd_out_in_cluster_alternately.py [line:51] 
Now operate ubuntu-237
2017-06-01 13:43:31,503 INFO TC538_osd_out_in_cluster_alternately.py [line:52] 5
2017-06-01 13:43:31,503 INFO TC538_osd_out_in_cluster_alternately.py [line:53] 
Now operate osd.8
2017-06-01 13:43:31,503 INFO TC538_osd_out_in_cluster_alternately.py [line:54] out osd.8
2017-06-01 13:43:31,503 INFO osd.py [line:62] execute command is sudo -i ceph osd out osd.8 & sleep 3
2017-06-01 13:43:34,763 INFO osd.py [line:67] osd.8 is already out cluster
2017-06-01 13:43:34,763 INFO TC538_osd_out_in_cluster_alternately.py [line:56] check if IO error
2017-06-01 13:43:49,763 INFO osd.py [line:77] execute command is sudo -i ceph osd in osd.8 & sleep 3
2017-06-01 13:43:53,148 INFO osd.py [line:80] osd.8 is already in cluster
2017-06-01 13:44:08,150 INFO TC538_osd_out_in_cluster_alternately.py [line:51] 
Now operate ubuntu-237
2017-06-01 13:44:08,150 INFO TC538_osd_out_in_cluster_alternately.py [line:52] 5
2017-06-01 13:44:08,150 INFO TC538_osd_out_in_cluster_alternately.py [line:53] 
Now operate osd.8
2017-06-01 13:44:08,150 INFO TC538_osd_out_in_cluster_alternately.py [line:54] out osd.8
2017-06-01 13:44:08,150 INFO osd.py [line:62] execute command is sudo -i ceph osd out osd.8 & sleep 3
2017-06-01 13:44:11,387 INFO osd.py [line:67] osd.8 is already out cluster
2017-06-01 13:44:11,387 INFO TC538_osd_out_in_cluster_alternately.py [line:56] check if IO error
2017-06-01 13:44:26,388 INFO osd.py [line:77] execute command is sudo -i ceph osd in osd.8 & sleep 3
2017-06-01 13:44:29,650 INFO osd.py [line:80] osd.8 is already in cluster
2017-06-01 13:44:44,654 INFO TC538_osd_out_in_cluster_alternately.py [line:51] 
Now operate ubuntu-237
2017-06-01 13:44:44,654 INFO TC538_osd_out_in_cluster_alternately.py [line:52] 5
2017-06-01 13:44:44,654 INFO TC538_osd_out_in_cluster_alternately.py [line:53] 
Now operate osd.8
2017-06-01 13:44:44,654 INFO TC538_osd_out_in_cluster_alternately.py [line:54] out osd.8
2017-06-01 13:44:44,654 INFO osd.py [line:62] execute command is sudo -i ceph osd out osd.8 & sleep 3
2017-06-01 13:44:47,908 INFO osd.py [line:67] osd.8 is already out cluster
2017-06-01 13:44:47,908 INFO TC538_osd_out_in_cluster_alternately.py [line:56] check if IO error
2017-06-01 13:45:02,914 INFO osd.py [line:77] execute command is sudo -i ceph osd in osd.8 & sleep 3
2017-06-01 13:45:06,147 INFO osd.py [line:80] osd.8 is already in cluster
2017-06-01 13:45:21,153 INFO TC538_osd_out_in_cluster_alternately.py [line:63] Now check if there is any IO error
2017-06-01 13:45:21,653 INFO TC538_osd_out_in_cluster_alternately.py [line:51] 
Now operate ubuntu-237
2017-06-01 13:45:21,653 INFO TC538_osd_out_in_cluster_alternately.py [line:52] 5
2017-06-01 13:45:21,653 INFO TC538_osd_out_in_cluster_alternately.py [line:53] 
Now operate osd.9
2017-06-01 13:45:21,653 INFO TC538_osd_out_in_cluster_alternately.py [line:54] out osd.9
2017-06-01 13:45:21,653 INFO osd.py [line:62] execute command is sudo -i ceph osd out osd.9 & sleep 3
2017-06-01 13:45:24,901 INFO osd.py [line:67] osd.9 is already out cluster
2017-06-01 13:45:24,901 INFO TC538_osd_out_in_cluster_alternately.py [line:56] check if IO error
2017-06-01 13:45:39,914 INFO osd.py [line:77] execute command is sudo -i ceph osd in osd.9 & sleep 3
2017-06-01 13:45:43,289 INFO osd.py [line:80] osd.9 is already in cluster
2017-06-01 13:45:58,289 INFO TC538_osd_out_in_cluster_alternately.py [line:51] 
Now operate ubuntu-237
2017-06-01 13:45:58,289 INFO TC538_osd_out_in_cluster_alternately.py [line:52] 5
2017-06-01 13:45:58,289 INFO TC538_osd_out_in_cluster_alternately.py [line:53] 
Now operate osd.9
2017-06-01 13:45:58,289 INFO TC538_osd_out_in_cluster_alternately.py [line:54] out osd.9
2017-06-01 13:45:58,289 INFO osd.py [line:62] execute command is sudo -i ceph osd out osd.9 & sleep 3
2017-06-01 13:46:01,538 INFO osd.py [line:67] osd.9 is already out cluster
2017-06-01 13:46:01,538 INFO TC538_osd_out_in_cluster_alternately.py [line:56] check if IO error
2017-06-01 13:46:16,539 INFO osd.py [line:77] execute command is sudo -i ceph osd in osd.9 & sleep 3
2017-06-01 13:46:19,767 INFO osd.py [line:80] osd.9 is already in cluster
2017-06-01 13:46:34,769 INFO TC538_osd_out_in_cluster_alternately.py [line:51] 
Now operate ubuntu-237
2017-06-01 13:46:34,769 INFO TC538_osd_out_in_cluster_alternately.py [line:52] 5
2017-06-01 13:46:34,769 INFO TC538_osd_out_in_cluster_alternately.py [line:53] 
Now operate osd.9
2017-06-01 13:46:34,769 INFO TC538_osd_out_in_cluster_alternately.py [line:54] out osd.9
2017-06-01 13:46:34,769 INFO osd.py [line:62] execute command is sudo -i ceph osd out osd.9 & sleep 3
2017-06-01 13:46:38,020 INFO osd.py [line:67] osd.9 is already out cluster
2017-06-01 13:46:38,022 INFO TC538_osd_out_in_cluster_alternately.py [line:56] check if IO error
2017-06-01 13:46:53,023 INFO osd.py [line:77] execute command is sudo -i ceph osd in osd.9 & sleep 3
2017-06-01 13:46:56,230 INFO osd.py [line:80] osd.9 is already in cluster
2017-06-01 13:47:11,237 INFO TC538_osd_out_in_cluster_alternately.py [line:51] 
Now operate ubuntu-237
2017-06-01 13:47:11,237 INFO TC538_osd_out_in_cluster_alternately.py [line:52] 5
2017-06-01 13:47:11,237 INFO TC538_osd_out_in_cluster_alternately.py [line:53] 
Now operate osd.9
2017-06-01 13:47:11,237 INFO TC538_osd_out_in_cluster_alternately.py [line:54] out osd.9
2017-06-01 13:47:11,247 INFO osd.py [line:62] execute command is sudo -i ceph osd out osd.9 & sleep 3
2017-06-01 13:47:14,486 INFO osd.py [line:67] osd.9 is already out cluster
2017-06-01 13:47:14,486 INFO TC538_osd_out_in_cluster_alternately.py [line:56] check if IO error
2017-06-01 13:47:29,494 INFO osd.py [line:77] execute command is sudo -i ceph osd in osd.9 & sleep 3
2017-06-01 13:47:32,740 INFO osd.py [line:80] osd.9 is already in cluster
2017-06-01 13:47:47,747 INFO TC538_osd_out_in_cluster_alternately.py [line:51] 
Now operate ubuntu-237
2017-06-01 13:47:47,747 INFO TC538_osd_out_in_cluster_alternately.py [line:52] 5
2017-06-01 13:47:47,747 INFO TC538_osd_out_in_cluster_alternately.py [line:53] 
Now operate osd.9
2017-06-01 13:47:47,747 INFO TC538_osd_out_in_cluster_alternately.py [line:54] out osd.9
2017-06-01 13:47:47,747 INFO osd.py [line:62] execute command is sudo -i ceph osd out osd.9 & sleep 3
2017-06-01 13:47:50,994 INFO osd.py [line:67] osd.9 is already out cluster
2017-06-01 13:47:50,994 INFO TC538_osd_out_in_cluster_alternately.py [line:56] check if IO error
2017-06-01 13:48:06,002 INFO osd.py [line:77] execute command is sudo -i ceph osd in osd.9 & sleep 3
2017-06-01 13:48:09,263 INFO osd.py [line:80] osd.9 is already in cluster
2017-06-01 13:48:24,267 INFO TC538_osd_out_in_cluster_alternately.py [line:63] Now check if there is any IO error
2017-06-01 13:48:24,789 INFO TC538_osd_out_in_cluster_alternately.py [line:51] 
Now operate ubuntu-238
2017-06-01 13:48:24,789 INFO TC538_osd_out_in_cluster_alternately.py [line:52] 5
2017-06-01 13:48:24,789 INFO TC538_osd_out_in_cluster_alternately.py [line:53] 
Now operate osd.0
2017-06-01 13:48:24,789 INFO TC538_osd_out_in_cluster_alternately.py [line:54] out osd.0
2017-06-01 13:48:24,799 INFO osd.py [line:62] execute command is sudo -i ceph osd out osd.0 & sleep 3
2017-06-01 13:48:28,026 INFO osd.py [line:67] osd.0 is already out cluster
2017-06-01 13:48:28,026 INFO TC538_osd_out_in_cluster_alternately.py [line:56] check if IO error
2017-06-01 13:48:43,032 INFO osd.py [line:77] execute command is sudo -i ceph osd in osd.0 & sleep 3
2017-06-01 13:48:46,401 INFO osd.py [line:80] osd.0 is already in cluster
2017-06-01 13:49:01,405 INFO TC538_osd_out_in_cluster_alternately.py [line:51] 
Now operate ubuntu-238
2017-06-01 13:49:01,405 INFO TC538_osd_out_in_cluster_alternately.py [line:52] 5
2017-06-01 13:49:01,405 INFO TC538_osd_out_in_cluster_alternately.py [line:53] 
Now operate osd.0
2017-06-01 13:49:01,405 INFO TC538_osd_out_in_cluster_alternately.py [line:54] out osd.0
2017-06-01 13:49:01,415 INFO osd.py [line:62] execute command is sudo -i ceph osd out osd.0 & sleep 3
2017-06-01 13:49:04,668 INFO osd.py [line:67] osd.0 is already out cluster
2017-06-01 13:49:04,668 INFO TC538_osd_out_in_cluster_alternately.py [line:56] check if IO error
2017-06-01 13:49:19,674 INFO osd.py [line:77] execute command is sudo -i ceph osd in osd.0 & sleep 3
2017-06-01 13:49:22,901 INFO osd.py [line:80] osd.0 is already in cluster
2017-06-01 13:49:37,903 INFO TC538_osd_out_in_cluster_alternately.py [line:51] 
Now operate ubuntu-238
2017-06-01 13:49:37,903 INFO TC538_osd_out_in_cluster_alternately.py [line:52] 5
2017-06-01 13:49:37,903 INFO TC538_osd_out_in_cluster_alternately.py [line:53] 
Now operate osd.0
2017-06-01 13:49:37,903 INFO TC538_osd_out_in_cluster_alternately.py [line:54] out osd.0
2017-06-01 13:49:37,903 INFO osd.py [line:62] execute command is sudo -i ceph osd out osd.0 & sleep 3
2017-06-01 13:49:41,134 INFO osd.py [line:67] osd.0 is already out cluster
2017-06-01 13:49:41,134 INFO TC538_osd_out_in_cluster_alternately.py [line:56] check if IO error
2017-06-01 13:49:56,134 INFO osd.py [line:77] execute command is sudo -i ceph osd in osd.0 & sleep 3
2017-06-01 13:49:59,342 INFO osd.py [line:80] osd.0 is already in cluster
2017-06-01 13:50:14,345 INFO TC538_osd_out_in_cluster_alternately.py [line:51] 
Now operate ubuntu-238
2017-06-01 13:50:14,345 INFO TC538_osd_out_in_cluster_alternately.py [line:52] 5
2017-06-01 13:50:14,345 INFO TC538_osd_out_in_cluster_alternately.py [line:53] 
Now operate osd.0
2017-06-01 13:50:14,345 INFO TC538_osd_out_in_cluster_alternately.py [line:54] out osd.0
2017-06-01 13:50:14,355 INFO osd.py [line:62] execute command is sudo -i ceph osd out osd.0 & sleep 3
2017-06-01 13:50:17,598 INFO osd.py [line:67] osd.0 is already out cluster
2017-06-01 13:50:17,598 INFO TC538_osd_out_in_cluster_alternately.py [line:56] check if IO error
2017-06-01 13:50:32,598 INFO osd.py [line:77] execute command is sudo -i ceph osd in osd.0 & sleep 3
2017-06-01 13:50:35,822 INFO osd.py [line:80] osd.0 is already in cluster
2017-06-01 13:50:50,828 INFO TC538_osd_out_in_cluster_alternately.py [line:51] 
Now operate ubuntu-238
2017-06-01 13:50:50,828 INFO TC538_osd_out_in_cluster_alternately.py [line:52] 5
2017-06-01 13:50:50,828 INFO TC538_osd_out_in_cluster_alternately.py [line:53] 
Now operate osd.0
2017-06-01 13:50:50,828 INFO TC538_osd_out_in_cluster_alternately.py [line:54] out osd.0
2017-06-01 13:50:50,828 INFO osd.py [line:62] execute command is sudo -i ceph osd out osd.0 & sleep 3
2017-06-01 13:50:54,201 INFO osd.py [line:67] osd.0 is already out cluster
2017-06-01 13:50:54,201 INFO TC538_osd_out_in_cluster_alternately.py [line:56] check if IO error
2017-06-01 13:51:09,201 INFO osd.py [line:77] execute command is sudo -i ceph osd in osd.0 & sleep 3
2017-06-01 13:51:12,430 INFO osd.py [line:80] osd.0 is already in cluster
2017-06-01 13:51:27,437 INFO TC538_osd_out_in_cluster_alternately.py [line:63] Now check if there is any IO error
2017-06-01 13:51:27,947 INFO TC538_osd_out_in_cluster_alternately.py [line:51] 
Now operate ubuntu-238
2017-06-01 13:51:27,947 INFO TC538_osd_out_in_cluster_alternately.py [line:52] 5
2017-06-01 13:51:27,947 INFO TC538_osd_out_in_cluster_alternately.py [line:53] 
Now operate osd.1
2017-06-01 13:51:27,947 INFO TC538_osd_out_in_cluster_alternately.py [line:54] out osd.1
2017-06-01 13:51:27,947 INFO osd.py [line:62] execute command is sudo -i ceph osd out osd.1 & sleep 3
2017-06-01 13:51:31,298 INFO osd.py [line:67] osd.1 is already out cluster
2017-06-01 13:51:31,298 INFO TC538_osd_out_in_cluster_alternately.py [line:56] check if IO error
2017-06-01 13:51:46,305 INFO osd.py [line:77] execute command is sudo -i ceph osd in osd.1 & sleep 3
2017-06-01 13:51:49,529 INFO osd.py [line:80] osd.1 is already in cluster
2017-06-01 13:52:04,539 INFO TC538_osd_out_in_cluster_alternately.py [line:51] 
Now operate ubuntu-238
2017-06-01 13:52:04,539 INFO TC538_osd_out_in_cluster_alternately.py [line:52] 5
2017-06-01 13:52:04,539 INFO TC538_osd_out_in_cluster_alternately.py [line:53] 
Now operate osd.1
2017-06-01 13:52:04,539 INFO TC538_osd_out_in_cluster_alternately.py [line:54] out osd.1
2017-06-01 13:52:04,539 INFO osd.py [line:62] execute command is sudo -i ceph osd out osd.1 & sleep 3
2017-06-01 13:52:07,782 INFO osd.py [line:67] osd.1 is already out cluster
2017-06-01 13:52:07,782 INFO TC538_osd_out_in_cluster_alternately.py [line:56] check if IO error
2017-06-01 13:52:22,782 INFO osd.py [line:77] execute command is sudo -i ceph osd in osd.1 & sleep 3
2017-06-01 13:52:26,091 INFO osd.py [line:80] osd.1 is already in cluster
2017-06-01 13:52:41,094 INFO TC538_osd_out_in_cluster_alternately.py [line:51] 
Now operate ubuntu-238
2017-06-01 13:52:41,094 INFO TC538_osd_out_in_cluster_alternately.py [line:52] 5
2017-06-01 13:52:41,094 INFO TC538_osd_out_in_cluster_alternately.py [line:53] 
Now operate osd.1
2017-06-01 13:52:41,094 INFO TC538_osd_out_in_cluster_alternately.py [line:54] out osd.1
2017-06-01 13:52:41,104 INFO osd.py [line:62] execute command is sudo -i ceph osd out osd.1 & sleep 3
2017-06-01 13:52:44,332 INFO osd.py [line:67] osd.1 is already out cluster
2017-06-01 13:52:44,332 INFO TC538_osd_out_in_cluster_alternately.py [line:56] check if IO error
2017-06-01 13:52:59,336 INFO osd.py [line:77] execute command is sudo -i ceph osd in osd.1 & sleep 3
2017-06-01 13:53:02,579 INFO osd.py [line:80] osd.1 is already in cluster
2017-06-01 13:53:17,584 INFO TC538_osd_out_in_cluster_alternately.py [line:51] 
Now operate ubuntu-238
2017-06-01 13:53:17,584 INFO TC538_osd_out_in_cluster_alternately.py [line:52] 5
2017-06-01 13:53:17,584 INFO TC538_osd_out_in_cluster_alternately.py [line:53] 
Now operate osd.1
2017-06-01 13:53:17,584 INFO TC538_osd_out_in_cluster_alternately.py [line:54] out osd.1
2017-06-01 13:53:17,584 INFO osd.py [line:62] execute command is sudo -i ceph osd out osd.1 & sleep 3
2017-06-01 13:53:20,819 INFO osd.py [line:67] osd.1 is already out cluster
2017-06-01 13:53:20,819 INFO TC538_osd_out_in_cluster_alternately.py [line:56] check if IO error
2017-06-01 13:53:35,821 INFO osd.py [line:77] execute command is sudo -i ceph osd in osd.1 & sleep 3
2017-06-01 13:53:39,049 INFO osd.py [line:80] osd.1 is already in cluster
2017-06-01 13:53:54,052 INFO TC538_osd_out_in_cluster_alternately.py [line:51] 
Now operate ubuntu-238
2017-06-01 13:53:54,052 INFO TC538_osd_out_in_cluster_alternately.py [line:52] 5
2017-06-01 13:53:54,052 INFO TC538_osd_out_in_cluster_alternately.py [line:53] 
Now operate osd.1
2017-06-01 13:53:54,052 INFO TC538_osd_out_in_cluster_alternately.py [line:54] out osd.1
2017-06-01 13:53:54,052 INFO osd.py [line:62] execute command is sudo -i ceph osd out osd.1 & sleep 3
2017-06-01 13:53:57,293 INFO osd.py [line:67] osd.1 is already out cluster
2017-06-01 13:53:57,293 INFO TC538_osd_out_in_cluster_alternately.py [line:56] check if IO error
2017-06-01 13:54:12,302 INFO osd.py [line:77] execute command is sudo -i ceph osd in osd.1 & sleep 3
2017-06-01 13:54:15,529 INFO osd.py [line:80] osd.1 is already in cluster
2017-06-01 13:54:30,530 INFO TC538_osd_out_in_cluster_alternately.py [line:63] Now check if there is any IO error
2017-06-01 13:54:31,051 INFO TC538_osd_out_in_cluster_alternately.py [line:51] 
Now operate ubuntu-238
2017-06-01 13:54:31,051 INFO TC538_osd_out_in_cluster_alternately.py [line:52] 5
2017-06-01 13:54:31,051 INFO TC538_osd_out_in_cluster_alternately.py [line:53] 
Now operate osd.2
2017-06-01 13:54:31,051 INFO TC538_osd_out_in_cluster_alternately.py [line:54] out osd.2
2017-06-01 13:54:31,061 INFO osd.py [line:62] execute command is sudo -i ceph osd out osd.2 & sleep 3
2017-06-01 13:54:34,305 INFO osd.py [line:67] osd.2 is already out cluster
2017-06-01 13:54:34,305 INFO TC538_osd_out_in_cluster_alternately.py [line:56] check if IO error
2017-06-01 13:54:49,322 INFO osd.py [line:77] execute command is sudo -i ceph osd in osd.2 & sleep 3
2017-06-01 13:54:52,530 INFO osd.py [line:80] osd.2 is already in cluster
2017-06-01 13:55:07,536 INFO TC538_osd_out_in_cluster_alternately.py [line:51] 
Now operate ubuntu-238
2017-06-01 13:55:07,536 INFO TC538_osd_out_in_cluster_alternately.py [line:52] 5
2017-06-01 13:55:07,536 INFO TC538_osd_out_in_cluster_alternately.py [line:53] 
Now operate osd.2
2017-06-01 13:55:07,536 INFO TC538_osd_out_in_cluster_alternately.py [line:54] out osd.2
2017-06-01 13:55:07,546 INFO osd.py [line:62] execute command is sudo -i ceph osd out osd.2 & sleep 3
2017-06-01 13:55:10,763 INFO osd.py [line:67] osd.2 is already out cluster
2017-06-01 13:55:10,763 INFO TC538_osd_out_in_cluster_alternately.py [line:56] check if IO error
2017-06-01 13:55:25,780 INFO osd.py [line:77] execute command is sudo -i ceph osd in osd.2 & sleep 3
2017-06-01 13:55:29,029 INFO osd.py [line:80] osd.2 is already in cluster
2017-06-01 13:55:44,033 INFO TC538_osd_out_in_cluster_alternately.py [line:51] 
Now operate ubuntu-238
2017-06-01 13:55:44,033 INFO TC538_osd_out_in_cluster_alternately.py [line:52] 5
2017-06-01 13:55:44,033 INFO TC538_osd_out_in_cluster_alternately.py [line:53] 
Now operate osd.2
2017-06-01 13:55:44,033 INFO TC538_osd_out_in_cluster_alternately.py [line:54] out osd.2
2017-06-01 13:55:44,033 INFO osd.py [line:62] execute command is sudo -i ceph osd out osd.2 & sleep 3
2017-06-01 13:55:47,269 INFO osd.py [line:67] osd.2 is already out cluster
2017-06-01 13:55:47,269 INFO TC538_osd_out_in_cluster_alternately.py [line:56] check if IO error
2017-06-01 13:56:02,269 INFO osd.py [line:77] execute command is sudo -i ceph osd in osd.2 & sleep 3
2017-06-01 13:56:05,505 INFO osd.py [line:80] osd.2 is already in cluster
2017-06-01 13:56:20,512 INFO TC538_osd_out_in_cluster_alternately.py [line:51] 
Now operate ubuntu-238
2017-06-01 13:56:20,512 INFO TC538_osd_out_in_cluster_alternately.py [line:52] 5
2017-06-01 13:56:20,512 INFO TC538_osd_out_in_cluster_alternately.py [line:53] 
Now operate osd.2
2017-06-01 13:56:20,512 INFO TC538_osd_out_in_cluster_alternately.py [line:54] out osd.2
2017-06-01 13:56:20,512 INFO osd.py [line:62] execute command is sudo -i ceph osd out osd.2 & sleep 3
2017-06-01 13:56:23,753 INFO osd.py [line:67] osd.2 is already out cluster
2017-06-01 13:56:23,753 INFO TC538_osd_out_in_cluster_alternately.py [line:56] check if IO error
2017-06-01 13:56:38,756 INFO osd.py [line:77] execute command is sudo -i ceph osd in osd.2 & sleep 3
2017-06-01 13:56:41,997 INFO osd.py [line:80] osd.2 is already in cluster
2017-06-01 13:56:57,006 INFO TC538_osd_out_in_cluster_alternately.py [line:51] 
Now operate ubuntu-238
2017-06-01 13:56:57,006 INFO TC538_osd_out_in_cluster_alternately.py [line:52] 5
2017-06-01 13:56:57,006 INFO TC538_osd_out_in_cluster_alternately.py [line:53] 
Now operate osd.2
2017-06-01 13:56:57,006 INFO TC538_osd_out_in_cluster_alternately.py [line:54] out osd.2
2017-06-01 13:56:57,016 INFO osd.py [line:62] execute command is sudo -i ceph osd out osd.2 & sleep 3
2017-06-01 13:57:00,509 INFO osd.py [line:67] osd.2 is already out cluster
2017-06-01 13:57:00,509 INFO TC538_osd_out_in_cluster_alternately.py [line:56] check if IO error
2017-06-01 13:57:15,512 INFO osd.py [line:77] execute command is sudo -i ceph osd in osd.2 & sleep 3
2017-06-01 13:57:18,872 INFO osd.py [line:80] osd.2 is already in cluster
2017-06-01 13:57:33,872 INFO TC538_osd_out_in_cluster_alternately.py [line:63] Now check if there is any IO error
2017-06-01 13:57:34,483 INFO TC538_osd_out_in_cluster_alternately.py [line:51] 
Now operate ubuntu-238
2017-06-01 13:57:34,483 INFO TC538_osd_out_in_cluster_alternately.py [line:52] 5
2017-06-01 13:57:34,483 INFO TC538_osd_out_in_cluster_alternately.py [line:53] 
Now operate osd.3
2017-06-01 13:57:34,483 INFO TC538_osd_out_in_cluster_alternately.py [line:54] out osd.3
2017-06-01 13:57:34,483 INFO osd.py [line:62] execute command is sudo -i ceph osd out osd.3 & sleep 3
2017-06-01 13:57:37,806 INFO osd.py [line:67] osd.3 is already out cluster
2017-06-01 13:57:37,806 INFO TC538_osd_out_in_cluster_alternately.py [line:56] check if IO error
2017-06-01 13:57:52,815 INFO osd.py [line:77] execute command is sudo -i ceph osd in osd.3 & sleep 3
2017-06-01 13:57:56,387 INFO osd.py [line:80] osd.3 is already in cluster
2017-06-01 13:58:11,391 INFO TC538_osd_out_in_cluster_alternately.py [line:51] 
Now operate ubuntu-238
2017-06-01 13:58:11,391 INFO TC538_osd_out_in_cluster_alternately.py [line:52] 5
2017-06-01 13:58:11,391 INFO TC538_osd_out_in_cluster_alternately.py [line:53] 
Now operate osd.3
2017-06-01 13:58:11,391 INFO TC538_osd_out_in_cluster_alternately.py [line:54] out osd.3
2017-06-01 13:58:11,391 INFO osd.py [line:62] execute command is sudo -i ceph osd out osd.3 & sleep 3
2017-06-01 13:58:14,713 INFO osd.py [line:67] osd.3 is already out cluster
2017-06-01 13:58:14,713 INFO TC538_osd_out_in_cluster_alternately.py [line:56] check if IO error
2017-06-01 13:58:29,730 INFO osd.py [line:77] execute command is sudo -i ceph osd in osd.3 & sleep 3
2017-06-01 13:58:32,960 INFO osd.py [line:80] osd.3 is already in cluster
2017-06-01 13:58:47,969 INFO TC538_osd_out_in_cluster_alternately.py [line:51] 
Now operate ubuntu-238
2017-06-01 13:58:47,969 INFO TC538_osd_out_in_cluster_alternately.py [line:52] 5
2017-06-01 13:58:47,969 INFO TC538_osd_out_in_cluster_alternately.py [line:53] 
Now operate osd.3
2017-06-01 13:58:47,969 INFO TC538_osd_out_in_cluster_alternately.py [line:54] out osd.3
2017-06-01 13:58:47,969 INFO osd.py [line:62] execute command is sudo -i ceph osd out osd.3 & sleep 3
2017-06-01 13:58:51,249 INFO osd.py [line:67] osd.3 is already out cluster
2017-06-01 13:58:51,249 INFO TC538_osd_out_in_cluster_alternately.py [line:56] check if IO error
2017-06-01 13:59:06,257 INFO osd.py [line:77] execute command is sudo -i ceph osd in osd.3 & sleep 3
2017-06-01 13:59:09,575 INFO osd.py [line:80] osd.3 is already in cluster
2017-06-01 13:59:24,575 INFO TC538_osd_out_in_cluster_alternately.py [line:51] 
Now operate ubuntu-238
2017-06-01 13:59:24,575 INFO TC538_osd_out_in_cluster_alternately.py [line:52] 5
2017-06-01 13:59:24,575 INFO TC538_osd_out_in_cluster_alternately.py [line:53] 
Now operate osd.3
2017-06-01 13:59:24,575 INFO TC538_osd_out_in_cluster_alternately.py [line:54] out osd.3
2017-06-01 13:59:24,585 INFO osd.py [line:62] execute command is sudo -i ceph osd out osd.3 & sleep 3
2017-06-01 13:59:27,821 INFO osd.py [line:67] osd.3 is already out cluster
2017-06-01 13:59:27,821 INFO TC538_osd_out_in_cluster_alternately.py [line:56] check if IO error
2017-06-01 13:59:42,822 INFO osd.py [line:77] execute command is sudo -i ceph osd in osd.3 & sleep 3
2017-06-01 13:59:46,058 INFO osd.py [line:80] osd.3 is already in cluster
2017-06-01 14:00:01,065 INFO TC538_osd_out_in_cluster_alternately.py [line:51] 
Now operate ubuntu-238
2017-06-01 14:00:01,065 INFO TC538_osd_out_in_cluster_alternately.py [line:52] 5
2017-06-01 14:00:01,065 INFO TC538_osd_out_in_cluster_alternately.py [line:53] 
Now operate osd.3
2017-06-01 14:00:01,065 INFO TC538_osd_out_in_cluster_alternately.py [line:54] out osd.3
2017-06-01 14:00:01,065 INFO osd.py [line:62] execute command is sudo -i ceph osd out osd.3 & sleep 3
2017-06-01 14:00:04,282 INFO osd.py [line:67] osd.3 is already out cluster
2017-06-01 14:00:04,282 INFO TC538_osd_out_in_cluster_alternately.py [line:56] check if IO error
2017-06-01 14:00:19,299 INFO osd.py [line:77] execute command is sudo -i ceph osd in osd.3 & sleep 3
2017-06-01 14:00:22,536 INFO osd.py [line:80] osd.3 is already in cluster
2017-06-01 14:00:37,536 INFO TC538_osd_out_in_cluster_alternately.py [line:63] Now check if there is any IO error
2017-06-01 14:00:38,072 INFO TC538_osd_out_in_cluster_alternately.py [line:51] 
Now operate ubuntu-238
2017-06-01 14:00:38,072 INFO TC538_osd_out_in_cluster_alternately.py [line:52] 5
2017-06-01 14:00:38,072 INFO TC538_osd_out_in_cluster_alternately.py [line:53] 
Now operate osd.4
2017-06-01 14:00:38,072 INFO TC538_osd_out_in_cluster_alternately.py [line:54] out osd.4
2017-06-01 14:00:38,082 INFO osd.py [line:62] execute command is sudo -i ceph osd out osd.4 & sleep 3
2017-06-01 14:00:41,319 INFO osd.py [line:67] osd.4 is already out cluster
2017-06-01 14:00:41,319 INFO TC538_osd_out_in_cluster_alternately.py [line:56] check if IO error
2017-06-01 14:00:56,328 INFO osd.py [line:77] execute command is sudo -i ceph osd in osd.4 & sleep 3
2017-06-01 14:00:59,532 INFO osd.py [line:80] osd.4 is already in cluster
2017-06-01 14:01:14,536 INFO TC538_osd_out_in_cluster_alternately.py [line:51] 
Now operate ubuntu-238
2017-06-01 14:01:14,536 INFO TC538_osd_out_in_cluster_alternately.py [line:52] 5
2017-06-01 14:01:14,536 INFO TC538_osd_out_in_cluster_alternately.py [line:53] 
Now operate osd.4
2017-06-01 14:01:14,536 INFO TC538_osd_out_in_cluster_alternately.py [line:54] out osd.4
2017-06-01 14:01:14,546 INFO osd.py [line:62] execute command is sudo -i ceph osd out osd.4 & sleep 3
2017-06-01 14:01:17,772 INFO osd.py [line:67] osd.4 is already out cluster
2017-06-01 14:01:17,772 INFO TC538_osd_out_in_cluster_alternately.py [line:56] check if IO error
2017-06-01 14:01:32,773 INFO osd.py [line:77] execute command is sudo -i ceph osd in osd.4 & sleep 3
2017-06-01 14:01:36,012 INFO osd.py [line:80] osd.4 is already in cluster
2017-06-01 14:01:51,016 INFO TC538_osd_out_in_cluster_alternately.py [line:51] 
Now operate ubuntu-238
2017-06-01 14:01:51,016 INFO TC538_osd_out_in_cluster_alternately.py [line:52] 5
2017-06-01 14:01:51,016 INFO TC538_osd_out_in_cluster_alternately.py [line:53] 
Now operate osd.4
2017-06-01 14:01:51,016 INFO TC538_osd_out_in_cluster_alternately.py [line:54] out osd.4
2017-06-01 14:01:51,026 INFO osd.py [line:62] execute command is sudo -i ceph osd out osd.4 & sleep 3
2017-06-01 14:01:54,253 INFO osd.py [line:67] osd.4 is already out cluster
2017-06-01 14:01:54,253 INFO TC538_osd_out_in_cluster_alternately.py [line:56] check if IO error
2017-06-01 14:02:09,253 INFO osd.py [line:77] execute command is sudo -i ceph osd in osd.4 & sleep 3
2017-06-01 14:02:12,487 INFO osd.py [line:80] osd.4 is already in cluster
2017-06-01 14:02:27,490 INFO TC538_osd_out_in_cluster_alternately.py [line:51] 
Now operate ubuntu-238
2017-06-01 14:02:27,490 INFO TC538_osd_out_in_cluster_alternately.py [line:52] 5
2017-06-01 14:02:27,490 INFO TC538_osd_out_in_cluster_alternately.py [line:53] 
Now operate osd.4
2017-06-01 14:02:27,490 INFO TC538_osd_out_in_cluster_alternately.py [line:54] out osd.4
2017-06-01 14:02:27,490 INFO osd.py [line:62] execute command is sudo -i ceph osd out osd.4 & sleep 3
2017-06-01 14:02:30,737 INFO osd.py [line:67] osd.4 is already out cluster
2017-06-01 14:02:30,737 INFO TC538_osd_out_in_cluster_alternately.py [line:56] check if IO error
2017-06-01 14:02:45,747 INFO osd.py [line:77] execute command is sudo -i ceph osd in osd.4 & sleep 3
2017-06-01 14:02:48,994 INFO osd.py [line:80] osd.4 is already in cluster
2017-06-01 14:03:04,002 INFO TC538_osd_out_in_cluster_alternately.py [line:51] 
Now operate ubuntu-238
2017-06-01 14:03:04,002 INFO TC538_osd_out_in_cluster_alternately.py [line:52] 5
2017-06-01 14:03:04,002 INFO TC538_osd_out_in_cluster_alternately.py [line:53] 
Now operate osd.4
2017-06-01 14:03:04,002 INFO TC538_osd_out_in_cluster_alternately.py [line:54] out osd.4
2017-06-01 14:03:04,002 INFO osd.py [line:62] execute command is sudo -i ceph osd out osd.4 & sleep 3
2017-06-01 14:03:07,325 INFO osd.py [line:67] osd.4 is already out cluster
2017-06-01 14:03:07,325 INFO TC538_osd_out_in_cluster_alternately.py [line:56] check if IO error
2017-06-01 14:03:22,329 INFO osd.py [line:77] execute command is sudo -i ceph osd in osd.4 & sleep 3
2017-06-01 14:03:25,575 INFO osd.py [line:80] osd.4 is already in cluster
2017-06-01 14:03:40,576 INFO TC538_osd_out_in_cluster_alternately.py [line:63] Now check if there is any IO error
2017-06-01 14:03:41,591 INFO TC538_osd_out_in_cluster_alternately.py [line:70] TC538_osd_out_in_cluster_alternately runs complete
