2017-05-23 12:08:32,262 INFO TC38_osd_out_in_cluster.py [line:25] 
This test case will do the following steps:
1. start IO on 10 images with randwrite and verify
2. login the first node 
3. out all osds in sequence
4. stop all osds in sequence
5. start all osds in sequence
6. add in all osds in sequence
7. check the cluster status
8. repeat step 2-7 on the other node

2017-05-23 12:08:33,884 INFO monitors.py [line:123]    "quorum_leader_name": "denali01",

2017-05-23 12:08:33,884 INFO monitors.py [line:126]    "quorum_leader_name": "denali01",
2017-05-23 12:08:33,884 INFO TC38_osd_out_in_cluster.py [line:30] start to check cluster status before case running
2017-05-23 12:08:33,931 INFO cluster.py [line:203] execute command is ceph -s
2017-05-23 12:08:34,696 INFO cluster.py [line:205]    cluster 012dd832-3b17-4cb0-b763-c71908a82dda
     health HEALTH_OK
     monmap e3: 3 mons at {denali01=192.168.28.26:6789/0,denali02=192.168.28.33:6789/0,denali03=192.168.28.34:6789/0}
            election epoch 8, quorum 0,1,2 denali01,denali02,denali03
     osdmap e98: 9 osds: 9 up, 9 in
            flags sortbitwise,require_jewel_osds,require_kraken_osds
      pgmap v76286: 3016 pgs, 13 pools, 13226 MB data, 4248 objects
            37430 MB used, 302 GB / 338 GB avail
                3016 active+clean
  client io 7272 B/s rd, 3360 kB/s wr, 9 op/s rd, 420 op/s wr

2017-05-23 12:08:34,696 INFO cluster.py [line:230] PG number is 3016
2017-05-23 12:08:34,696 INFO cluster.py [line:231] usefull PG number is 3016
2017-05-23 12:08:34,711 INFO TC38_osd_out_in_cluster.py [line:33] health status is OK
2017-05-23 12:08:34,711 INFO TC38_osd_out_in_cluster.py [line:38] 
Step 1: start IO from clients
2017-05-23 12:08:34,711 INFO base.py [line:35] 
Now start IO on  clientrbdImg0
2017-05-23 12:08:35,319 INFO client.py [line:125] pid info is 7010
2017-05-23 12:08:35,319 INFO client.py [line:125] pid info is 7011
2017-05-23 12:08:35,319 INFO base.py [line:35] 
Now start IO on  clientrbdImg1
2017-05-23 12:08:36,118 INFO client.py [line:125] pid info is 7063
2017-05-23 12:08:36,118 INFO client.py [line:125] pid info is 7064
2017-05-23 12:08:36,118 INFO base.py [line:35] 
Now start IO on  clientrbdImg2
2017-05-23 12:08:37,022 INFO client.py [line:125] pid info is 7116
2017-05-23 12:08:37,022 INFO client.py [line:125] pid info is 7117
2017-05-23 12:08:37,022 INFO base.py [line:35] 
Now start IO on  clientrbdImg3
2017-05-23 12:08:37,759 INFO client.py [line:125] pid info is 7165
2017-05-23 12:08:37,759 INFO client.py [line:125] pid info is 7166
2017-05-23 12:08:37,759 INFO base.py [line:35] 
Now start IO on  clientrbdImg4
2017-05-23 12:08:38,430 INFO client.py [line:125] pid info is 7214
2017-05-23 12:08:38,430 INFO client.py [line:125] pid info is 7215
2017-05-23 12:08:38,430 INFO base.py [line:35] 
Now start IO on  clientrbdImg5
2017-05-23 12:08:39,444 INFO client.py [line:125] pid info is 7263
2017-05-23 12:08:39,444 INFO client.py [line:125] pid info is 7264
2017-05-23 12:08:39,444 INFO base.py [line:35] 
Now start IO on  clientrbdImg6
2017-05-23 12:08:40,160 INFO client.py [line:125] pid info is 7293
2017-05-23 12:08:40,160 INFO client.py [line:125] pid info is 7294
2017-05-23 12:08:40,160 INFO base.py [line:35] 
Now start IO on  clientrbdImg7
2017-05-23 12:08:41,095 INFO client.py [line:125] pid info is 7347
2017-05-23 12:08:41,095 INFO client.py [line:125] pid info is 7348
2017-05-23 12:08:41,095 INFO base.py [line:35] 
Now start IO on  clientrbdImg8
2017-05-23 12:08:41,875 INFO client.py [line:125] pid info is 7416
2017-05-23 12:08:41,875 INFO client.py [line:125] pid info is 7417
2017-05-23 12:08:41,875 INFO base.py [line:35] 
Now start IO on  clientrbdImg9
2017-05-23 12:08:42,671 INFO client.py [line:125] pid info is 7449
2017-05-23 12:08:42,671 INFO client.py [line:125] pid info is 7450
2017-05-23 12:08:42,671 INFO base.py [line:35] 
Now start IO on  clientrbdImg0
2017-05-23 12:08:43,717 INFO client.py [line:125] pid info is 7010
2017-05-23 12:08:43,717 INFO client.py [line:125] pid info is 7011
2017-05-23 12:08:43,717 INFO client.py [line:125] pid info is 7498
2017-05-23 12:08:43,717 INFO client.py [line:125] pid info is 7499
2017-05-23 12:08:43,717 INFO base.py [line:35] 
Now start IO on  clientrbdImg1
2017-05-23 12:08:45,105 INFO client.py [line:125] pid info is 7063
2017-05-23 12:08:45,105 INFO client.py [line:125] pid info is 7064
2017-05-23 12:08:45,105 INFO client.py [line:125] pid info is 7565
2017-05-23 12:08:45,105 INFO client.py [line:125] pid info is 7566
2017-05-23 12:08:45,105 INFO base.py [line:35] 
Now start IO on  clientrbdImg2
2017-05-23 12:08:51,709 INFO client.py [line:125] pid info is 7116
2017-05-23 12:08:51,709 INFO client.py [line:125] pid info is 7117
2017-05-23 12:08:51,709 INFO client.py [line:125] pid info is 7605
2017-05-23 12:08:51,709 INFO client.py [line:125] pid info is 7606
2017-05-23 12:08:51,709 INFO base.py [line:35] 
Now start IO on  clientrbdImg3
2017-05-23 12:08:53,940 INFO client.py [line:125] pid info is 7165
2017-05-23 12:08:53,940 INFO client.py [line:125] pid info is 7166
2017-05-23 12:08:53,940 INFO client.py [line:125] pid info is 7686
2017-05-23 12:08:53,940 INFO client.py [line:125] pid info is 7687
2017-05-23 12:08:53,940 INFO base.py [line:35] 
Now start IO on  clientrbdImg4
2017-05-23 12:09:05,190 INFO client.py [line:125] pid info is 7214
2017-05-23 12:09:05,190 INFO client.py [line:125] pid info is 7215
2017-05-23 12:09:05,190 INFO client.py [line:125] pid info is 7720
2017-05-23 12:09:05,190 INFO client.py [line:125] pid info is 7721
2017-05-23 12:09:05,190 INFO base.py [line:35] 
Now start IO on  clientrbdImg5
2017-05-23 12:09:07,469 INFO client.py [line:125] pid info is 7263
2017-05-23 12:09:07,469 INFO client.py [line:125] pid info is 7264
2017-05-23 12:09:07,469 INFO client.py [line:125] pid info is 7794
2017-05-23 12:09:07,469 INFO client.py [line:125] pid info is 7800
2017-05-23 12:09:07,469 INFO base.py [line:35] 
Now start IO on  clientrbdImg6
2017-05-23 12:09:14,259 INFO client.py [line:125] pid info is 7293
2017-05-23 12:09:14,259 INFO client.py [line:125] pid info is 7294
2017-05-23 12:09:14,259 INFO client.py [line:125] pid info is 7827
2017-05-23 12:09:14,259 INFO client.py [line:125] pid info is 7828
2017-05-23 12:09:14,259 INFO base.py [line:35] 
Now start IO on  clientrbdImg7
2017-05-23 12:09:17,196 INFO client.py [line:125] pid info is 7347
2017-05-23 12:09:17,196 INFO client.py [line:125] pid info is 7348
2017-05-23 12:09:17,196 INFO client.py [line:125] pid info is 7904
2017-05-23 12:09:17,196 INFO client.py [line:125] pid info is 7907
2017-05-23 12:09:17,196 INFO base.py [line:35] 
Now start IO on  clientrbdImg8
2017-05-23 12:09:26,828 INFO client.py [line:125] pid info is 7416
2017-05-23 12:09:26,828 INFO client.py [line:125] pid info is 7417
2017-05-23 12:09:26,828 INFO client.py [line:125] pid info is 7938
2017-05-23 12:09:26,828 INFO client.py [line:125] pid info is 7940
2017-05-23 12:09:26,828 INFO base.py [line:35] 
Now start IO on  clientrbdImg9
2017-05-23 12:09:28,894 INFO client.py [line:125] pid info is 7449
2017-05-23 12:09:28,894 INFO client.py [line:125] pid info is 7450
2017-05-23 12:09:28,894 INFO client.py [line:125] pid info is 8017
2017-05-23 12:09:28,894 INFO client.py [line:125] pid info is 8018
2017-05-23 12:09:28,894 INFO base.py [line:35] 
Now start IO on  clientrbdImg0
2017-05-23 12:09:39,914 INFO client.py [line:125] pid info is 7010
2017-05-23 12:09:39,914 INFO client.py [line:125] pid info is 7011
2017-05-23 12:09:39,914 INFO client.py [line:125] pid info is 7498
2017-05-23 12:09:39,914 INFO client.py [line:125] pid info is 7499
2017-05-23 12:09:39,914 INFO client.py [line:125] pid info is 8051
2017-05-23 12:09:39,914 INFO client.py [line:125] pid info is 8052
2017-05-23 12:09:39,914 INFO base.py [line:35] 
Now start IO on  clientrbdImg1
2017-05-23 12:09:41,490 INFO client.py [line:125] pid info is 7063
2017-05-23 12:09:41,490 INFO client.py [line:125] pid info is 7064
2017-05-23 12:09:41,490 INFO client.py [line:125] pid info is 8128
2017-05-23 12:09:41,490 INFO client.py [line:125] pid info is 8131
2017-05-23 12:09:41,490 INFO base.py [line:35] 
Now start IO on  clientrbdImg2
2017-05-23 12:09:42,348 INFO client.py [line:125] pid info is 7116
2017-05-23 12:09:42,348 INFO client.py [line:125] pid info is 7117
2017-05-23 12:09:42,348 INFO client.py [line:125] pid info is 8158
2017-05-23 12:09:42,348 INFO client.py [line:125] pid info is 8159
2017-05-23 12:09:42,348 INFO base.py [line:35] 
Now start IO on  clientrbdImg3
2017-05-23 12:09:48,382 INFO client.py [line:125] pid info is 7165
2017-05-23 12:09:48,382 INFO client.py [line:125] pid info is 7166
2017-05-23 12:09:48,382 INFO client.py [line:125] pid info is 7686
2017-05-23 12:09:48,382 INFO client.py [line:125] pid info is 7687
2017-05-23 12:09:48,382 INFO client.py [line:125] pid info is 8234
2017-05-23 12:09:48,382 INFO client.py [line:125] pid info is 8236
2017-05-23 12:09:48,382 INFO base.py [line:35] 
Now start IO on  clientrbdImg4
2017-05-23 12:10:21,677 INFO client.py [line:125] pid info is 7214
2017-05-23 12:10:21,677 INFO client.py [line:125] pid info is 7215
2017-05-23 12:10:21,677 INFO client.py [line:125] pid info is 7720
2017-05-23 12:10:21,677 INFO client.py [line:125] pid info is 7721
2017-05-23 12:10:21,677 INFO base.py [line:35] 
Now start IO on  clientrbdImg5
