2017-06-29 15:57:33,131 INFO createImgInvalidNameSize.py [line:20] 
create/delete pool, image, snap, clone

2017-06-29 15:57:35,115 INFO monitors.py [line:126]    "quorum_leader_name": "denali1",
stdin: is not a tty

2017-06-29 15:57:35,115 INFO monitors.py [line:129]    "quorum_leader_name": "denali1",
2017-06-29 15:57:46,415 INFO loginlogout.py [line:13] login
2017-06-29 15:57:53,404 INFO loginlogout.py [line:24] now we have loggin
2017-06-29 15:57:55,404 INFO createImgInvalidNameSize.py [line:34] create the pool with name UITestpool
2017-06-29 15:57:55,405 INFO poolManagement.py [line:50] Create pool
2017-06-29 15:58:50,384 INFO createImgInvalidNameSize.py [line:39] create the pool with invalid name UITestpool-
2017-06-29 15:58:50,384 INFO poolManagement.py [line:50] Create pool
2017-06-29 15:59:17,007 INFO poolManagement.py [line:84] The info you input for pool is illegal 
2017-06-29 15:59:17,049 INFO poolManagement.py [line:86] 名称仅允许字母、数字、下划线(第1位除外),长度为3-30位
2017-06-29 15:59:22,546 INFO createImgInvalidNameSize.py [line:44] create the pool with invalid pool size -10
2017-06-29 15:59:22,548 INFO poolManagement.py [line:50] Create pool
2017-06-29 15:59:49,263 INFO poolManagement.py [line:84] The info you input for pool is illegal 
2017-06-29 15:59:49,318 INFO poolManagement.py [line:86] 请输入正确的规划容量大小
2017-06-29 15:59:54,842 INFO createImgInvalidNameSize.py [line:49] create the image with invalid name UITestImg-
2017-06-29 15:59:54,848 INFO poolManagement.py [line:135] create block device img 
2017-06-29 16:00:18,503 INFO poolManagement.py [line:178] 
2017-06-29 16:00:18,503 INFO poolManagement.py [line:179] The info you input for image is illegal 
2017-06-29 16:00:24,105 INFO createImgInvalidNameSize.py [line:54] create the image with invalid size 01TB 
2017-06-29 16:00:24,108 INFO poolManagement.py [line:135] create block device img 
2017-06-29 16:01:24,476 INFO poolManagement.py [line:237] Delete block device img 
2017-06-29 16:01:40,000 INFO poolManagement.py [line:244] 1
2017-06-29 16:01:40,042 INFO poolManagement.py [line:247] UITestImg
2017-06-29 16:01:40,292 INFO poolManagement.py [line:255] 确定要删除这个镜像: UITestImg?

此操作不可恢复
2017-06-29 16:01:51,400 INFO poolManagement.py [line:102] delete pool
2017-06-29 16:01:59,150 INFO poolManagement.py [line:111] 1
2017-06-29 16:01:59,188 INFO poolManagement.py [line:113] UITestpool
2017-06-29 16:01:59,401 INFO poolManagement.py [line:120] 确定删除这个存储池: UITestpool?

此操作不可恢复
2017-06-29 16:02:27,142 INFO loginlogout.py [line:32] logout
2017-06-29 16:02:28,532 INFO createImgInvalidNameSize.py [line:64] logout
