2017-06-29 16:06:15,845 INFO deletImgwithSnap.py [line:20] 
create/delete pool, image, snap, clone

2017-06-29 16:06:17,351 INFO monitors.py [line:126]    "quorum_leader_name": "denali1",
stdin: is not a tty

2017-06-29 16:06:17,351 INFO monitors.py [line:129]    "quorum_leader_name": "denali1",
2017-06-29 16:06:27,884 INFO loginlogout.py [line:13] login
2017-06-29 16:06:34,757 INFO loginlogout.py [line:24] now we have loggin
2017-06-29 16:06:38,948 INFO deletImgwithSnap.py [line:37] create the pool with name UITestpool
2017-06-29 16:06:38,950 INFO poolManagement.py [line:50] Create pool
2017-06-29 16:07:30,904 INFO deletImgwithSnap.py [line:41] create the image with invalid size 01TB 
2017-06-29 16:07:30,904 INFO poolManagement.py [line:135] create block device img 
2017-06-29 16:08:26,506 INFO poolManagement.py [line:287] Create snap for block device 
2017-06-29 16:08:42,986 INFO poolManagement.py [line:317] There is no block image.
2017-06-29 16:08:42,987 INFO poolManagement.py [line:318] The info you input for snap is illegal 
2017-06-29 16:08:45,454 INFO poolManagement.py [line:237] Delete block device img 
2017-06-29 16:09:01,002 INFO poolManagement.py [line:244] 1
2017-06-29 16:09:01,068 INFO poolManagement.py [line:247] UITestImg
2017-06-29 16:09:01,309 INFO poolManagement.py [line:255] Are you sure you want to delete this image: UITestImg?

You cannot undo this action
2017-06-29 16:09:10,990 INFO poolManagement.py [line:412] Create clone for block device 
2017-06-29 16:09:12,788 INFO poolManagement.py [line:417] 0
2017-06-29 16:09:14,789 INFO poolManagement.py [line:102] delete pool
2017-06-29 16:09:22,420 INFO poolManagement.py [line:111] 1
2017-06-29 16:09:22,460 INFO poolManagement.py [line:113] UITestpool
2017-06-29 16:09:22,644 INFO poolManagement.py [line:120] Are you sure you want to delete this storage pools: UITestpool?

You cannot undo this action
2017-06-29 16:09:52,282 INFO poolManagement.py [line:237] Delete block device img 
2017-06-29 16:10:08,375 INFO poolManagement.py [line:244] 0
2017-06-29 16:10:10,898 INFO poolManagement.py [line:102] delete pool
2017-06-29 16:10:19,017 INFO poolManagement.py [line:111] 0
2017-06-29 16:10:39,549 INFO loginlogout.py [line:32] logout
2017-06-29 16:10:40,993 INFO deletImgwithSnap.py [line:61] logout
