2017-05-26 23:50:53,839 INFO monitors.py [line:126]    "quorum_leader_name": "osdnode2",
stdin: is not a tty

2017-05-26 23:50:53,839 INFO monitors.py [line:129]    "quorum_leader_name": "osdnode2",
2017-05-26 23:50:59,723 INFO client.py [line:169] ['enali   28240 28239  0 15:51 ?        00:00:00 bash -c sudo -i ps -ef | grep fio', 'denali   28242 28240  0 15:51 ?        00:00:00 grep fio', 'stdin: is not a tty', '']
2017-05-26 23:50:59,724 INFO client.py [line:174] IO stopped
2017-05-26 23:50:59,727 INFO client.py [line:175] start IO again
2017-05-26 23:50:59,730 INFO base.py [line:37] 
Now start IO on  linlirbdImg0
2017-05-26 23:51:05,244 INFO client.py [line:138] nohup sudo -i fio -direct=1 -iodepth_batch_complete=1 -ioengine=rbd -clientname=linli -pool=reliablityTestPool -rbdname=linlirbdImg0 -rw=randwrite -bs=8K -size=10G -norandommap=1 -randrepeat=0 -verify=md5 -verify_fatal=1 -verify_dump=1 -do_verify=1 -overwrite=1 -iodepth=256 -name=linlirbdImg0
2017-05-26 23:51:11,213 INFO base.py [line:37] 
Now start IO on  linlirbdImg1
2017-05-26 23:51:20,180 INFO client.py [line:138] nohup sudo -i fio -direct=1 -iodepth_batch_complete=1 -ioengine=rbd -clientname=linli -pool=reliablityTestPool -rbdname=linlirbdImg1 -rw=randwrite -bs=8K -size=15G -norandommap=1 -randrepeat=0 -verify=md5 -verify_fatal=1 -verify_dump=1 -do_verify=1 -overwrite=1 -iodepth=256 -name=linlirbdImg1
2017-05-26 23:51:26,089 INFO base.py [line:37] 
Now start IO on  linlirbdImg2
2017-05-26 23:51:31,664 INFO client.py [line:138] nohup sudo -i fio -direct=1 -iodepth_batch_complete=1 -ioengine=rbd -clientname=linli -pool=reliablityTestPool -rbdname=linlirbdImg2 -rw=randwrite -bs=8K -size=20G -norandommap=1 -randrepeat=0 -verify=md5 -verify_fatal=1 -verify_dump=1 -do_verify=1 -overwrite=1 -iodepth=256 -name=linlirbdImg2
2017-05-26 23:51:37,558 INFO base.py [line:37] 
Now start IO on  linlirbdImg3
2017-05-26 23:51:43,065 INFO client.py [line:138] nohup sudo -i fio -direct=1 -iodepth_batch_complete=1 -ioengine=rbd -clientname=linli -pool=reliablityTestPool -rbdname=linlirbdImg3 -rw=randwrite -bs=8K -size=25G -norandommap=1 -randrepeat=0 -verify=md5 -verify_fatal=1 -verify_dump=1 -do_verify=1 -overwrite=1 -iodepth=256 -name=linlirbdImg3
2017-05-26 23:51:49,753 INFO base.py [line:37] 
Now start IO on  linlirbdImg4
2017-05-26 23:51:56,723 INFO client.py [line:138] nohup sudo -i fio -direct=1 -iodepth_batch_complete=1 -ioengine=rbd -clientname=linli -pool=reliablityTestPool -rbdname=linlirbdImg4 -rw=randwrite -bs=8K -size=30G -norandommap=1 -randrepeat=0 -verify=md5 -verify_fatal=1 -verify_dump=1 -do_verify=1 -overwrite=1 -iodepth=256 -name=linlirbdImg4
2017-05-26 23:52:03,005 INFO base.py [line:37] 
Now start IO on  linlirbdImg5
2017-05-26 23:52:08,410 INFO client.py [line:138] nohup sudo -i fio -direct=1 -iodepth_batch_complete=1 -ioengine=rbd -clientname=linli -pool=reliablityTestPool -rbdname=linlirbdImg5 -rw=randwrite -bs=8K -size=35G -norandommap=1 -randrepeat=0 -verify=md5 -verify_fatal=1 -verify_dump=1 -do_verify=1 -overwrite=1 -iodepth=256 -name=linlirbdImg5
2017-05-26 23:52:14,878 INFO base.py [line:37] 
Now start IO on  linlirbdImg6
2017-05-26 23:52:20,288 INFO client.py [line:138] nohup sudo -i fio -direct=1 -iodepth_batch_complete=1 -ioengine=rbd -clientname=linli -pool=reliablityTestPool -rbdname=linlirbdImg6 -rw=randwrite -bs=8K -size=40G -norandommap=1 -randrepeat=0 -verify=md5 -verify_fatal=1 -verify_dump=1 -do_verify=1 -overwrite=1 -iodepth=256 -name=linlirbdImg6
2017-05-26 23:52:25,263 INFO base.py [line:37] 
Now start IO on  linlirbdImg7
2017-05-26 23:52:30,767 INFO client.py [line:138] nohup sudo -i fio -direct=1 -iodepth_batch_complete=1 -ioengine=rbd -clientname=linli -pool=reliablityTestPool -rbdname=linlirbdImg7 -rw=randwrite -bs=8K -size=45G -norandommap=1 -randrepeat=0 -verify=md5 -verify_fatal=1 -verify_dump=1 -do_verify=1 -overwrite=1 -iodepth=256 -name=linlirbdImg7
2017-05-26 23:52:35,875 INFO base.py [line:37] 
Now start IO on  linlirbdImg8
2017-05-26 23:52:42,933 INFO client.py [line:138] nohup sudo -i fio -direct=1 -iodepth_batch_complete=1 -ioengine=rbd -clientname=linli -pool=reliablityTestPool -rbdname=linlirbdImg8 -rw=randwrite -bs=8K -size=50G -norandommap=1 -randrepeat=0 -verify=md5 -verify_fatal=1 -verify_dump=1 -do_verify=1 -overwrite=1 -iodepth=256 -name=linlirbdImg8
2017-05-26 23:52:47,918 INFO base.py [line:37] 
Now start IO on  linlirbdImg9
2017-05-26 23:52:53,799 INFO client.py [line:138] nohup sudo -i fio -direct=1 -iodepth_batch_complete=1 -ioengine=rbd -clientname=linli -pool=reliablityTestPool -rbdname=linlirbdImg9 -rw=randwrite -bs=8K -size=55G -norandommap=1 -randrepeat=0 -verify=md5 -verify_fatal=1 -verify_dump=1 -do_verify=1 -overwrite=1 -iodepth=256 -name=linlirbdImg9
