2017-06-30 13:25:18,974 INFO deletImgwithSnap.py [line:20] 
create/delete pool, image, snap, clone

2017-06-30 13:25:20,506 INFO monitors.py [line:126]    "quorum_leader_name": "denali1",
stdin: is not a tty

2017-06-30 13:25:20,506 INFO monitors.py [line:129]    "quorum_leader_name": "denali1",
2017-06-30 13:25:31,016 INFO loginlogout.py [line:13] login
2017-06-30 13:25:37,838 INFO loginlogout.py [line:24] now we have loggin
2017-06-30 13:25:42,096 INFO deletImgwithSnap.py [line:37] create the pool with name UITestpool
2017-06-30 13:25:42,096 INFO poolManagement.py [line:50] Create pool
2017-06-30 13:26:33,691 INFO deletImgwithSnap.py [line:41] create the image with invalid size 01TB 
2017-06-30 13:26:33,691 INFO poolManagement.py [line:135] create block device img 
2017-06-30 13:27:29,006 INFO poolManagement.py [line:287] Create snap for block device 
2017-06-30 13:27:45,385 INFO poolManagement.py [line:317] There is no block image.
2017-06-30 13:27:45,385 INFO poolManagement.py [line:318] The info you input for snap is illegal 
2017-06-30 13:27:47,704 INFO poolManagement.py [line:237] Delete block device img 
2017-06-30 13:28:03,186 INFO poolManagement.py [line:244] 1
2017-06-30 13:28:03,230 INFO poolManagement.py [line:247] UITestImg
2017-06-30 13:28:03,464 INFO poolManagement.py [line:255] Are you sure you want to delete this image: UITestImg?

You cannot undo this action
2017-06-30 13:28:13,082 INFO poolManagement.py [line:412] Create clone for block device 
2017-06-30 13:28:14,898 INFO poolManagement.py [line:417] 0
2017-06-30 13:28:16,907 INFO poolManagement.py [line:102] delete pool
2017-06-30 13:28:24,377 INFO poolManagement.py [line:111] 1
2017-06-30 13:28:24,430 INFO poolManagement.py [line:113] UITestpool
2017-06-30 13:28:24,588 INFO poolManagement.py [line:120] Are you sure you want to delete this storage pools: UITestpool?

You cannot undo this action
2017-06-30 13:28:54,213 INFO poolManagement.py [line:237] Delete block device img 
2017-06-30 13:29:10,236 INFO poolManagement.py [line:244] 0
2017-06-30 13:29:12,686 INFO poolManagement.py [line:102] delete pool
2017-06-30 13:29:20,769 INFO poolManagement.py [line:111] 0
2017-06-30 13:29:41,203 INFO loginlogout.py [line:32] logout
2017-06-30 13:29:42,604 INFO deletImgwithSnap.py [line:61] logout
