2017-06-01 21:45:13,010 INFO TC538_osd_out_in_cluster_alternately.py [line:25] 
This test case will do the following steps:
1. start IO on 10 images with randwrite and verify
2. login the first node 
3. out all osds in sequence
4. stop all osds in sequence
5. start all osds in sequence
6. add in all osds in sequence
7. check the cluster status
8. repeat step 2-7 on the other node

2017-06-01 21:45:13,891 INFO monitors.py [line:126]    "quorum_leader_name": "ubuntu-238",
stdin: is not a tty

2017-06-01 21:45:13,891 INFO monitors.py [line:129]    "quorum_leader_name": "ubuntu-238",
2017-06-01 21:45:13,891 INFO TC538_osd_out_in_cluster_alternately.py [line:30] start to check cluster status before case running
2017-06-01 21:45:13,950 INFO cluster.py [line:211] execute command is ceph -s
2017-06-01 21:45:14,671 INFO cluster.py [line:213]    cluster 3dcaba34-d49b-4025-99c6-d9a43d4b0fda
     health HEALTH_OK
     monmap e1: 1 mons at {ubuntu-238=192.168.28.238:6789/0}
            election epoch 3, quorum 0 ubuntu-238
     osdmap e2889: 10 osds: 10 up, 10 in
            flags sortbitwise,require_jewel_osds,require_kraken_osds
      pgmap v22228: 512 pgs, 1 pools, 1472 GB data, 375 kobjects
            433 GB used, 6558 GB / 6991 GB avail
                 512 active+clean
  client io 8016 kB/s wr, 0 op/s rd, 1002 op/s wr
2017-06-01 13:45:19.153811 7f05a4a5d700 -1 asok(0x7f05a0000fe0) AdminSocketConfigObs::init: failed: AdminSocket::bind_and_listen: failed to bind the UNIX domain socket to '/var/run/ceph/ceph-client.admin.7658.139662135923072.asok': (13) Permission denied

2017-06-01 21:45:14,671 INFO cluster.py [line:238] PG number is 512
2017-06-01 21:45:14,680 INFO cluster.py [line:239] usefull PG number is 512
2017-06-01 21:45:14,680 INFO TC538_osd_out_in_cluster_alternately.py [line:33] health status is OK
2017-06-01 21:45:14,680 INFO TC538_osd_out_in_cluster_alternately.py [line:38] 
Step1: Check IO from clients
2017-06-01 21:45:15,740 INFO client.py [line:169] ['oot      5501     1  0 06:23 ?        00:00:00 sudo -i fio -direct=1 -iodepth_batch_complete=1 -ioengine=rbd -clientname=linli -pool=reliablityTestPool -rbdname=linlirbdImg0 -rw=randwrite -bs=8K -size=100G -norandommap=1 -randrepeat=0 -verify=md5 -verify_fatal=1 -verify_dump=1 -do_verify=1 -overwrite=1 -iodepth=256 -name=linlirbdImg0', 'root      5502  5501 39 06:23 ?        02:56:49 fio -direct=1 -iodepth_batch_complete=1 -ioengine=rbd -clientname=linli -pool=reliablityTestPool -rbdname=linlirbdImg0 -rw=randwrite -bs=8K -size=100G -norandommap=1 -randrepeat=0 -verify=md5 -verify_fatal=1 -verify_dump=1 -do_verify=1 -overwrite=1 -iodepth=256 -name=linlirbdImg0', 'root      5534     1  0 06:23 ?        00:00:00 sudo -i fio -direct=1 -iodepth_batch_complete=1 -ioengine=rbd -clientname=linli -pool=reliablityTestPool -rbdname=linlirbdImg1 -rw=randwrite -bs=8K -size=200G -norandommap=1 -randrepeat=0 -verify=md5 -verify_fatal=1 -verify_dump=1 -do_verify=1 -overwrite=1 -iodepth=256 -name=linlirbdImg1', 'root      5535  5534 40 06:23 ?        02:56:53 fio -direct=1 -iodepth_batch_complete=1 -ioengine=rbd -clientname=linli -pool=reliablityTestPool -rbdname=linlirbdImg1 -rw=randwrite -bs=8K -size=200G -norandommap=1 -randrepeat=0 -verify=md5 -verify_fatal=1 -verify_dump=1 -do_verify=1 -overwrite=1 -iodepth=256 -name=linlirbdImg1', 'root      5567     1  0 06:23 ?        00:00:00 sudo -i fio -direct=1 -iodepth_batch_complete=1 -ioengine=rbd -clientname=linli -pool=reliablityTestPool -rbdname=linlirbdImg2 -rw=randwrite -bs=8K -size=300G -norandommap=1 -randrepeat=0 -verify=md5 -verify_fatal=1 -verify_dump=1 -do_verify=1 -overwrite=1 -iodepth=256 -name=linlirbdImg2', 'root      5568  5567 39 06:23 ?        02:56:33 fio -direct=1 -iodepth_batch_complete=1 -ioengine=rbd -clientname=linli -pool=reliablityTestPool -rbdname=linlirbdImg2 -rw=randwrite -bs=8K -size=300G -norandommap=1 -randrepeat=0 -verify=md5 -verify_fatal=1 -verify_dump=1 -do_verify=1 -overwrite=1 -iodepth=256 -name=linlirbdImg2', 'root      5600     1  0 06:23 ?        00:00:00 sudo -i fio -direct=1 -iodepth_batch_complete=1 -ioengine=rbd -clientname=linli -pool=reliablityTestPool -rbdname=linlirbdImg3 -rw=randwrite -bs=8K -size=400G -norandommap=1 -randrepeat=0 -verify=md5 -verify_fatal=1 -verify_dump=1 -do_verify=1 -overwrite=1 -iodepth=256 -name=linlirbdImg3', 'root      5601  5600 39 06:23 ?        02:56:32 fio -direct=1 -iodepth_batch_complete=1 -ioengine=rbd -clientname=linli -pool=reliablityTestPool -rbdname=linlirbdImg3 -rw=randwrite -bs=8K -size=400G -norandommap=1 -randrepeat=0 -verify=md5 -verify_fatal=1 -verify_dump=1 -do_verify=1 -overwrite=1 -iodepth=256 -name=linlirbdImg3', 'root      5633     1  0 06:23 ?        00:00:00 sudo -i fio -direct=1 -iodepth_batch_complete=1 -ioengine=rbd -clientname=linli -pool=reliablityTestPool -rbdname=linlirbdImg4 -rw=randwrite -bs=8K -size=500G -norandommap=1 -randrepeat=0 -verify=md5 -verify_fatal=1 -verify_dump=1 -do_verify=1 -overwrite=1 -iodepth=256 -name=linlirbdImg4', 'root      5634  5633 39 06:23 ?        02:56:42 fio -direct=1 -iodepth_batch_complete=1 -ioengine=rbd -clientname=linli -pool=reliablityTestPool -rbdname=linlirbdImg4 -rw=randwrite -bs=8K -size=500G -norandommap=1 -randrepeat=0 -verify=md5 -verify_fatal=1 -verify_dump=1 -do_verify=1 -overwrite=1 -iodepth=256 -name=linlirbdImg4', 'denali    6191  6190  0 13:45 ?        00:00:00 bash -c sudo -i ps -ef | grep fio', 'denali    6193  6191  0 13:45 ?        00:00:00 grep fio', 'stdin: is not a tty', '']
2017-06-01 21:45:15,760 INFO client.py [line:171] IO is running
2017-06-01 21:46:15,766 INFO TC538_osd_out_in_cluster_alternately.py [line:46] 
Step 2: Out the osd and check IO
2017-06-01 21:46:15,766 INFO TC538_osd_out_in_cluster_alternately.py [line:51] 
Now operate ubuntu-237
2017-06-01 21:46:15,766 INFO TC538_osd_out_in_cluster_alternately.py [line:52] 5
2017-06-01 21:46:15,766 INFO TC538_osd_out_in_cluster_alternately.py [line:53] 
Now operate osd.5
2017-06-01 21:46:15,766 INFO TC538_osd_out_in_cluster_alternately.py [line:54] out osd.5
2017-06-01 21:46:15,776 INFO osd.py [line:62] execute command is sudo -i ceph osd out osd.5 & sleep 3
2017-06-01 21:46:19,145 INFO osd.py [line:67] osd.5 is already out cluster
2017-06-01 21:46:19,145 INFO TC538_osd_out_in_cluster_alternately.py [line:56] check if IO error
2017-06-01 21:46:34,145 INFO osd.py [line:77] execute command is sudo -i ceph osd in osd.5 & sleep 3
2017-06-01 21:46:37,526 INFO osd.py [line:80] osd.5 is already in cluster
2017-06-01 21:46:52,526 INFO TC538_osd_out_in_cluster_alternately.py [line:51] 
Now operate ubuntu-237
2017-06-01 21:46:52,526 INFO TC538_osd_out_in_cluster_alternately.py [line:52] 5
2017-06-01 21:46:52,526 INFO TC538_osd_out_in_cluster_alternately.py [line:53] 
Now operate osd.5
2017-06-01 21:46:52,526 INFO TC538_osd_out_in_cluster_alternately.py [line:54] out osd.5
2017-06-01 21:46:52,536 INFO osd.py [line:62] execute command is sudo -i ceph osd out osd.5 & sleep 3
2017-06-01 21:46:55,907 INFO osd.py [line:67] osd.5 is already out cluster
2017-06-01 21:46:55,907 INFO TC538_osd_out_in_cluster_alternately.py [line:56] check if IO error
2017-06-01 21:47:10,907 INFO osd.py [line:77] execute command is sudo -i ceph osd in osd.5 & sleep 3
2017-06-01 21:47:14,298 INFO osd.py [line:80] osd.5 is already in cluster
2017-06-01 21:47:29,298 INFO TC538_osd_out_in_cluster_alternately.py [line:51] 
Now operate ubuntu-237
2017-06-01 21:47:29,298 INFO TC538_osd_out_in_cluster_alternately.py [line:52] 5
2017-06-01 21:47:29,298 INFO TC538_osd_out_in_cluster_alternately.py [line:53] 
Now operate osd.5
2017-06-01 21:47:29,298 INFO TC538_osd_out_in_cluster_alternately.py [line:54] out osd.5
2017-06-01 21:47:29,298 INFO osd.py [line:62] execute command is sudo -i ceph osd out osd.5 & sleep 3
2017-06-01 21:47:32,828 INFO osd.py [line:67] osd.5 is already out cluster
2017-06-01 21:47:32,828 INFO TC538_osd_out_in_cluster_alternately.py [line:56] check if IO error
2017-06-01 21:47:47,829 INFO osd.py [line:77] execute command is sudo -i ceph osd in osd.5 & sleep 3
2017-06-01 21:47:51,230 INFO osd.py [line:80] osd.5 is already in cluster
2017-06-01 21:48:06,240 INFO TC538_osd_out_in_cluster_alternately.py [line:51] 
Now operate ubuntu-237
2017-06-01 21:48:06,240 INFO TC538_osd_out_in_cluster_alternately.py [line:52] 5
2017-06-01 21:48:06,240 INFO TC538_osd_out_in_cluster_alternately.py [line:53] 
Now operate osd.5
2017-06-01 21:48:06,240 INFO TC538_osd_out_in_cluster_alternately.py [line:54] out osd.5
2017-06-01 21:48:06,240 INFO osd.py [line:62] execute command is sudo -i ceph osd out osd.5 & sleep 3
2017-06-01 21:48:09,630 INFO osd.py [line:67] osd.5 is already out cluster
2017-06-01 21:48:09,630 INFO TC538_osd_out_in_cluster_alternately.py [line:56] check if IO error
2017-06-01 21:48:24,631 INFO osd.py [line:77] execute command is sudo -i ceph osd in osd.5 & sleep 3
2017-06-01 21:48:28,002 INFO osd.py [line:80] osd.5 is already in cluster
2017-06-01 21:48:43,002 INFO TC538_osd_out_in_cluster_alternately.py [line:51] 
Now operate ubuntu-237
2017-06-01 21:48:43,002 INFO TC538_osd_out_in_cluster_alternately.py [line:52] 5
2017-06-01 21:48:43,002 INFO TC538_osd_out_in_cluster_alternately.py [line:53] 
Now operate osd.5
2017-06-01 21:48:43,002 INFO TC538_osd_out_in_cluster_alternately.py [line:54] out osd.5
2017-06-01 21:48:43,012 INFO osd.py [line:62] execute command is sudo -i ceph osd out osd.5 & sleep 3
2017-06-01 21:48:46,401 INFO osd.py [line:67] osd.5 is already out cluster
2017-06-01 21:48:46,401 INFO TC538_osd_out_in_cluster_alternately.py [line:56] check if IO error
2017-06-01 21:49:01,401 INFO osd.py [line:77] execute command is sudo -i ceph osd in osd.5 & sleep 3
2017-06-01 21:49:04,871 INFO osd.py [line:80] osd.5 is already in cluster
2017-06-01 21:49:19,875 INFO TC538_osd_out_in_cluster_alternately.py [line:63] Now check if there is any IO error
2017-06-01 21:49:20,944 INFO client.py [line:169] ['oot      5501     1  0 06:23 ?        00:00:00 sudo -i fio -direct=1 -iodepth_batch_complete=1 -ioengine=rbd -clientname=linli -pool=reliablityTestPool -rbdname=linlirbdImg0 -rw=randwrite -bs=8K -size=100G -norandommap=1 -randrepeat=0 -verify=md5 -verify_fatal=1 -verify_dump=1 -do_verify=1 -overwrite=1 -iodepth=256 -name=linlirbdImg0', 'root      5502  5501 39 06:23 ?        02:58:27 fio -direct=1 -iodepth_batch_complete=1 -ioengine=rbd -clientname=linli -pool=reliablityTestPool -rbdname=linlirbdImg0 -rw=randwrite -bs=8K -size=100G -norandommap=1 -randrepeat=0 -verify=md5 -verify_fatal=1 -verify_dump=1 -do_verify=1 -overwrite=1 -iodepth=256 -name=linlirbdImg0', 'root      5534     1  0 06:23 ?        00:00:00 sudo -i fio -direct=1 -iodepth_batch_complete=1 -ioengine=rbd -clientname=linli -pool=reliablityTestPool -rbdname=linlirbdImg1 -rw=randwrite -bs=8K -size=200G -norandommap=1 -randrepeat=0 -verify=md5 -verify_fatal=1 -verify_dump=1 -do_verify=1 -overwrite=1 -iodepth=256 -name=linlirbdImg1', 'root      5535  5534 39 06:23 ?        02:58:30 fio -direct=1 -iodepth_batch_complete=1 -ioengine=rbd -clientname=linli -pool=reliablityTestPool -rbdname=linlirbdImg1 -rw=randwrite -bs=8K -size=200G -norandommap=1 -randrepeat=0 -verify=md5 -verify_fatal=1 -verify_dump=1 -do_verify=1 -overwrite=1 -iodepth=256 -name=linlirbdImg1', 'root      5567     1  0 06:23 ?        00:00:00 sudo -i fio -direct=1 -iodepth_batch_complete=1 -ioengine=rbd -clientname=linli -pool=reliablityTestPool -rbdname=linlirbdImg2 -rw=randwrite -bs=8K -size=300G -norandommap=1 -randrepeat=0 -verify=md5 -verify_fatal=1 -verify_dump=1 -do_verify=1 -overwrite=1 -iodepth=256 -name=linlirbdImg2', 'root      5568  5567 39 06:23 ?        02:58:10 fio -direct=1 -iodepth_batch_complete=1 -ioengine=rbd -clientname=linli -pool=reliablityTestPool -rbdname=linlirbdImg2 -rw=randwrite -bs=8K -size=300G -norandommap=1 -randrepeat=0 -verify=md5 -verify_fatal=1 -verify_dump=1 -do_verify=1 -overwrite=1 -iodepth=256 -name=linlirbdImg2', 'root      5600     1  0 06:23 ?        00:00:00 sudo -i fio -direct=1 -iodepth_batch_complete=1 -ioengine=rbd -clientname=linli -pool=reliablityTestPool -rbdname=linlirbdImg3 -rw=randwrite -bs=8K -size=400G -norandommap=1 -randrepeat=0 -verify=md5 -verify_fatal=1 -verify_dump=1 -do_verify=1 -overwrite=1 -iodepth=256 -name=linlirbdImg3', 'root      5601  5600 39 06:23 ?        02:58:10 fio -direct=1 -iodepth_batch_complete=1 -ioengine=rbd -clientname=linli -pool=reliablityTestPool -rbdname=linlirbdImg3 -rw=randwrite -bs=8K -size=400G -norandommap=1 -randrepeat=0 -verify=md5 -verify_fatal=1 -verify_dump=1 -do_verify=1 -overwrite=1 -iodepth=256 -name=linlirbdImg3', 'root      5633     1  0 06:23 ?        00:00:00 sudo -i fio -direct=1 -iodepth_batch_complete=1 -ioengine=rbd -clientname=linli -pool=reliablityTestPool -rbdname=linlirbdImg4 -rw=randwrite -bs=8K -size=500G -norandommap=1 -randrepeat=0 -verify=md5 -verify_fatal=1 -verify_dump=1 -do_verify=1 -overwrite=1 -iodepth=256 -name=linlirbdImg4', 'root      5634  5633 39 06:23 ?        02:58:20 fio -direct=1 -iodepth_batch_complete=1 -ioengine=rbd -clientname=linli -pool=reliablityTestPool -rbdname=linlirbdImg4 -rw=randwrite -bs=8K -size=500G -norandommap=1 -randrepeat=0 -verify=md5 -verify_fatal=1 -verify_dump=1 -do_verify=1 -overwrite=1 -iodepth=256 -name=linlirbdImg4', 'denali    6209  6208  0 13:49 ?        00:00:00 bash -c sudo -i ps -ef | grep fio', 'denali    6211  6209  0 13:49 ?        00:00:00 grep fio', 'stdin: is not a tty', '']
2017-06-01 21:49:20,964 INFO client.py [line:171] IO is running
2017-06-01 21:49:20,964 INFO TC538_osd_out_in_cluster_alternately.py [line:51] 
Now operate ubuntu-237
2017-06-01 21:49:20,974 INFO TC538_osd_out_in_cluster_alternately.py [line:52] 5
2017-06-01 21:49:20,974 INFO TC538_osd_out_in_cluster_alternately.py [line:53] 
Now operate osd.6
2017-06-01 21:49:20,974 INFO TC538_osd_out_in_cluster_alternately.py [line:54] out osd.6
2017-06-01 21:49:20,974 INFO osd.py [line:62] execute command is sudo -i ceph osd out osd.6 & sleep 3
2017-06-01 21:49:24,345 INFO osd.py [line:67] osd.6 is already out cluster
2017-06-01 21:49:24,345 INFO TC538_osd_out_in_cluster_alternately.py [line:56] check if IO error
2017-06-01 21:49:39,355 INFO osd.py [line:77] execute command is sudo -i ceph osd in osd.6 & sleep 3
2017-06-01 21:49:42,765 INFO osd.py [line:80] osd.6 is already in cluster
2017-06-01 21:49:57,769 INFO TC538_osd_out_in_cluster_alternately.py [line:51] 
Now operate ubuntu-237
2017-06-01 21:49:57,769 INFO TC538_osd_out_in_cluster_alternately.py [line:52] 5
2017-06-01 21:49:57,779 INFO TC538_osd_out_in_cluster_alternately.py [line:53] 
Now operate osd.6
2017-06-01 21:49:57,779 INFO TC538_osd_out_in_cluster_alternately.py [line:54] out osd.6
2017-06-01 21:49:57,779 INFO osd.py [line:62] execute command is sudo -i ceph osd out osd.6 & sleep 3
2017-06-01 21:50:01,158 INFO osd.py [line:67] osd.6 is already out cluster
2017-06-01 21:50:01,158 INFO TC538_osd_out_in_cluster_alternately.py [line:56] check if IO error
2017-06-01 21:50:16,158 INFO osd.py [line:77] execute command is sudo -i ceph osd in osd.6 & sleep 3
2017-06-01 21:50:19,539 INFO osd.py [line:80] osd.6 is already in cluster
2017-06-01 21:50:34,549 INFO TC538_osd_out_in_cluster_alternately.py [line:51] 
Now operate ubuntu-237
2017-06-01 21:50:34,549 INFO TC538_osd_out_in_cluster_alternately.py [line:52] 5
2017-06-01 21:50:34,549 INFO TC538_osd_out_in_cluster_alternately.py [line:53] 
Now operate osd.6
2017-06-01 21:50:34,549 INFO TC538_osd_out_in_cluster_alternately.py [line:54] out osd.6
2017-06-01 21:50:34,559 INFO osd.py [line:62] execute command is sudo -i ceph osd out osd.6 & sleep 3
2017-06-01 21:50:38,098 INFO osd.py [line:67] osd.6 is already out cluster
2017-06-01 21:50:38,098 INFO TC538_osd_out_in_cluster_alternately.py [line:56] check if IO error
2017-06-01 21:50:53,101 INFO osd.py [line:77] execute command is sudo -i ceph osd in osd.6 & sleep 3
2017-06-01 21:50:56,492 INFO osd.py [line:80] osd.6 is already in cluster
2017-06-01 21:51:11,492 INFO TC538_osd_out_in_cluster_alternately.py [line:51] 
Now operate ubuntu-237
2017-06-01 21:51:11,492 INFO TC538_osd_out_in_cluster_alternately.py [line:52] 5
2017-06-01 21:51:11,492 INFO TC538_osd_out_in_cluster_alternately.py [line:53] 
Now operate osd.6
2017-06-01 21:51:11,492 INFO TC538_osd_out_in_cluster_alternately.py [line:54] out osd.6
2017-06-01 21:51:11,502 INFO osd.py [line:62] execute command is sudo -i ceph osd out osd.6 & sleep 3
2017-06-01 21:51:15,292 INFO osd.py [line:67] osd.6 is already out cluster
2017-06-01 21:51:15,292 INFO TC538_osd_out_in_cluster_alternately.py [line:56] check if IO error
2017-06-01 21:51:30,293 INFO osd.py [line:77] execute command is sudo -i ceph osd in osd.6 & sleep 3
2017-06-01 21:51:33,674 INFO osd.py [line:80] osd.6 is already in cluster
2017-06-01 21:51:48,674 INFO TC538_osd_out_in_cluster_alternately.py [line:51] 
Now operate ubuntu-237
2017-06-01 21:51:48,674 INFO TC538_osd_out_in_cluster_alternately.py [line:52] 5
2017-06-01 21:51:48,674 INFO TC538_osd_out_in_cluster_alternately.py [line:53] 
Now operate osd.6
2017-06-01 21:51:48,674 INFO TC538_osd_out_in_cluster_alternately.py [line:54] out osd.6
2017-06-01 21:51:48,674 INFO osd.py [line:62] execute command is sudo -i ceph osd out osd.6 & sleep 3
2017-06-01 21:51:52,053 INFO osd.py [line:67] osd.6 is already out cluster
2017-06-01 21:51:52,053 INFO TC538_osd_out_in_cluster_alternately.py [line:56] check if IO error
2017-06-01 21:52:07,063 INFO osd.py [line:77] execute command is sudo -i ceph osd in osd.6 & sleep 3
2017-06-01 21:52:10,436 INFO osd.py [line:80] osd.6 is already in cluster
2017-06-01 21:52:25,436 INFO TC538_osd_out_in_cluster_alternately.py [line:63] Now check if there is any IO error
2017-06-01 21:52:26,546 INFO client.py [line:169] ['oot      5501     1  0 06:23 ?        00:00:00 sudo -i fio -direct=1 -iodepth_batch_complete=1 -ioengine=rbd -clientname=linli -pool=reliablityTestPool -rbdname=linlirbdImg0 -rw=randwrite -bs=8K -size=100G -norandommap=1 -randrepeat=0 -verify=md5 -verify_fatal=1 -verify_dump=1 -do_verify=1 -overwrite=1 -iodepth=256 -name=linlirbdImg0', 'root      5502  5501 39 06:23 ?        02:59:42 fio -direct=1 -iodepth_batch_complete=1 -ioengine=rbd -clientname=linli -pool=reliablityTestPool -rbdname=linlirbdImg0 -rw=randwrite -bs=8K -size=100G -norandommap=1 -randrepeat=0 -verify=md5 -verify_fatal=1 -verify_dump=1 -do_verify=1 -overwrite=1 -iodepth=256 -name=linlirbdImg0', 'root      5534     1  0 06:23 ?        00:00:00 sudo -i fio -direct=1 -iodepth_batch_complete=1 -ioengine=rbd -clientname=linli -pool=reliablityTestPool -rbdname=linlirbdImg1 -rw=randwrite -bs=8K -size=200G -norandommap=1 -randrepeat=0 -verify=md5 -verify_fatal=1 -verify_dump=1 -do_verify=1 -overwrite=1 -iodepth=256 -name=linlirbdImg1', 'root      5535  5534 40 06:23 ?        02:59:45 fio -direct=1 -iodepth_batch_complete=1 -ioengine=rbd -clientname=linli -pool=reliablityTestPool -rbdname=linlirbdImg1 -rw=randwrite -bs=8K -size=200G -norandommap=1 -randrepeat=0 -verify=md5 -verify_fatal=1 -verify_dump=1 -do_verify=1 -overwrite=1 -iodepth=256 -name=linlirbdImg1', 'root      5567     1  0 06:23 ?        00:00:00 sudo -i fio -direct=1 -iodepth_batch_complete=1 -ioengine=rbd -clientname=linli -pool=reliablityTestPool -rbdname=linlirbdImg2 -rw=randwrite -bs=8K -size=300G -norandommap=1 -randrepeat=0 -verify=md5 -verify_fatal=1 -verify_dump=1 -do_verify=1 -overwrite=1 -iodepth=256 -name=linlirbdImg2', 'root      5568  5567 39 06:23 ?        02:59:23 fio -direct=1 -iodepth_batch_complete=1 -ioengine=rbd -clientname=linli -pool=reliablityTestPool -rbdname=linlirbdImg2 -rw=randwrite -bs=8K -size=300G -norandommap=1 -randrepeat=0 -verify=md5 -verify_fatal=1 -verify_dump=1 -do_verify=1 -overwrite=1 -iodepth=256 -name=linlirbdImg2', 'root      5600     1  0 06:23 ?        00:00:00 sudo -i fio -direct=1 -iodepth_batch_complete=1 -ioengine=rbd -clientname=linli -pool=reliablityTestPool -rbdname=linlirbdImg3 -rw=randwrite -bs=8K -size=400G -norandommap=1 -randrepeat=0 -verify=md5 -verify_fatal=1 -verify_dump=1 -do_verify=1 -overwrite=1 -iodepth=256 -name=linlirbdImg3', 'root      5601  5600 39 06:23 ?        02:59:24 fio -direct=1 -iodepth_batch_complete=1 -ioengine=rbd -clientname=linli -pool=reliablityTestPool -rbdname=linlirbdImg3 -rw=randwrite -bs=8K -size=400G -norandommap=1 -randrepeat=0 -verify=md5 -verify_fatal=1 -verify_dump=1 -do_verify=1 -overwrite=1 -iodepth=256 -name=linlirbdImg3', 'root      5633     1  0 06:23 ?        00:00:00 sudo -i fio -direct=1 -iodepth_batch_complete=1 -ioengine=rbd -clientname=linli -pool=reliablityTestPool -rbdname=linlirbdImg4 -rw=randwrite -bs=8K -size=500G -norandommap=1 -randrepeat=0 -verify=md5 -verify_fatal=1 -verify_dump=1 -do_verify=1 -overwrite=1 -iodepth=256 -name=linlirbdImg4', 'root      5634  5633 39 06:23 ?        02:59:34 fio -direct=1 -iodepth_batch_complete=1 -ioengine=rbd -clientname=linli -pool=reliablityTestPool -rbdname=linlirbdImg4 -rw=randwrite -bs=8K -size=500G -norandommap=1 -randrepeat=0 -verify=md5 -verify_fatal=1 -verify_dump=1 -do_verify=1 -overwrite=1 -iodepth=256 -name=linlirbdImg4', 'denali    6225  6224  0 13:52 ?        00:00:00 bash -c sudo -i ps -ef | grep fio', 'denali    6227  6225  0 13:52 ?        00:00:00 grep fio', 'stdin: is not a tty', '']
2017-06-01 21:52:26,565 INFO client.py [line:171] IO is running
2017-06-01 21:52:26,565 INFO TC538_osd_out_in_cluster_alternately.py [line:51] 
Now operate ubuntu-237
2017-06-01 21:52:26,565 INFO TC538_osd_out_in_cluster_alternately.py [line:52] 5
2017-06-01 21:52:26,565 INFO TC538_osd_out_in_cluster_alternately.py [line:53] 
Now operate osd.7
2017-06-01 21:52:26,565 INFO TC538_osd_out_in_cluster_alternately.py [line:54] out osd.7
2017-06-01 21:52:26,565 INFO osd.py [line:62] execute command is sudo -i ceph osd out osd.7 & sleep 3
2017-06-01 21:52:29,946 INFO osd.py [line:67] osd.7 is already out cluster
2017-06-01 21:52:29,946 INFO TC538_osd_out_in_cluster_alternately.py [line:56] check if IO error
2017-06-01 21:52:44,946 INFO osd.py [line:77] execute command is sudo -i ceph osd in osd.7 & sleep 3
2017-06-01 21:52:48,335 INFO osd.py [line:80] osd.7 is already in cluster
2017-06-01 21:53:03,338 INFO TC538_osd_out_in_cluster_alternately.py [line:51] 
Now operate ubuntu-237
2017-06-01 21:53:03,338 INFO TC538_osd_out_in_cluster_alternately.py [line:52] 5
2017-06-01 21:53:03,338 INFO TC538_osd_out_in_cluster_alternately.py [line:53] 
Now operate osd.7
2017-06-01 21:53:03,338 INFO TC538_osd_out_in_cluster_alternately.py [line:54] out osd.7
2017-06-01 21:53:03,338 INFO osd.py [line:62] execute command is sudo -i ceph osd out osd.7 & sleep 3
2017-06-01 21:53:06,739 INFO osd.py [line:67] osd.7 is already out cluster
2017-06-01 21:53:06,739 INFO TC538_osd_out_in_cluster_alternately.py [line:56] check if IO error
2017-06-01 21:53:21,739 INFO osd.py [line:77] execute command is sudo -i ceph osd in osd.7 & sleep 3
2017-06-01 21:53:25,138 INFO osd.py [line:80] osd.7 is already in cluster
2017-06-01 21:53:40,151 INFO TC538_osd_out_in_cluster_alternately.py [line:51] 
Now operate ubuntu-237
2017-06-01 21:53:40,151 INFO TC538_osd_out_in_cluster_alternately.py [line:52] 5
2017-06-01 21:53:40,151 INFO TC538_osd_out_in_cluster_alternately.py [line:53] 
Now operate osd.7
2017-06-01 21:53:40,151 INFO TC538_osd_out_in_cluster_alternately.py [line:54] out osd.7
2017-06-01 21:53:40,151 INFO osd.py [line:62] execute command is sudo -i ceph osd out osd.7 & sleep 3
2017-06-01 21:53:43,551 INFO osd.py [line:67] osd.7 is already out cluster
2017-06-01 21:53:43,551 INFO TC538_osd_out_in_cluster_alternately.py [line:56] check if IO error
2017-06-01 21:53:58,551 INFO osd.py [line:77] execute command is sudo -i ceph osd in osd.7 & sleep 3
2017-06-01 21:54:01,970 INFO osd.py [line:80] osd.7 is already in cluster
2017-06-01 21:54:16,970 INFO TC538_osd_out_in_cluster_alternately.py [line:51] 
Now operate ubuntu-237
2017-06-01 21:54:16,970 INFO TC538_osd_out_in_cluster_alternately.py [line:52] 5
2017-06-01 21:54:16,970 INFO TC538_osd_out_in_cluster_alternately.py [line:53] 
Now operate osd.7
2017-06-01 21:54:16,970 INFO TC538_osd_out_in_cluster_alternately.py [line:54] out osd.7
2017-06-01 21:54:16,970 INFO osd.py [line:62] execute command is sudo -i ceph osd out osd.7 & sleep 3
2017-06-01 21:54:20,341 INFO osd.py [line:67] osd.7 is already out cluster
2017-06-01 21:54:20,341 INFO TC538_osd_out_in_cluster_alternately.py [line:56] check if IO error
2017-06-01 21:54:35,342 INFO osd.py [line:77] execute command is sudo -i ceph osd in osd.7 & sleep 3
2017-06-01 21:54:38,713 INFO osd.py [line:80] osd.7 is already in cluster
2017-06-01 21:54:53,713 INFO TC538_osd_out_in_cluster_alternately.py [line:51] 
Now operate ubuntu-237
2017-06-01 21:54:53,713 INFO TC538_osd_out_in_cluster_alternately.py [line:52] 5
2017-06-01 21:54:53,713 INFO TC538_osd_out_in_cluster_alternately.py [line:53] 
Now operate osd.7
2017-06-01 21:54:53,713 INFO TC538_osd_out_in_cluster_alternately.py [line:54] out osd.7
2017-06-01 21:54:53,723 INFO osd.py [line:62] execute command is sudo -i ceph osd out osd.7 & sleep 3
2017-06-01 21:54:57,193 INFO osd.py [line:67] osd.7 is already out cluster
2017-06-01 21:54:57,193 INFO TC538_osd_out_in_cluster_alternately.py [line:56] check if IO error
2017-06-01 21:55:12,196 INFO osd.py [line:77] execute command is sudo -i ceph osd in osd.7 & sleep 3
2017-06-01 21:55:15,605 INFO osd.py [line:80] osd.7 is already in cluster
2017-06-01 21:55:30,605 INFO TC538_osd_out_in_cluster_alternately.py [line:63] Now check if there is any IO error
2017-06-01 21:55:31,645 INFO client.py [line:169] ['oot      5501     1  0 06:23 ?        00:00:00 sudo -i fio -direct=1 -iodepth_batch_complete=1 -ioengine=rbd -clientname=linli -pool=reliablityTestPool -rbdname=linlirbdImg0 -rw=randwrite -bs=8K -size=100G -norandommap=1 -randrepeat=0 -verify=md5 -verify_fatal=1 -verify_dump=1 -do_verify=1 -overwrite=1 -iodepth=256 -name=linlirbdImg0', 'root      5502  5501 39 06:23 ?        03:00:56 fio -direct=1 -iodepth_batch_complete=1 -ioengine=rbd -clientname=linli -pool=reliablityTestPool -rbdname=linlirbdImg0 -rw=randwrite -bs=8K -size=100G -norandommap=1 -randrepeat=0 -verify=md5 -verify_fatal=1 -verify_dump=1 -do_verify=1 -overwrite=1 -iodepth=256 -name=linlirbdImg0', 'root      5534     1  0 06:23 ?        00:00:00 sudo -i fio -direct=1 -iodepth_batch_complete=1 -ioengine=rbd -clientname=linli -pool=reliablityTestPool -rbdname=linlirbdImg1 -rw=randwrite -bs=8K -size=200G -norandommap=1 -randrepeat=0 -verify=md5 -verify_fatal=1 -verify_dump=1 -do_verify=1 -overwrite=1 -iodepth=256 -name=linlirbdImg1', 'root      5535  5534 40 06:23 ?        03:00:59 fio -direct=1 -iodepth_batch_complete=1 -ioengine=rbd -clientname=linli -pool=reliablityTestPool -rbdname=linlirbdImg1 -rw=randwrite -bs=8K -size=200G -norandommap=1 -randrepeat=0 -verify=md5 -verify_fatal=1 -verify_dump=1 -do_verify=1 -overwrite=1 -iodepth=256 -name=linlirbdImg1', 'root      5567     1  0 06:23 ?        00:00:00 sudo -i fio -direct=1 -iodepth_batch_complete=1 -ioengine=rbd -clientname=linli -pool=reliablityTestPool -rbdname=linlirbdImg2 -rw=randwrite -bs=8K -size=300G -norandommap=1 -randrepeat=0 -verify=md5 -verify_fatal=1 -verify_dump=1 -do_verify=1 -overwrite=1 -iodepth=256 -name=linlirbdImg2', 'root      5568  5567 39 06:23 ?        03:00:37 fio -direct=1 -iodepth_batch_complete=1 -ioengine=rbd -clientname=linli -pool=reliablityTestPool -rbdname=linlirbdImg2 -rw=randwrite -bs=8K -size=300G -norandommap=1 -randrepeat=0 -verify=md5 -verify_fatal=1 -verify_dump=1 -do_verify=1 -overwrite=1 -iodepth=256 -name=linlirbdImg2', 'root      5600     1  0 06:23 ?        00:00:00 sudo -i fio -direct=1 -iodepth_batch_complete=1 -ioengine=rbd -clientname=linli -pool=reliablityTestPool -rbdname=linlirbdImg3 -rw=randwrite -bs=8K -size=400G -norandommap=1 -randrepeat=0 -verify=md5 -verify_fatal=1 -verify_dump=1 -do_verify=1 -overwrite=1 -iodepth=256 -name=linlirbdImg3', 'root      5601  5600 39 06:23 ?        03:00:38 fio -direct=1 -iodepth_batch_complete=1 -ioengine=rbd -clientname=linli -pool=reliablityTestPool -rbdname=linlirbdImg3 -rw=randwrite -bs=8K -size=400G -norandommap=1 -randrepeat=0 -verify=md5 -verify_fatal=1 -verify_dump=1 -do_verify=1 -overwrite=1 -iodepth=256 -name=linlirbdImg3', 'root      5633     1  0 06:23 ?        00:00:00 sudo -i fio -direct=1 -iodepth_batch_complete=1 -ioengine=rbd -clientname=linli -pool=reliablityTestPool -rbdname=linlirbdImg4 -rw=randwrite -bs=8K -size=500G -norandommap=1 -randrepeat=0 -verify=md5 -verify_fatal=1 -verify_dump=1 -do_verify=1 -overwrite=1 -iodepth=256 -name=linlirbdImg4', 'root      5634  5633 39 06:23 ?        03:00:49 fio -direct=1 -iodepth_batch_complete=1 -ioengine=rbd -clientname=linli -pool=reliablityTestPool -rbdname=linlirbdImg4 -rw=randwrite -bs=8K -size=500G -norandommap=1 -randrepeat=0 -verify=md5 -verify_fatal=1 -verify_dump=1 -do_verify=1 -overwrite=1 -iodepth=256 -name=linlirbdImg4', 'denali    6245  6244  0 13:55 ?        00:00:00 bash -c sudo -i ps -ef | grep fio', 'denali    6247  6245  0 13:55 ?        00:00:00 grep fio', 'stdin: is not a tty', '']
2017-06-01 21:55:31,665 INFO client.py [line:171] IO is running
2017-06-01 21:55:31,665 INFO TC538_osd_out_in_cluster_alternately.py [line:51] 
Now operate ubuntu-237
2017-06-01 21:55:31,665 INFO TC538_osd_out_in_cluster_alternately.py [line:52] 5
2017-06-01 21:55:31,665 INFO TC538_osd_out_in_cluster_alternately.py [line:53] 
Now operate osd.8
2017-06-01 21:55:31,665 INFO TC538_osd_out_in_cluster_alternately.py [line:54] out osd.8
2017-06-01 21:55:31,676 INFO osd.py [line:62] execute command is sudo -i ceph osd out osd.8 & sleep 3
2017-06-01 21:55:35,115 INFO osd.py [line:67] osd.8 is already out cluster
2017-06-01 21:55:35,115 INFO TC538_osd_out_in_cluster_alternately.py [line:56] check if IO error
2017-06-01 21:55:50,115 INFO osd.py [line:77] execute command is sudo -i ceph osd in osd.8 & sleep 3
2017-06-01 21:55:53,486 INFO osd.py [line:80] osd.8 is already in cluster
2017-06-01 21:56:08,490 INFO TC538_osd_out_in_cluster_alternately.py [line:51] 
Now operate ubuntu-237
2017-06-01 21:56:08,490 INFO TC538_osd_out_in_cluster_alternately.py [line:52] 5
2017-06-01 21:56:08,490 INFO TC538_osd_out_in_cluster_alternately.py [line:53] 
Now operate osd.8
2017-06-01 21:56:08,490 INFO TC538_osd_out_in_cluster_alternately.py [line:54] out osd.8
2017-06-01 21:56:08,490 INFO osd.py [line:62] execute command is sudo -i ceph osd out osd.8 & sleep 3
2017-06-01 21:56:11,880 INFO osd.py [line:67] osd.8 is already out cluster
2017-06-01 21:56:11,880 INFO TC538_osd_out_in_cluster_alternately.py [line:56] check if IO error
2017-06-01 21:56:26,880 INFO osd.py [line:77] execute command is sudo -i ceph osd in osd.8 & sleep 3
2017-06-01 21:56:30,380 INFO osd.py [line:80] osd.8 is already in cluster
2017-06-01 21:56:45,382 INFO TC538_osd_out_in_cluster_alternately.py [line:51] 
Now operate ubuntu-237
2017-06-01 21:56:45,382 INFO TC538_osd_out_in_cluster_alternately.py [line:52] 5
2017-06-01 21:56:45,382 INFO TC538_osd_out_in_cluster_alternately.py [line:53] 
Now operate osd.8
2017-06-01 21:56:45,382 INFO TC538_osd_out_in_cluster_alternately.py [line:54] out osd.8
2017-06-01 21:56:45,392 INFO osd.py [line:62] execute command is sudo -i ceph osd out osd.8 & sleep 3
2017-06-01 21:56:49,203 INFO osd.py [line:67] osd.8 is already out cluster
2017-06-01 21:56:49,203 INFO TC538_osd_out_in_cluster_alternately.py [line:56] check if IO error
2017-06-01 21:57:04,203 INFO osd.py [line:77] execute command is sudo -i ceph osd in osd.8 & sleep 3
2017-06-01 21:57:07,562 INFO osd.py [line:80] osd.8 is already in cluster
2017-06-01 21:57:22,562 INFO TC538_osd_out_in_cluster_alternately.py [line:51] 
Now operate ubuntu-237
2017-06-01 21:57:22,562 INFO TC538_osd_out_in_cluster_alternately.py [line:52] 5
2017-06-01 21:57:22,562 INFO TC538_osd_out_in_cluster_alternately.py [line:53] 
Now operate osd.8
2017-06-01 21:57:22,562 INFO TC538_osd_out_in_cluster_alternately.py [line:54] out osd.8
2017-06-01 21:57:22,572 INFO osd.py [line:62] execute command is sudo -i ceph osd out osd.8 & sleep 3
2017-06-01 21:57:25,933 INFO osd.py [line:67] osd.8 is already out cluster
2017-06-01 21:57:25,933 INFO TC538_osd_out_in_cluster_alternately.py [line:56] check if IO error
2017-06-01 21:57:40,936 INFO osd.py [line:77] execute command is sudo -i ceph osd in osd.8 & sleep 3
2017-06-01 21:57:44,305 INFO osd.py [line:80] osd.8 is already in cluster
2017-06-01 21:57:59,305 INFO TC538_osd_out_in_cluster_alternately.py [line:51] 
Now operate ubuntu-237
2017-06-01 21:57:59,305 INFO TC538_osd_out_in_cluster_alternately.py [line:52] 5
2017-06-01 21:57:59,305 INFO TC538_osd_out_in_cluster_alternately.py [line:53] 
Now operate osd.8
2017-06-01 21:57:59,305 INFO TC538_osd_out_in_cluster_alternately.py [line:54] out osd.8
2017-06-01 21:57:59,305 INFO osd.py [line:62] execute command is sudo -i ceph osd out osd.8 & sleep 3
2017-06-01 21:58:02,676 INFO osd.py [line:67] osd.8 is already out cluster
2017-06-01 21:58:02,676 INFO TC538_osd_out_in_cluster_alternately.py [line:56] check if IO error
2017-06-01 21:58:17,678 INFO osd.py [line:77] execute command is sudo -i ceph osd in osd.8 & sleep 3
2017-06-01 21:58:21,138 INFO osd.py [line:80] osd.8 is already in cluster
2017-06-01 21:58:36,138 INFO TC538_osd_out_in_cluster_alternately.py [line:63] Now check if there is any IO error
2017-06-01 21:58:37,209 INFO client.py [line:169] ['oot      5501     1  0 06:23 ?        00:00:00 sudo -i fio -direct=1 -iodepth_batch_complete=1 -ioengine=rbd -clientname=linli -pool=reliablityTestPool -rbdname=linlirbdImg0 -rw=randwrite -bs=8K -size=100G -norandommap=1 -randrepeat=0 -verify=md5 -verify_fatal=1 -verify_dump=1 -do_verify=1 -overwrite=1 -iodepth=256 -name=linlirbdImg0', 'root      5502  5501 39 06:23 ?        03:02:09 fio -direct=1 -iodepth_batch_complete=1 -ioengine=rbd -clientname=linli -pool=reliablityTestPool -rbdname=linlirbdImg0 -rw=randwrite -bs=8K -size=100G -norandommap=1 -randrepeat=0 -verify=md5 -verify_fatal=1 -verify_dump=1 -do_verify=1 -overwrite=1 -iodepth=256 -name=linlirbdImg0', 'root      5534     1  0 06:23 ?        00:00:00 sudo -i fio -direct=1 -iodepth_batch_complete=1 -ioengine=rbd -clientname=linli -pool=reliablityTestPool -rbdname=linlirbdImg1 -rw=randwrite -bs=8K -size=200G -norandommap=1 -randrepeat=0 -verify=md5 -verify_fatal=1 -verify_dump=1 -do_verify=1 -overwrite=1 -iodepth=256 -name=linlirbdImg1', 'root      5535  5534 40 06:23 ?        03:02:13 fio -direct=1 -iodepth_batch_complete=1 -ioengine=rbd -clientname=linli -pool=reliablityTestPool -rbdname=linlirbdImg1 -rw=randwrite -bs=8K -size=200G -norandommap=1 -randrepeat=0 -verify=md5 -verify_fatal=1 -verify_dump=1 -do_verify=1 -overwrite=1 -iodepth=256 -name=linlirbdImg1', 'root      5567     1  0 06:23 ?        00:00:00 sudo -i fio -direct=1 -iodepth_batch_complete=1 -ioengine=rbd -clientname=linli -pool=reliablityTestPool -rbdname=linlirbdImg2 -rw=randwrite -bs=8K -size=300G -norandommap=1 -randrepeat=0 -verify=md5 -verify_fatal=1 -verify_dump=1 -do_verify=1 -overwrite=1 -iodepth=256 -name=linlirbdImg2', 'root      5568  5567 39 06:23 ?        03:01:50 fio -direct=1 -iodepth_batch_complete=1 -ioengine=rbd -clientname=linli -pool=reliablityTestPool -rbdname=linlirbdImg2 -rw=randwrite -bs=8K -size=300G -norandommap=1 -randrepeat=0 -verify=md5 -verify_fatal=1 -verify_dump=1 -do_verify=1 -overwrite=1 -iodepth=256 -name=linlirbdImg2', 'root      5600     1  0 06:23 ?        00:00:00 sudo -i fio -direct=1 -iodepth_batch_complete=1 -ioengine=rbd -clientname=linli -pool=reliablityTestPool -rbdname=linlirbdImg3 -rw=randwrite -bs=8K -size=400G -norandommap=1 -randrepeat=0 -verify=md5 -verify_fatal=1 -verify_dump=1 -do_verify=1 -overwrite=1 -iodepth=256 -name=linlirbdImg3', 'root      5601  5600 39 06:23 ?        03:01:53 fio -direct=1 -iodepth_batch_complete=1 -ioengine=rbd -clientname=linli -pool=reliablityTestPool -rbdname=linlirbdImg3 -rw=randwrite -bs=8K -size=400G -norandommap=1 -randrepeat=0 -verify=md5 -verify_fatal=1 -verify_dump=1 -do_verify=1 -overwrite=1 -iodepth=256 -name=linlirbdImg3', 'root      5633     1  0 06:23 ?        00:00:00 sudo -i fio -direct=1 -iodepth_batch_complete=1 -ioengine=rbd -clientname=linli -pool=reliablityTestPool -rbdname=linlirbdImg4 -rw=randwrite -bs=8K -size=500G -norandommap=1 -randrepeat=0 -verify=md5 -verify_fatal=1 -verify_dump=1 -do_verify=1 -overwrite=1 -iodepth=256 -name=linlirbdImg4', 'root      5634  5633 39 06:23 ?        03:02:03 fio -direct=1 -iodepth_batch_complete=1 -ioengine=rbd -clientname=linli -pool=reliablityTestPool -rbdname=linlirbdImg4 -rw=randwrite -bs=8K -size=500G -norandommap=1 -randrepeat=0 -verify=md5 -verify_fatal=1 -verify_dump=1 -do_verify=1 -overwrite=1 -iodepth=256 -name=linlirbdImg4', 'denali    6261  6260  0 13:58 ?        00:00:00 bash -c sudo -i ps -ef | grep fio', 'denali    6263  6261  0 13:58 ?        00:00:00 grep fio', 'stdin: is not a tty', '']
2017-06-01 21:58:37,229 INFO client.py [line:171] IO is running
2017-06-01 21:58:37,229 INFO TC538_osd_out_in_cluster_alternately.py [line:51] 
Now operate ubuntu-237
2017-06-01 21:58:37,229 INFO TC538_osd_out_in_cluster_alternately.py [line:52] 5
2017-06-01 21:58:37,239 INFO TC538_osd_out_in_cluster_alternately.py [line:53] 
Now operate osd.9
2017-06-01 21:58:37,239 INFO TC538_osd_out_in_cluster_alternately.py [line:54] out osd.9
2017-06-01 21:58:37,239 INFO osd.py [line:62] execute command is sudo -i ceph osd out osd.9 & sleep 3
2017-06-01 21:58:40,588 INFO osd.py [line:67] osd.9 is already out cluster
2017-06-01 21:58:40,588 INFO TC538_osd_out_in_cluster_alternately.py [line:56] check if IO error
2017-06-01 21:58:55,598 INFO osd.py [line:77] execute command is sudo -i ceph osd in osd.9 & sleep 3
2017-06-01 21:58:59,040 INFO osd.py [line:80] osd.9 is already in cluster
2017-06-01 21:59:14,040 INFO TC538_osd_out_in_cluster_alternately.py [line:51] 
Now operate ubuntu-237
2017-06-01 21:59:14,040 INFO TC538_osd_out_in_cluster_alternately.py [line:52] 5
2017-06-01 21:59:14,040 INFO TC538_osd_out_in_cluster_alternately.py [line:53] 
Now operate osd.9
2017-06-01 21:59:14,040 INFO TC538_osd_out_in_cluster_alternately.py [line:54] out osd.9
2017-06-01 21:59:14,040 INFO osd.py [line:62] execute command is sudo -i ceph osd out osd.9 & sleep 3
2017-06-01 21:59:17,411 INFO osd.py [line:67] osd.9 is already out cluster
2017-06-01 21:59:17,411 INFO TC538_osd_out_in_cluster_alternately.py [line:56] check if IO error
2017-06-01 21:59:32,411 INFO osd.py [line:77] execute command is sudo -i ceph osd in osd.9 & sleep 3
2017-06-01 21:59:35,760 INFO osd.py [line:80] osd.9 is already in cluster
2017-06-01 21:59:50,763 INFO TC538_osd_out_in_cluster_alternately.py [line:51] 
Now operate ubuntu-237
2017-06-01 21:59:50,763 INFO TC538_osd_out_in_cluster_alternately.py [line:52] 5
2017-06-01 21:59:50,763 INFO TC538_osd_out_in_cluster_alternately.py [line:53] 
Now operate osd.9
2017-06-01 21:59:50,763 INFO TC538_osd_out_in_cluster_alternately.py [line:54] out osd.9
2017-06-01 21:59:50,773 INFO osd.py [line:62] execute command is sudo -i ceph osd out osd.9 & sleep 3
2017-06-01 21:59:54,154 INFO osd.py [line:67] osd.9 is already out cluster
2017-06-01 21:59:54,154 INFO TC538_osd_out_in_cluster_alternately.py [line:56] check if IO error
2017-06-01 22:00:09,154 INFO osd.py [line:77] execute command is sudo -i ceph osd in osd.9 & sleep 3
2017-06-01 22:00:12,674 INFO osd.py [line:80] osd.9 is already in cluster
2017-06-01 22:00:27,674 INFO TC538_osd_out_in_cluster_alternately.py [line:51] 
Now operate ubuntu-237
2017-06-01 22:00:27,674 INFO TC538_osd_out_in_cluster_alternately.py [line:52] 5
2017-06-01 22:00:27,674 INFO TC538_osd_out_in_cluster_alternately.py [line:53] 
Now operate osd.9
2017-06-01 22:00:27,674 INFO TC538_osd_out_in_cluster_alternately.py [line:54] out osd.9
2017-06-01 22:00:27,674 INFO osd.py [line:62] execute command is sudo -i ceph osd out osd.9 & sleep 3
2017-06-01 22:00:31,076 INFO osd.py [line:67] osd.9 is already out cluster
2017-06-01 22:00:31,076 INFO TC538_osd_out_in_cluster_alternately.py [line:56] check if IO error
2017-06-01 22:00:46,076 INFO osd.py [line:77] execute command is sudo -i ceph osd in osd.9 & sleep 3
2017-06-01 22:00:49,486 INFO osd.py [line:80] osd.9 is already in cluster
2017-06-01 22:01:04,486 INFO TC538_osd_out_in_cluster_alternately.py [line:51] 
Now operate ubuntu-237
2017-06-01 22:01:04,486 INFO TC538_osd_out_in_cluster_alternately.py [line:52] 5
2017-06-01 22:01:04,486 INFO TC538_osd_out_in_cluster_alternately.py [line:53] 
Now operate osd.9
2017-06-01 22:01:04,486 INFO TC538_osd_out_in_cluster_alternately.py [line:54] out osd.9
2017-06-01 22:01:04,496 INFO osd.py [line:62] execute command is sudo -i ceph osd out osd.9 & sleep 3
2017-06-01 22:01:07,857 INFO osd.py [line:67] osd.9 is already out cluster
2017-06-01 22:01:07,857 INFO TC538_osd_out_in_cluster_alternately.py [line:56] check if IO error
2017-06-01 22:01:22,858 INFO osd.py [line:77] execute command is sudo -i ceph osd in osd.9 & sleep 3
2017-06-01 22:01:26,259 INFO osd.py [line:80] osd.9 is already in cluster
2017-06-01 22:01:41,259 INFO TC538_osd_out_in_cluster_alternately.py [line:63] Now check if there is any IO error
2017-06-01 22:01:42,289 INFO client.py [line:169] ['oot      5501     1  0 06:23 ?        00:00:00 sudo -i fio -direct=1 -iodepth_batch_complete=1 -ioengine=rbd -clientname=linli -pool=reliablityTestPool -rbdname=linlirbdImg0 -rw=randwrite -bs=8K -size=100G -norandommap=1 -randrepeat=0 -verify=md5 -verify_fatal=1 -verify_dump=1 -do_verify=1 -overwrite=1 -iodepth=256 -name=linlirbdImg0', 'root      5502  5501 39 06:23 ?        03:03:23 fio -direct=1 -iodepth_batch_complete=1 -ioengine=rbd -clientname=linli -pool=reliablityTestPool -rbdname=linlirbdImg0 -rw=randwrite -bs=8K -size=100G -norandommap=1 -randrepeat=0 -verify=md5 -verify_fatal=1 -verify_dump=1 -do_verify=1 -overwrite=1 -iodepth=256 -name=linlirbdImg0', 'root      5534     1  0 06:23 ?        00:00:00 sudo -i fio -direct=1 -iodepth_batch_complete=1 -ioengine=rbd -clientname=linli -pool=reliablityTestPool -rbdname=linlirbdImg1 -rw=randwrite -bs=8K -size=200G -norandommap=1 -randrepeat=0 -verify=md5 -verify_fatal=1 -verify_dump=1 -do_verify=1 -overwrite=1 -iodepth=256 -name=linlirbdImg1', 'root      5535  5534 40 06:23 ?        03:03:27 fio -direct=1 -iodepth_batch_complete=1 -ioengine=rbd -clientname=linli -pool=reliablityTestPool -rbdname=linlirbdImg1 -rw=randwrite -bs=8K -size=200G -norandommap=1 -randrepeat=0 -verify=md5 -verify_fatal=1 -verify_dump=1 -do_verify=1 -overwrite=1 -iodepth=256 -name=linlirbdImg1', 'root      5567     1  0 06:23 ?        00:00:00 sudo -i fio -direct=1 -iodepth_batch_complete=1 -ioengine=rbd -clientname=linli -pool=reliablityTestPool -rbdname=linlirbdImg2 -rw=randwrite -bs=8K -size=300G -norandommap=1 -randrepeat=0 -verify=md5 -verify_fatal=1 -verify_dump=1 -do_verify=1 -overwrite=1 -iodepth=256 -name=linlirbdImg2', 'root      5568  5567 39 06:23 ?        03:03:04 fio -direct=1 -iodepth_batch_complete=1 -ioengine=rbd -clientname=linli -pool=reliablityTestPool -rbdname=linlirbdImg2 -rw=randwrite -bs=8K -size=300G -norandommap=1 -randrepeat=0 -verify=md5 -verify_fatal=1 -verify_dump=1 -do_verify=1 -overwrite=1 -iodepth=256 -name=linlirbdImg2', 'root      5600     1  0 06:23 ?        00:00:00 sudo -i fio -direct=1 -iodepth_batch_complete=1 -ioengine=rbd -clientname=linli -pool=reliablityTestPool -rbdname=linlirbdImg3 -rw=randwrite -bs=8K -size=400G -norandommap=1 -randrepeat=0 -verify=md5 -verify_fatal=1 -verify_dump=1 -do_verify=1 -overwrite=1 -iodepth=256 -name=linlirbdImg3', 'root      5601  5600 39 06:23 ?        03:03:07 fio -direct=1 -iodepth_batch_complete=1 -ioengine=rbd -clientname=linli -pool=reliablityTestPool -rbdname=linlirbdImg3 -rw=randwrite -bs=8K -size=400G -norandommap=1 -randrepeat=0 -verify=md5 -verify_fatal=1 -verify_dump=1 -do_verify=1 -overwrite=1 -iodepth=256 -name=linlirbdImg3', 'root      5633     1  0 06:23 ?        00:00:00 sudo -i fio -direct=1 -iodepth_batch_complete=1 -ioengine=rbd -clientname=linli -pool=reliablityTestPool -rbdname=linlirbdImg4 -rw=randwrite -bs=8K -size=500G -norandommap=1 -randrepeat=0 -verify=md5 -verify_fatal=1 -verify_dump=1 -do_verify=1 -overwrite=1 -iodepth=256 -name=linlirbdImg4', 'root      5634  5633 39 06:23 ?        03:03:17 fio -direct=1 -iodepth_batch_complete=1 -ioengine=rbd -clientname=linli -pool=reliablityTestPool -rbdname=linlirbdImg4 -rw=randwrite -bs=8K -size=500G -norandommap=1 -randrepeat=0 -verify=md5 -verify_fatal=1 -verify_dump=1 -do_verify=1 -overwrite=1 -iodepth=256 -name=linlirbdImg4', 'denali    6280  6279  0 14:01 ?        00:00:00 bash -c sudo -i ps -ef | grep fio', 'denali    6282  6280  0 14:01 ?        00:00:00 grep fio', 'stdin: is not a tty', '']
2017-06-01 22:01:42,309 INFO client.py [line:171] IO is running
2017-06-01 22:01:42,309 INFO TC538_osd_out_in_cluster_alternately.py [line:51] 
Now operate ubuntu-238
2017-06-01 22:01:42,309 INFO TC538_osd_out_in_cluster_alternately.py [line:52] 5
2017-06-01 22:01:42,309 INFO TC538_osd_out_in_cluster_alternately.py [line:53] 
Now operate osd.0
2017-06-01 22:01:42,309 INFO TC538_osd_out_in_cluster_alternately.py [line:54] out osd.0
2017-06-01 22:01:42,309 INFO osd.py [line:62] execute command is sudo -i ceph osd out osd.0 & sleep 3
2017-06-01 22:01:45,588 INFO osd.py [line:67] osd.0 is already out cluster
2017-06-01 22:01:45,588 INFO TC538_osd_out_in_cluster_alternately.py [line:56] check if IO error
2017-06-01 22:02:00,592 INFO osd.py [line:77] execute command is sudo -i ceph osd in osd.0 & sleep 3
2017-06-01 22:02:03,943 INFO osd.py [line:80] osd.0 is already in cluster
2017-06-01 22:02:18,943 INFO TC538_osd_out_in_cluster_alternately.py [line:51] 
Now operate ubuntu-238
2017-06-01 22:02:18,943 INFO TC538_osd_out_in_cluster_alternately.py [line:52] 5
2017-06-01 22:02:18,943 INFO TC538_osd_out_in_cluster_alternately.py [line:53] 
Now operate osd.0
2017-06-01 22:02:18,943 INFO TC538_osd_out_in_cluster_alternately.py [line:54] out osd.0
2017-06-01 22:02:18,953 INFO osd.py [line:62] execute command is sudo -i ceph osd out osd.0 & sleep 3
2017-06-01 22:02:22,263 INFO osd.py [line:67] osd.0 is already out cluster
2017-06-01 22:02:22,263 INFO TC538_osd_out_in_cluster_alternately.py [line:56] check if IO error
2017-06-01 22:02:37,263 INFO osd.py [line:77] execute command is sudo -i ceph osd in osd.0 & sleep 3
2017-06-01 22:02:40,582 INFO osd.py [line:80] osd.0 is already in cluster
2017-06-01 22:02:55,585 INFO TC538_osd_out_in_cluster_alternately.py [line:51] 
Now operate ubuntu-238
2017-06-01 22:02:55,585 INFO TC538_osd_out_in_cluster_alternately.py [line:52] 5
2017-06-01 22:02:55,585 INFO TC538_osd_out_in_cluster_alternately.py [line:53] 
Now operate osd.0
2017-06-01 22:02:55,585 INFO TC538_osd_out_in_cluster_alternately.py [line:54] out osd.0
2017-06-01 22:02:55,585 INFO osd.py [line:62] execute command is sudo -i ceph osd out osd.0 & sleep 3
2017-06-01 22:02:58,895 INFO osd.py [line:67] osd.0 is already out cluster
2017-06-01 22:02:58,895 INFO TC538_osd_out_in_cluster_alternately.py [line:56] check if IO error
2017-06-01 22:03:13,895 INFO osd.py [line:77] execute command is sudo -i ceph osd in osd.0 & sleep 3
2017-06-01 22:03:17,135 INFO osd.py [line:80] osd.0 is already in cluster
2017-06-01 22:03:32,138 INFO TC538_osd_out_in_cluster_alternately.py [line:51] 
Now operate ubuntu-238
2017-06-01 22:03:32,138 INFO TC538_osd_out_in_cluster_alternately.py [line:52] 5
2017-06-01 22:03:32,138 INFO TC538_osd_out_in_cluster_alternately.py [line:53] 
Now operate osd.0
2017-06-01 22:03:32,138 INFO TC538_osd_out_in_cluster_alternately.py [line:54] out osd.0
2017-06-01 22:03:32,138 INFO osd.py [line:62] execute command is sudo -i ceph osd out osd.0 & sleep 3
2017-06-01 22:03:35,469 INFO osd.py [line:67] osd.0 is already out cluster
2017-06-01 22:03:35,469 INFO TC538_osd_out_in_cluster_alternately.py [line:56] check if IO error
2017-06-01 22:03:50,469 INFO osd.py [line:77] execute command is sudo -i ceph osd in osd.0 & sleep 3
2017-06-01 22:03:53,878 INFO osd.py [line:80] osd.0 is already in cluster
2017-06-01 22:04:08,878 INFO TC538_osd_out_in_cluster_alternately.py [line:51] 
Now operate ubuntu-238
2017-06-01 22:04:08,878 INFO TC538_osd_out_in_cluster_alternately.py [line:52] 5
2017-06-01 22:04:08,888 INFO TC538_osd_out_in_cluster_alternately.py [line:53] 
Now operate osd.0
2017-06-01 22:04:08,888 INFO TC538_osd_out_in_cluster_alternately.py [line:54] out osd.0
2017-06-01 22:04:08,888 INFO osd.py [line:62] execute command is sudo -i ceph osd out osd.0 & sleep 3
2017-06-01 22:04:12,198 INFO osd.py [line:67] osd.0 is already out cluster
2017-06-01 22:04:12,198 INFO TC538_osd_out_in_cluster_alternately.py [line:56] check if IO error
2017-06-01 22:04:27,203 INFO osd.py [line:77] execute command is sudo -i ceph osd in osd.0 & sleep 3
2017-06-01 22:04:30,572 INFO osd.py [line:80] osd.0 is already in cluster
2017-06-01 22:04:45,572 INFO TC538_osd_out_in_cluster_alternately.py [line:63] Now check if there is any IO error
2017-06-01 22:04:46,673 INFO client.py [line:169] ['oot      5501     1  0 06:23 ?        00:00:00 sudo -i fio -direct=1 -iodepth_batch_complete=1 -ioengine=rbd -clientname=linli -pool=reliablityTestPool -rbdname=linlirbdImg0 -rw=randwrite -bs=8K -size=100G -norandommap=1 -randrepeat=0 -verify=md5 -verify_fatal=1 -verify_dump=1 -do_verify=1 -overwrite=1 -iodepth=256 -name=linlirbdImg0', 'root      5502  5501 39 06:23 ?        03:04:37 fio -direct=1 -iodepth_batch_complete=1 -ioengine=rbd -clientname=linli -pool=reliablityTestPool -rbdname=linlirbdImg0 -rw=randwrite -bs=8K -size=100G -norandommap=1 -randrepeat=0 -verify=md5 -verify_fatal=1 -verify_dump=1 -do_verify=1 -overwrite=1 -iodepth=256 -name=linlirbdImg0', 'root      5534     1  0 06:23 ?        00:00:00 sudo -i fio -direct=1 -iodepth_batch_complete=1 -ioengine=rbd -clientname=linli -pool=reliablityTestPool -rbdname=linlirbdImg1 -rw=randwrite -bs=8K -size=200G -norandommap=1 -randrepeat=0 -verify=md5 -verify_fatal=1 -verify_dump=1 -do_verify=1 -overwrite=1 -iodepth=256 -name=linlirbdImg1', 'root      5535  5534 39 06:23 ?        03:04:40 fio -direct=1 -iodepth_batch_complete=1 -ioengine=rbd -clientname=linli -pool=reliablityTestPool -rbdname=linlirbdImg1 -rw=randwrite -bs=8K -size=200G -norandommap=1 -randrepeat=0 -verify=md5 -verify_fatal=1 -verify_dump=1 -do_verify=1 -overwrite=1 -iodepth=256 -name=linlirbdImg1', 'root      5567     1  0 06:23 ?        00:00:00 sudo -i fio -direct=1 -iodepth_batch_complete=1 -ioengine=rbd -clientname=linli -pool=reliablityTestPool -rbdname=linlirbdImg2 -rw=randwrite -bs=8K -size=300G -norandommap=1 -randrepeat=0 -verify=md5 -verify_fatal=1 -verify_dump=1 -do_verify=1 -overwrite=1 -iodepth=256 -name=linlirbdImg2', 'root      5568  5567 39 06:23 ?        03:04:18 fio -direct=1 -iodepth_batch_complete=1 -ioengine=rbd -clientname=linli -pool=reliablityTestPool -rbdname=linlirbdImg2 -rw=randwrite -bs=8K -size=300G -norandommap=1 -randrepeat=0 -verify=md5 -verify_fatal=1 -verify_dump=1 -do_verify=1 -overwrite=1 -iodepth=256 -name=linlirbdImg2', 'root      5600     1  0 06:23 ?        00:00:00 sudo -i fio -direct=1 -iodepth_batch_complete=1 -ioengine=rbd -clientname=linli -pool=reliablityTestPool -rbdname=linlirbdImg3 -rw=randwrite -bs=8K -size=400G -norandommap=1 -randrepeat=0 -verify=md5 -verify_fatal=1 -verify_dump=1 -do_verify=1 -overwrite=1 -iodepth=256 -name=linlirbdImg3', 'root      5601  5600 39 06:23 ?        03:04:21 fio -direct=1 -iodepth_batch_complete=1 -ioengine=rbd -clientname=linli -pool=reliablityTestPool -rbdname=linlirbdImg3 -rw=randwrite -bs=8K -size=400G -norandommap=1 -randrepeat=0 -verify=md5 -verify_fatal=1 -verify_dump=1 -do_verify=1 -overwrite=1 -iodepth=256 -name=linlirbdImg3', 'root      5633     1  0 06:23 ?        00:00:00 sudo -i fio -direct=1 -iodepth_batch_complete=1 -ioengine=rbd -clientname=linli -pool=reliablityTestPool -rbdname=linlirbdImg4 -rw=randwrite -bs=8K -size=500G -norandommap=1 -randrepeat=0 -verify=md5 -verify_fatal=1 -verify_dump=1 -do_verify=1 -overwrite=1 -iodepth=256 -name=linlirbdImg4', 'root      5634  5633 39 06:23 ?        03:04:31 fio -direct=1 -iodepth_batch_complete=1 -ioengine=rbd -clientname=linli -pool=reliablityTestPool -rbdname=linlirbdImg4 -rw=randwrite -bs=8K -size=500G -norandommap=1 -randrepeat=0 -verify=md5 -verify_fatal=1 -verify_dump=1 -do_verify=1 -overwrite=1 -iodepth=256 -name=linlirbdImg4', 'denali    6296  6295  0 14:04 ?        00:00:00 bash -c sudo -i ps -ef | grep fio', 'denali    6298  6296  0 14:04 ?        00:00:00 grep fio', 'stdin: is not a tty', '']
2017-06-01 22:04:46,693 INFO client.py [line:171] IO is running
2017-06-01 22:04:46,693 INFO TC538_osd_out_in_cluster_alternately.py [line:51] 
Now operate ubuntu-238
2017-06-01 22:04:46,693 INFO TC538_osd_out_in_cluster_alternately.py [line:52] 5
2017-06-01 22:04:46,693 INFO TC538_osd_out_in_cluster_alternately.py [line:53] 
Now operate osd.1
2017-06-01 22:04:46,703 INFO TC538_osd_out_in_cluster_alternately.py [line:54] out osd.1
2017-06-01 22:04:46,703 INFO osd.py [line:62] execute command is sudo -i ceph osd out osd.1 & sleep 3
2017-06-01 22:04:49,963 INFO osd.py [line:67] osd.1 is already out cluster
2017-06-01 22:04:49,963 INFO TC538_osd_out_in_cluster_alternately.py [line:56] check if IO error
2017-06-01 22:05:04,976 INFO osd.py [line:77] execute command is sudo -i ceph osd in osd.1 & sleep 3
2017-06-01 22:05:08,246 INFO osd.py [line:80] osd.1 is already in cluster
2017-06-01 22:05:23,246 INFO TC538_osd_out_in_cluster_alternately.py [line:51] 
Now operate ubuntu-238
2017-06-01 22:05:23,246 INFO TC538_osd_out_in_cluster_alternately.py [line:52] 5
2017-06-01 22:05:23,246 INFO TC538_osd_out_in_cluster_alternately.py [line:53] 
Now operate osd.1
2017-06-01 22:05:23,246 INFO TC538_osd_out_in_cluster_alternately.py [line:54] out osd.1
2017-06-01 22:05:23,246 INFO osd.py [line:62] execute command is sudo -i ceph osd out osd.1 & sleep 3
2017-06-01 22:05:26,506 INFO osd.py [line:67] osd.1 is already out cluster
2017-06-01 22:05:26,506 INFO TC538_osd_out_in_cluster_alternately.py [line:56] check if IO error
2017-06-01 22:05:41,506 INFO osd.py [line:77] execute command is sudo -i ceph osd in osd.1 & sleep 3
2017-06-01 22:05:45,207 INFO osd.py [line:80] osd.1 is already in cluster
2017-06-01 22:06:00,210 INFO TC538_osd_out_in_cluster_alternately.py [line:51] 
Now operate ubuntu-238
2017-06-01 22:06:00,210 INFO TC538_osd_out_in_cluster_alternately.py [line:52] 5
2017-06-01 22:06:00,210 INFO TC538_osd_out_in_cluster_alternately.py [line:53] 
Now operate osd.1
2017-06-01 22:06:00,210 INFO TC538_osd_out_in_cluster_alternately.py [line:54] out osd.1
2017-06-01 22:06:00,220 INFO osd.py [line:62] execute command is sudo -i ceph osd out osd.1 & sleep 3
2017-06-01 22:06:03,540 INFO osd.py [line:67] osd.1 is already out cluster
2017-06-01 22:06:03,540 INFO TC538_osd_out_in_cluster_alternately.py [line:56] check if IO error
2017-06-01 22:06:18,540 INFO osd.py [line:77] execute command is sudo -i ceph osd in osd.1 & sleep 3
2017-06-01 22:06:21,780 INFO osd.py [line:80] osd.1 is already in cluster
2017-06-01 22:06:36,783 INFO TC538_osd_out_in_cluster_alternately.py [line:51] 
Now operate ubuntu-238
2017-06-01 22:06:36,783 INFO TC538_osd_out_in_cluster_alternately.py [line:52] 5
2017-06-01 22:06:36,783 INFO TC538_osd_out_in_cluster_alternately.py [line:53] 
Now operate osd.1
2017-06-01 22:06:36,783 INFO TC538_osd_out_in_cluster_alternately.py [line:54] out osd.1
2017-06-01 22:06:36,793 INFO osd.py [line:62] execute command is sudo -i ceph osd out osd.1 & sleep 3
2017-06-01 22:06:40,043 INFO osd.py [line:67] osd.1 is already out cluster
2017-06-01 22:06:40,043 INFO TC538_osd_out_in_cluster_alternately.py [line:56] check if IO error
2017-06-01 22:06:55,043 INFO osd.py [line:77] execute command is sudo -i ceph osd in osd.1 & sleep 3
2017-06-01 22:06:58,273 INFO osd.py [line:80] osd.1 is already in cluster
2017-06-01 22:07:13,273 INFO TC538_osd_out_in_cluster_alternately.py [line:51] 
Now operate ubuntu-238
2017-06-01 22:07:13,273 INFO TC538_osd_out_in_cluster_alternately.py [line:52] 5
2017-06-01 22:07:13,273 INFO TC538_osd_out_in_cluster_alternately.py [line:53] 
Now operate osd.1
2017-06-01 22:07:13,273 INFO TC538_osd_out_in_cluster_alternately.py [line:54] out osd.1
2017-06-01 22:07:13,283 INFO osd.py [line:62] execute command is sudo -i ceph osd out osd.1 & sleep 3
2017-06-01 22:07:16,523 INFO osd.py [line:67] osd.1 is already out cluster
2017-06-01 22:07:16,523 INFO TC538_osd_out_in_cluster_alternately.py [line:56] check if IO error
2017-06-01 22:07:31,536 INFO osd.py [line:77] execute command is sudo -i ceph osd in osd.1 & sleep 3
2017-06-01 22:07:34,796 INFO osd.py [line:80] osd.1 is already in cluster
2017-06-01 22:07:49,796 INFO TC538_osd_out_in_cluster_alternately.py [line:63] Now check if there is any IO error
2017-06-01 22:07:51,177 INFO client.py [line:169] ['oot      5501     1  0 06:23 ?        00:00:00 sudo -i fio -direct=1 -iodepth_batch_complete=1 -ioengine=rbd -clientname=linli -pool=reliablityTestPool -rbdname=linlirbdImg0 -rw=randwrite -bs=8K -size=100G -norandommap=1 -randrepeat=0 -verify=md5 -verify_fatal=1 -verify_dump=1 -do_verify=1 -overwrite=1 -iodepth=256 -name=linlirbdImg0', 'root      5502  5501 39 06:23 ?        03:05:51 fio -direct=1 -iodepth_batch_complete=1 -ioengine=rbd -clientname=linli -pool=reliablityTestPool -rbdname=linlirbdImg0 -rw=randwrite -bs=8K -size=100G -norandommap=1 -randrepeat=0 -verify=md5 -verify_fatal=1 -verify_dump=1 -do_verify=1 -overwrite=1 -iodepth=256 -name=linlirbdImg0', 'root      5534     1  0 06:23 ?        00:00:00 sudo -i fio -direct=1 -iodepth_batch_complete=1 -ioengine=rbd -clientname=linli -pool=reliablityTestPool -rbdname=linlirbdImg1 -rw=randwrite -bs=8K -size=200G -norandommap=1 -randrepeat=0 -verify=md5 -verify_fatal=1 -verify_dump=1 -do_verify=1 -overwrite=1 -iodepth=256 -name=linlirbdImg1', 'root      5535  5534 40 06:23 ?        03:05:55 fio -direct=1 -iodepth_batch_complete=1 -ioengine=rbd -clientname=linli -pool=reliablityTestPool -rbdname=linlirbdImg1 -rw=randwrite -bs=8K -size=200G -norandommap=1 -randrepeat=0 -verify=md5 -verify_fatal=1 -verify_dump=1 -do_verify=1 -overwrite=1 -iodepth=256 -name=linlirbdImg1', 'root      5567     1  0 06:23 ?        00:00:00 sudo -i fio -direct=1 -iodepth_batch_complete=1 -ioengine=rbd -clientname=linli -pool=reliablityTestPool -rbdname=linlirbdImg2 -rw=randwrite -bs=8K -size=300G -norandommap=1 -randrepeat=0 -verify=md5 -verify_fatal=1 -verify_dump=1 -do_verify=1 -overwrite=1 -iodepth=256 -name=linlirbdImg2', 'root      5568  5567 39 06:23 ?        03:05:31 fio -direct=1 -iodepth_batch_complete=1 -ioengine=rbd -clientname=linli -pool=reliablityTestPool -rbdname=linlirbdImg2 -rw=randwrite -bs=8K -size=300G -norandommap=1 -randrepeat=0 -verify=md5 -verify_fatal=1 -verify_dump=1 -do_verify=1 -overwrite=1 -iodepth=256 -name=linlirbdImg2', 'root      5600     1  0 06:23 ?        00:00:00 sudo -i fio -direct=1 -iodepth_batch_complete=1 -ioengine=rbd -clientname=linli -pool=reliablityTestPool -rbdname=linlirbdImg3 -rw=randwrite -bs=8K -size=400G -norandommap=1 -randrepeat=0 -verify=md5 -verify_fatal=1 -verify_dump=1 -do_verify=1 -overwrite=1 -iodepth=256 -name=linlirbdImg3', 'root      5601  5600 39 06:23 ?        03:05:34 fio -direct=1 -iodepth_batch_complete=1 -ioengine=rbd -clientname=linli -pool=reliablityTestPool -rbdname=linlirbdImg3 -rw=randwrite -bs=8K -size=400G -norandommap=1 -randrepeat=0 -verify=md5 -verify_fatal=1 -verify_dump=1 -do_verify=1 -overwrite=1 -iodepth=256 -name=linlirbdImg3', 'root      5633     1  0 06:23 ?        00:00:00 sudo -i fio -direct=1 -iodepth_batch_complete=1 -ioengine=rbd -clientname=linli -pool=reliablityTestPool -rbdname=linlirbdImg4 -rw=randwrite -bs=8K -size=500G -norandommap=1 -randrepeat=0 -verify=md5 -verify_fatal=1 -verify_dump=1 -do_verify=1 -overwrite=1 -iodepth=256 -name=linlirbdImg4', 'root      5634  5633 39 06:23 ?        03:05:45 fio -direct=1 -iodepth_batch_complete=1 -ioengine=rbd -clientname=linli -pool=reliablityTestPool -rbdname=linlirbdImg4 -rw=randwrite -bs=8K -size=500G -norandommap=1 -randrepeat=0 -verify=md5 -verify_fatal=1 -verify_dump=1 -do_verify=1 -overwrite=1 -iodepth=256 -name=linlirbdImg4', 'denali    6315  6314  0 14:07 ?        00:00:00 bash -c sudo -i ps -ef | grep fio', 'denali    6317  6315  0 14:07 ?        00:00:00 grep fio', 'stdin: is not a tty', '']
2017-06-01 22:07:51,197 INFO client.py [line:171] IO is running
2017-06-01 22:07:51,197 INFO TC538_osd_out_in_cluster_alternately.py [line:51] 
Now operate ubuntu-238
2017-06-01 22:07:51,207 INFO TC538_osd_out_in_cluster_alternately.py [line:52] 5
2017-06-01 22:07:51,207 INFO TC538_osd_out_in_cluster_alternately.py [line:53] 
Now operate osd.2
2017-06-01 22:07:51,207 INFO TC538_osd_out_in_cluster_alternately.py [line:54] out osd.2
2017-06-01 22:07:51,207 INFO osd.py [line:62] execute command is sudo -i ceph osd out osd.2 & sleep 3
2017-06-01 22:07:54,476 INFO osd.py [line:67] osd.2 is already out cluster
2017-06-01 22:07:54,476 INFO TC538_osd_out_in_cluster_alternately.py [line:56] check if IO error
2017-06-01 22:08:09,477 INFO osd.py [line:77] execute command is sudo -i ceph osd in osd.2 & sleep 3
2017-06-01 22:08:12,727 INFO osd.py [line:80] osd.2 is already in cluster
2017-06-01 22:08:27,727 INFO TC538_osd_out_in_cluster_alternately.py [line:51] 
Now operate ubuntu-238
2017-06-01 22:08:27,727 INFO TC538_osd_out_in_cluster_alternately.py [line:52] 5
2017-06-01 22:08:27,727 INFO TC538_osd_out_in_cluster_alternately.py [line:53] 
Now operate osd.2
2017-06-01 22:08:27,727 INFO TC538_osd_out_in_cluster_alternately.py [line:54] out osd.2
2017-06-01 22:08:27,727 INFO osd.py [line:62] execute command is sudo -i ceph osd out osd.2 & sleep 3
2017-06-01 22:08:31,108 INFO osd.py [line:67] osd.2 is already out cluster
2017-06-01 22:08:31,118 INFO TC538_osd_out_in_cluster_alternately.py [line:56] check if IO error
2017-06-01 22:08:46,118 INFO osd.py [line:77] execute command is sudo -i ceph osd in osd.2 & sleep 3
2017-06-01 22:08:49,467 INFO osd.py [line:80] osd.2 is already in cluster
2017-06-01 22:09:04,470 INFO TC538_osd_out_in_cluster_alternately.py [line:51] 
Now operate ubuntu-238
2017-06-01 22:09:04,470 INFO TC538_osd_out_in_cluster_alternately.py [line:52] 5
2017-06-01 22:09:04,470 INFO TC538_osd_out_in_cluster_alternately.py [line:53] 
Now operate osd.2
2017-06-01 22:09:04,470 INFO TC538_osd_out_in_cluster_alternately.py [line:54] out osd.2
2017-06-01 22:09:04,480 INFO osd.py [line:62] execute command is sudo -i ceph osd out osd.2 & sleep 3
2017-06-01 22:09:07,740 INFO osd.py [line:67] osd.2 is already out cluster
2017-06-01 22:09:07,740 INFO TC538_osd_out_in_cluster_alternately.py [line:56] check if IO error
2017-06-01 22:09:22,750 INFO osd.py [line:77] execute command is sudo -i ceph osd in osd.2 & sleep 3
2017-06-01 22:09:25,990 INFO osd.py [line:80] osd.2 is already in cluster
2017-06-01 22:09:40,993 INFO TC538_osd_out_in_cluster_alternately.py [line:51] 
Now operate ubuntu-238
2017-06-01 22:09:40,993 INFO TC538_osd_out_in_cluster_alternately.py [line:52] 5
2017-06-01 22:09:40,993 INFO TC538_osd_out_in_cluster_alternately.py [line:53] 
Now operate osd.2
2017-06-01 22:09:40,993 INFO TC538_osd_out_in_cluster_alternately.py [line:54] out osd.2
2017-06-01 22:09:40,993 INFO osd.py [line:62] execute command is sudo -i ceph osd out osd.2 & sleep 3
2017-06-01 22:09:44,453 INFO osd.py [line:67] osd.2 is already out cluster
2017-06-01 22:09:44,453 INFO TC538_osd_out_in_cluster_alternately.py [line:56] check if IO error
2017-06-01 22:09:59,453 INFO osd.py [line:77] execute command is sudo -i ceph osd in osd.2 & sleep 3
2017-06-01 22:10:02,684 INFO osd.py [line:80] osd.2 is already in cluster
2017-06-01 22:10:17,684 INFO TC538_osd_out_in_cluster_alternately.py [line:51] 
Now operate ubuntu-238
2017-06-01 22:10:17,684 INFO TC538_osd_out_in_cluster_alternately.py [line:52] 5
2017-06-01 22:10:17,684 INFO TC538_osd_out_in_cluster_alternately.py [line:53] 
Now operate osd.2
2017-06-01 22:10:17,684 INFO TC538_osd_out_in_cluster_alternately.py [line:54] out osd.2
2017-06-01 22:10:17,684 INFO osd.py [line:62] execute command is sudo -i ceph osd out osd.2 & sleep 3
2017-06-01 22:10:20,904 INFO osd.py [line:67] osd.2 is already out cluster
2017-06-01 22:10:20,904 INFO TC538_osd_out_in_cluster_alternately.py [line:56] check if IO error
2017-06-01 22:10:35,917 INFO osd.py [line:77] execute command is sudo -i ceph osd in osd.2 & sleep 3
2017-06-01 22:10:39,167 INFO osd.py [line:80] osd.2 is already in cluster
2017-06-01 22:10:54,167 INFO TC538_osd_out_in_cluster_alternately.py [line:63] Now check if there is any IO error
2017-06-01 22:10:55,256 INFO client.py [line:169] ['oot      5501     1  0 06:23 ?        00:00:00 sudo -i fio -direct=1 -iodepth_batch_complete=1 -ioengine=rbd -clientname=linli -pool=reliablityTestPool -rbdname=linlirbdImg0 -rw=randwrite -bs=8K -size=100G -norandommap=1 -randrepeat=0 -verify=md5 -verify_fatal=1 -verify_dump=1 -do_verify=1 -overwrite=1 -iodepth=256 -name=linlirbdImg0', 'root      5502  5501 39 06:23 ?        03:07:05 fio -direct=1 -iodepth_batch_complete=1 -ioengine=rbd -clientname=linli -pool=reliablityTestPool -rbdname=linlirbdImg0 -rw=randwrite -bs=8K -size=100G -norandommap=1 -randrepeat=0 -verify=md5 -verify_fatal=1 -verify_dump=1 -do_verify=1 -overwrite=1 -iodepth=256 -name=linlirbdImg0', 'root      5534     1  0 06:23 ?        00:00:00 sudo -i fio -direct=1 -iodepth_batch_complete=1 -ioengine=rbd -clientname=linli -pool=reliablityTestPool -rbdname=linlirbdImg1 -rw=randwrite -bs=8K -size=200G -norandommap=1 -randrepeat=0 -verify=md5 -verify_fatal=1 -verify_dump=1 -do_verify=1 -overwrite=1 -iodepth=256 -name=linlirbdImg1', 'root      5535  5534 40 06:23 ?        03:07:09 fio -direct=1 -iodepth_batch_complete=1 -ioengine=rbd -clientname=linli -pool=reliablityTestPool -rbdname=linlirbdImg1 -rw=randwrite -bs=8K -size=200G -norandommap=1 -randrepeat=0 -verify=md5 -verify_fatal=1 -verify_dump=1 -do_verify=1 -overwrite=1 -iodepth=256 -name=linlirbdImg1', 'root      5567     1  0 06:23 ?        00:00:00 sudo -i fio -direct=1 -iodepth_batch_complete=1 -ioengine=rbd -clientname=linli -pool=reliablityTestPool -rbdname=linlirbdImg2 -rw=randwrite -bs=8K -size=300G -norandommap=1 -randrepeat=0 -verify=md5 -verify_fatal=1 -verify_dump=1 -do_verify=1 -overwrite=1 -iodepth=256 -name=linlirbdImg2', 'root      5568  5567 39 06:23 ?        03:06:44 fio -direct=1 -iodepth_batch_complete=1 -ioengine=rbd -clientname=linli -pool=reliablityTestPool -rbdname=linlirbdImg2 -rw=randwrite -bs=8K -size=300G -norandommap=1 -randrepeat=0 -verify=md5 -verify_fatal=1 -verify_dump=1 -do_verify=1 -overwrite=1 -iodepth=256 -name=linlirbdImg2', 'root      5600     1  0 06:23 ?        00:00:00 sudo -i fio -direct=1 -iodepth_batch_complete=1 -ioengine=rbd -clientname=linli -pool=reliablityTestPool -rbdname=linlirbdImg3 -rw=randwrite -bs=8K -size=400G -norandommap=1 -randrepeat=0 -verify=md5 -verify_fatal=1 -verify_dump=1 -do_verify=1 -overwrite=1 -iodepth=256 -name=linlirbdImg3', 'root      5601  5600 39 06:23 ?        03:06:48 fio -direct=1 -iodepth_batch_complete=1 -ioengine=rbd -clientname=linli -pool=reliablityTestPool -rbdname=linlirbdImg3 -rw=randwrite -bs=8K -size=400G -norandommap=1 -randrepeat=0 -verify=md5 -verify_fatal=1 -verify_dump=1 -do_verify=1 -overwrite=1 -iodepth=256 -name=linlirbdImg3', 'root      5633     1  0 06:23 ?        00:00:00 sudo -i fio -direct=1 -iodepth_batch_complete=1 -ioengine=rbd -clientname=linli -pool=reliablityTestPool -rbdname=linlirbdImg4 -rw=randwrite -bs=8K -size=500G -norandommap=1 -randrepeat=0 -verify=md5 -verify_fatal=1 -verify_dump=1 -do_verify=1 -overwrite=1 -iodepth=256 -name=linlirbdImg4', 'root      5634  5633 39 06:23 ?        03:06:58 fio -direct=1 -iodepth_batch_complete=1 -ioengine=rbd -clientname=linli -pool=reliablityTestPool -rbdname=linlirbdImg4 -rw=randwrite -bs=8K -size=500G -norandommap=1 -randrepeat=0 -verify=md5 -verify_fatal=1 -verify_dump=1 -do_verify=1 -overwrite=1 -iodepth=256 -name=linlirbdImg4', 'denali    6332  6331  0 14:10 ?        00:00:00 bash -c sudo -i ps -ef | grep fio', 'denali    6334  6332  0 14:10 ?        00:00:00 grep fio', 'stdin: is not a tty', '']
2017-06-01 22:10:55,276 INFO client.py [line:171] IO is running
2017-06-01 22:10:55,276 INFO TC538_osd_out_in_cluster_alternately.py [line:51] 
Now operate ubuntu-238
2017-06-01 22:10:55,276 INFO TC538_osd_out_in_cluster_alternately.py [line:52] 5
2017-06-01 22:10:55,276 INFO TC538_osd_out_in_cluster_alternately.py [line:53] 
Now operate osd.3
2017-06-01 22:10:55,286 INFO TC538_osd_out_in_cluster_alternately.py [line:54] out osd.3
2017-06-01 22:10:55,286 INFO osd.py [line:62] execute command is sudo -i ceph osd out osd.3 & sleep 3
2017-06-01 22:10:58,566 INFO osd.py [line:67] osd.3 is already out cluster
2017-06-01 22:10:58,566 INFO TC538_osd_out_in_cluster_alternately.py [line:56] check if IO error
2017-06-01 22:11:13,581 INFO osd.py [line:77] execute command is sudo -i ceph osd in osd.3 & sleep 3
2017-06-01 22:11:17,171 INFO osd.py [line:80] osd.3 is already in cluster
2017-06-01 22:11:32,171 INFO TC538_osd_out_in_cluster_alternately.py [line:51] 
Now operate ubuntu-238
2017-06-01 22:11:32,171 INFO TC538_osd_out_in_cluster_alternately.py [line:52] 5
2017-06-01 22:11:32,171 INFO TC538_osd_out_in_cluster_alternately.py [line:53] 
Now operate osd.3
2017-06-01 22:11:32,171 INFO TC538_osd_out_in_cluster_alternately.py [line:54] out osd.3
2017-06-01 22:11:32,171 INFO osd.py [line:62] execute command is sudo -i ceph osd out osd.3 & sleep 3
2017-06-01 22:11:35,440 INFO osd.py [line:67] osd.3 is already out cluster
2017-06-01 22:11:35,440 INFO TC538_osd_out_in_cluster_alternately.py [line:56] check if IO error
2017-06-01 22:11:50,440 INFO osd.py [line:77] execute command is sudo -i ceph osd in osd.3 & sleep 3
2017-06-01 22:11:53,703 INFO osd.py [line:80] osd.3 is already in cluster
2017-06-01 22:12:08,703 INFO TC538_osd_out_in_cluster_alternately.py [line:51] 
Now operate ubuntu-238
2017-06-01 22:12:08,703 INFO TC538_osd_out_in_cluster_alternately.py [line:52] 5
2017-06-01 22:12:08,703 INFO TC538_osd_out_in_cluster_alternately.py [line:53] 
Now operate osd.3
2017-06-01 22:12:08,703 INFO TC538_osd_out_in_cluster_alternately.py [line:54] out osd.3
2017-06-01 22:12:08,713 INFO osd.py [line:62] execute command is sudo -i ceph osd out osd.3 & sleep 3
2017-06-01 22:12:11,953 INFO osd.py [line:67] osd.3 is already out cluster
2017-06-01 22:12:11,953 INFO TC538_osd_out_in_cluster_alternately.py [line:56] check if IO error
2017-06-01 22:12:26,953 INFO osd.py [line:77] execute command is sudo -i ceph osd in osd.3 & sleep 3
2017-06-01 22:12:30,292 INFO osd.py [line:80] osd.3 is already in cluster
2017-06-01 22:12:45,296 INFO TC538_osd_out_in_cluster_alternately.py [line:51] 
Now operate ubuntu-238
2017-06-01 22:12:45,296 INFO TC538_osd_out_in_cluster_alternately.py [line:52] 5
2017-06-01 22:12:45,296 INFO TC538_osd_out_in_cluster_alternately.py [line:53] 
Now operate osd.3
2017-06-01 22:12:45,296 INFO TC538_osd_out_in_cluster_alternately.py [line:54] out osd.3
2017-06-01 22:12:45,296 INFO osd.py [line:62] execute command is sudo -i ceph osd out osd.3 & sleep 3
2017-06-01 22:12:48,546 INFO osd.py [line:67] osd.3 is already out cluster
2017-06-01 22:12:48,546 INFO TC538_osd_out_in_cluster_alternately.py [line:56] check if IO error
2017-06-01 22:13:03,546 INFO osd.py [line:77] execute command is sudo -i ceph osd in osd.3 & sleep 3
2017-06-01 22:13:06,776 INFO osd.py [line:80] osd.3 is already in cluster
2017-06-01 22:13:21,776 INFO TC538_osd_out_in_cluster_alternately.py [line:51] 
Now operate ubuntu-238
2017-06-01 22:13:21,776 INFO TC538_osd_out_in_cluster_alternately.py [line:52] 5
2017-06-01 22:13:21,776 INFO TC538_osd_out_in_cluster_alternately.py [line:53] 
Now operate osd.3
2017-06-01 22:13:21,776 INFO TC538_osd_out_in_cluster_alternately.py [line:54] out osd.3
2017-06-01 22:13:21,776 INFO osd.py [line:62] execute command is sudo -i ceph osd out osd.3 & sleep 3
2017-06-01 22:13:25,065 INFO osd.py [line:67] osd.3 is already out cluster
2017-06-01 22:13:25,065 INFO TC538_osd_out_in_cluster_alternately.py [line:56] check if IO error
2017-06-01 22:13:40,069 INFO osd.py [line:77] execute command is sudo -i ceph osd in osd.3 & sleep 3
2017-06-01 22:13:43,309 INFO osd.py [line:80] osd.3 is already in cluster
2017-06-01 22:13:58,309 INFO TC538_osd_out_in_cluster_alternately.py [line:63] Now check if there is any IO error
2017-06-01 22:13:59,328 INFO client.py [line:169] ['oot      5501     1  0 06:23 ?        00:00:00 sudo -i fio -direct=1 -iodepth_batch_complete=1 -ioengine=rbd -clientname=linli -pool=reliablityTestPool -rbdname=linlirbdImg0 -rw=randwrite -bs=8K -size=100G -norandommap=1 -randrepeat=0 -verify=md5 -verify_fatal=1 -verify_dump=1 -do_verify=1 -overwrite=1 -iodepth=256 -name=linlirbdImg0', 'root      5502  5501 39 06:23 ?        03:08:18 fio -direct=1 -iodepth_batch_complete=1 -ioengine=rbd -clientname=linli -pool=reliablityTestPool -rbdname=linlirbdImg0 -rw=randwrite -bs=8K -size=100G -norandommap=1 -randrepeat=0 -verify=md5 -verify_fatal=1 -verify_dump=1 -do_verify=1 -overwrite=1 -iodepth=256 -name=linlirbdImg0', 'root      5534     1  0 06:23 ?        00:00:00 sudo -i fio -direct=1 -iodepth_batch_complete=1 -ioengine=rbd -clientname=linli -pool=reliablityTestPool -rbdname=linlirbdImg1 -rw=randwrite -bs=8K -size=200G -norandommap=1 -randrepeat=0 -verify=md5 -verify_fatal=1 -verify_dump=1 -do_verify=1 -overwrite=1 -iodepth=256 -name=linlirbdImg1', 'root      5535  5534 40 06:23 ?        03:08:23 fio -direct=1 -iodepth_batch_complete=1 -ioengine=rbd -clientname=linli -pool=reliablityTestPool -rbdname=linlirbdImg1 -rw=randwrite -bs=8K -size=200G -norandommap=1 -randrepeat=0 -verify=md5 -verify_fatal=1 -verify_dump=1 -do_verify=1 -overwrite=1 -iodepth=256 -name=linlirbdImg1', 'root      5567     1  0 06:23 ?        00:00:00 sudo -i fio -direct=1 -iodepth_batch_complete=1 -ioengine=rbd -clientname=linli -pool=reliablityTestPool -rbdname=linlirbdImg2 -rw=randwrite -bs=8K -size=300G -norandommap=1 -randrepeat=0 -verify=md5 -verify_fatal=1 -verify_dump=1 -do_verify=1 -overwrite=1 -iodepth=256 -name=linlirbdImg2', 'root      5568  5567 39 06:23 ?        03:07:57 fio -direct=1 -iodepth_batch_complete=1 -ioengine=rbd -clientname=linli -pool=reliablityTestPool -rbdname=linlirbdImg2 -rw=randwrite -bs=8K -size=300G -norandommap=1 -randrepeat=0 -verify=md5 -verify_fatal=1 -verify_dump=1 -do_verify=1 -overwrite=1 -iodepth=256 -name=linlirbdImg2', 'root      5600     1  0 06:23 ?        00:00:00 sudo -i fio -direct=1 -iodepth_batch_complete=1 -ioengine=rbd -clientname=linli -pool=reliablityTestPool -rbdname=linlirbdImg3 -rw=randwrite -bs=8K -size=400G -norandommap=1 -randrepeat=0 -verify=md5 -verify_fatal=1 -verify_dump=1 -do_verify=1 -overwrite=1 -iodepth=256 -name=linlirbdImg3', 'root      5601  5600 39 06:23 ?        03:08:01 fio -direct=1 -iodepth_batch_complete=1 -ioengine=rbd -clientname=linli -pool=reliablityTestPool -rbdname=linlirbdImg3 -rw=randwrite -bs=8K -size=400G -norandommap=1 -randrepeat=0 -verify=md5 -verify_fatal=1 -verify_dump=1 -do_verify=1 -overwrite=1 -iodepth=256 -name=linlirbdImg3', 'root      5633     1  0 06:23 ?        00:00:00 sudo -i fio -direct=1 -iodepth_batch_complete=1 -ioengine=rbd -clientname=linli -pool=reliablityTestPool -rbdname=linlirbdImg4 -rw=randwrite -bs=8K -size=500G -norandommap=1 -randrepeat=0 -verify=md5 -verify_fatal=1 -verify_dump=1 -do_verify=1 -overwrite=1 -iodepth=256 -name=linlirbdImg4', 'root      5634  5633 39 06:23 ?        03:08:12 fio -direct=1 -iodepth_batch_complete=1 -ioengine=rbd -clientname=linli -pool=reliablityTestPool -rbdname=linlirbdImg4 -rw=randwrite -bs=8K -size=500G -norandommap=1 -randrepeat=0 -verify=md5 -verify_fatal=1 -verify_dump=1 -do_verify=1 -overwrite=1 -iodepth=256 -name=linlirbdImg4', 'denali    6348  6347  0 14:14 ?        00:00:00 bash -c sudo -i ps -ef | grep fio', 'denali    6350  6348  0 14:14 ?        00:00:00 grep fio', 'stdin: is not a tty', '']
2017-06-01 22:13:59,348 INFO client.py [line:171] IO is running
2017-06-01 22:13:59,348 INFO TC538_osd_out_in_cluster_alternately.py [line:51] 
Now operate ubuntu-238
2017-06-01 22:13:59,348 INFO TC538_osd_out_in_cluster_alternately.py [line:52] 5
2017-06-01 22:13:59,348 INFO TC538_osd_out_in_cluster_alternately.py [line:53] 
Now operate osd.4
2017-06-01 22:13:59,348 INFO TC538_osd_out_in_cluster_alternately.py [line:54] out osd.4
2017-06-01 22:13:59,348 INFO osd.py [line:62] execute command is sudo -i ceph osd out osd.4 & sleep 3
2017-06-01 22:14:02,719 INFO osd.py [line:67] osd.4 is already out cluster
2017-06-01 22:14:02,719 INFO TC538_osd_out_in_cluster_alternately.py [line:56] check if IO error
2017-06-01 22:14:17,721 INFO osd.py [line:77] execute command is sudo -i ceph osd in osd.4 & sleep 3
2017-06-01 22:14:20,951 INFO osd.py [line:80] osd.4 is already in cluster
2017-06-01 22:14:35,951 INFO TC538_osd_out_in_cluster_alternately.py [line:51] 
Now operate ubuntu-238
2017-06-01 22:14:35,951 INFO TC538_osd_out_in_cluster_alternately.py [line:52] 5
2017-06-01 22:14:35,951 INFO TC538_osd_out_in_cluster_alternately.py [line:53] 
Now operate osd.4
2017-06-01 22:14:35,951 INFO TC538_osd_out_in_cluster_alternately.py [line:54] out osd.4
2017-06-01 22:14:35,961 INFO osd.py [line:62] execute command is sudo -i ceph osd out osd.4 & sleep 3
2017-06-01 22:14:39,191 INFO osd.py [line:67] osd.4 is already out cluster
2017-06-01 22:14:39,191 INFO TC538_osd_out_in_cluster_alternately.py [line:56] check if IO error
2017-06-01 22:14:54,191 INFO osd.py [line:77] execute command is sudo -i ceph osd in osd.4 & sleep 3
2017-06-01 22:14:57,415 INFO osd.py [line:80] osd.4 is already in cluster
2017-06-01 22:15:12,415 INFO TC538_osd_out_in_cluster_alternately.py [line:51] 
Now operate ubuntu-238
2017-06-01 22:15:12,415 INFO TC538_osd_out_in_cluster_alternately.py [line:52] 5
2017-06-01 22:15:12,415 INFO TC538_osd_out_in_cluster_alternately.py [line:53] 
Now operate osd.4
2017-06-01 22:15:12,415 INFO TC538_osd_out_in_cluster_alternately.py [line:54] out osd.4
2017-06-01 22:15:12,415 INFO osd.py [line:62] execute command is sudo -i ceph osd out osd.4 & sleep 3
2017-06-01 22:15:15,676 INFO osd.py [line:67] osd.4 is already out cluster
2017-06-01 22:15:15,676 INFO TC538_osd_out_in_cluster_alternately.py [line:56] check if IO error
2017-06-01 22:15:30,686 INFO osd.py [line:77] execute command is sudo -i ceph osd in osd.4 & sleep 3
2017-06-01 22:15:33,926 INFO osd.py [line:80] osd.4 is already in cluster
2017-06-01 22:15:48,930 INFO TC538_osd_out_in_cluster_alternately.py [line:51] 
Now operate ubuntu-238
2017-06-01 22:15:48,930 INFO TC538_osd_out_in_cluster_alternately.py [line:52] 5
2017-06-01 22:15:48,930 INFO TC538_osd_out_in_cluster_alternately.py [line:53] 
Now operate osd.4
2017-06-01 22:15:48,930 INFO TC538_osd_out_in_cluster_alternately.py [line:54] out osd.4
2017-06-01 22:15:48,930 INFO osd.py [line:62] execute command is sudo -i ceph osd out osd.4 & sleep 3
2017-06-01 22:15:52,200 INFO osd.py [line:67] osd.4 is already out cluster
2017-06-01 22:15:52,200 INFO TC538_osd_out_in_cluster_alternately.py [line:56] check if IO error
2017-06-01 22:16:07,200 INFO osd.py [line:77] execute command is sudo -i ceph osd in osd.4 & sleep 3
2017-06-01 22:16:10,470 INFO osd.py [line:80] osd.4 is already in cluster
2017-06-01 22:16:25,470 INFO TC538_osd_out_in_cluster_alternately.py [line:51] 
Now operate ubuntu-238
2017-06-01 22:16:25,470 INFO TC538_osd_out_in_cluster_alternately.py [line:52] 5
2017-06-01 22:16:25,470 INFO TC538_osd_out_in_cluster_alternately.py [line:53] 
Now operate osd.4
2017-06-01 22:16:25,470 INFO TC538_osd_out_in_cluster_alternately.py [line:54] out osd.4
2017-06-01 22:16:25,480 INFO osd.py [line:62] execute command is sudo -i ceph osd out osd.4 & sleep 3
2017-06-01 22:16:28,710 INFO osd.py [line:67] osd.4 is already out cluster
2017-06-01 22:16:28,710 INFO TC538_osd_out_in_cluster_alternately.py [line:56] check if IO error
2017-06-01 22:16:43,711 INFO osd.py [line:77] execute command is sudo -i ceph osd in osd.4 & sleep 3
2017-06-01 22:16:46,961 INFO osd.py [line:80] osd.4 is already in cluster
2017-06-01 22:17:01,961 INFO TC538_osd_out_in_cluster_alternately.py [line:63] Now check if there is any IO error
2017-06-01 22:17:03,022 INFO client.py [line:169] ['oot      5501     1  0 06:23 ?        00:00:00 sudo -i fio -direct=1 -iodepth_batch_complete=1 -ioengine=rbd -clientname=linli -pool=reliablityTestPool -rbdname=linlirbdImg0 -rw=randwrite -bs=8K -size=100G -norandommap=1 -randrepeat=0 -verify=md5 -verify_fatal=1 -verify_dump=1 -do_verify=1 -overwrite=1 -iodepth=256 -name=linlirbdImg0', 'root      5502  5501 39 06:23 ?        03:09:32 fio -direct=1 -iodepth_batch_complete=1 -ioengine=rbd -clientname=linli -pool=reliablityTestPool -rbdname=linlirbdImg0 -rw=randwrite -bs=8K -size=100G -norandommap=1 -randrepeat=0 -verify=md5 -verify_fatal=1 -verify_dump=1 -do_verify=1 -overwrite=1 -iodepth=256 -name=linlirbdImg0', 'root      5534     1  0 06:23 ?        00:00:00 sudo -i fio -direct=1 -iodepth_batch_complete=1 -ioengine=rbd -clientname=linli -pool=reliablityTestPool -rbdname=linlirbdImg1 -rw=randwrite -bs=8K -size=200G -norandommap=1 -randrepeat=0 -verify=md5 -verify_fatal=1 -verify_dump=1 -do_verify=1 -overwrite=1 -iodepth=256 -name=linlirbdImg1', 'root      5535  5534 40 06:23 ?        03:09:36 fio -direct=1 -iodepth_batch_complete=1 -ioengine=rbd -clientname=linli -pool=reliablityTestPool -rbdname=linlirbdImg1 -rw=randwrite -bs=8K -size=200G -norandommap=1 -randrepeat=0 -verify=md5 -verify_fatal=1 -verify_dump=1 -do_verify=1 -overwrite=1 -iodepth=256 -name=linlirbdImg1', 'root      5567     1  0 06:23 ?        00:00:00 sudo -i fio -direct=1 -iodepth_batch_complete=1 -ioengine=rbd -clientname=linli -pool=reliablityTestPool -rbdname=linlirbdImg2 -rw=randwrite -bs=8K -size=300G -norandommap=1 -randrepeat=0 -verify=md5 -verify_fatal=1 -verify_dump=1 -do_verify=1 -overwrite=1 -iodepth=256 -name=linlirbdImg2', 'root      5568  5567 39 06:23 ?        03:09:11 fio -direct=1 -iodepth_batch_complete=1 -ioengine=rbd -clientname=linli -pool=reliablityTestPool -rbdname=linlirbdImg2 -rw=randwrite -bs=8K -size=300G -norandommap=1 -randrepeat=0 -verify=md5 -verify_fatal=1 -verify_dump=1 -do_verify=1 -overwrite=1 -iodepth=256 -name=linlirbdImg2', 'root      5600     1  0 06:23 ?        00:00:00 sudo -i fio -direct=1 -iodepth_batch_complete=1 -ioengine=rbd -clientname=linli -pool=reliablityTestPool -rbdname=linlirbdImg3 -rw=randwrite -bs=8K -size=400G -norandommap=1 -randrepeat=0 -verify=md5 -verify_fatal=1 -verify_dump=1 -do_verify=1 -overwrite=1 -iodepth=256 -name=linlirbdImg3', 'root      5601  5600 39 06:23 ?        03:09:13 fio -direct=1 -iodepth_batch_complete=1 -ioengine=rbd -clientname=linli -pool=reliablityTestPool -rbdname=linlirbdImg3 -rw=randwrite -bs=8K -size=400G -norandommap=1 -randrepeat=0 -verify=md5 -verify_fatal=1 -verify_dump=1 -do_verify=1 -overwrite=1 -iodepth=256 -name=linlirbdImg3', 'root      5633     1  0 06:23 ?        00:00:00 sudo -i fio -direct=1 -iodepth_batch_complete=1 -ioengine=rbd -clientname=linli -pool=reliablityTestPool -rbdname=linlirbdImg4 -rw=randwrite -bs=8K -size=500G -norandommap=1 -randrepeat=0 -verify=md5 -verify_fatal=1 -verify_dump=1 -do_verify=1 -overwrite=1 -iodepth=256 -name=linlirbdImg4', 'root      5634  5633 39 06:23 ?        03:09:26 fio -direct=1 -iodepth_batch_complete=1 -ioengine=rbd -clientname=linli -pool=reliablityTestPool -rbdname=linlirbdImg4 -rw=randwrite -bs=8K -size=500G -norandommap=1 -randrepeat=0 -verify=md5 -verify_fatal=1 -verify_dump=1 -do_verify=1 -overwrite=1 -iodepth=256 -name=linlirbdImg4', 'denali    6372  6371  0 14:17 ?        00:00:00 bash -c sudo -i ps -ef | grep fio', 'denali    6374  6372  0 14:17 ?        00:00:00 grep fio', 'stdin: is not a tty', '']
2017-06-01 22:17:03,042 INFO client.py [line:171] IO is running
2017-06-01 22:17:03,532 INFO TC538_osd_out_in_cluster_alternately.py [line:73] TC538_osd_out_in_cluster_alternately runs complete
