2017-05-26 22:21:27,252 INFO monitors.py [line:126] tdin: is not a tty
Traceback (most recent call last):
  File "/usr/local/bin/ceph", line 124, in <module>
    from ceph_argparse import \
ImportError: cannot import name descsort_key

2017-05-26 22:21:27,256 INFO monitors.py [line:129] tdin: is not a tty
2017-05-26 22:21:27,259 INFO monitors.py [line:129] Traceback (most recent call last):
2017-05-26 22:21:27,263 INFO monitors.py [line:129]   File "/usr/local/bin/ceph", line 124, in <module>
2017-05-26 22:21:27,266 INFO monitors.py [line:129]     from ceph_argparse import \
2017-05-26 22:21:27,269 INFO monitors.py [line:129] ImportError: cannot import name descsort_key
2017-05-26 22:21:27,272 INFO monitors.py [line:129] 
2017-05-26 22:21:27,273 INFO initConfig.py [line:18] Init osd process
2017-05-26 22:21:32,421 ERROR node.py [line:54] tdin: is not a tty
Traceback (most recent call last):
  File "/usr/local/bin/ceph", line 124, in <module>
    from ceph_argparse import \
ImportError: cannot import name descsort_key

2017-05-26 22:21:32,427 ERROR node.py [line:56] pool reliablityTestPool created failed
2017-05-26 22:21:32,428 ERROR node.py [line:57] Error message is tdin: is not a tty
Traceback (most recent call last):
  File "/usr/local/bin/ceph", line 124, in <module>
    from ceph_argparse import \
ImportError: cannot import name descsort_key

