2017-05-26 18:00:05,158 INFO monitors.py [line:126]    "quorum_leader_name": "osdnode2",

2017-05-26 18:00:05,158 INFO monitors.py [line:129]    "quorum_leader_name": "osdnode2",
2017-05-26 18:00:05,769 INFO client.py [line:149] ['enali   27397 27396  0 10:00 ?        00:00:00 bash -c sudo -i ps -ef | grep fio', 'denali   27399 27397  0 10:00 ?        00:00:00 grep fio', 'stdin: is not a tty', '']
2017-05-26 18:00:05,769 INFO client.py [line:154] IO stopped
2017-05-26 18:00:05,785 INFO client.py [line:155] start IO again
2017-05-26 18:00:05,785 INFO base.py [line:37] 
Now start IO on  linlirbdImg0
2017-05-26 18:00:07,410 INFO base.py [line:37] 
Now start IO on  linlirbdImg1
2017-05-26 18:00:08,641 INFO base.py [line:37] 
Now start IO on  linlirbdImg2
2017-05-26 18:00:09,846 INFO base.py [line:37] 
Now start IO on  linlirbdImg3
2017-05-26 18:00:11,085 INFO base.py [line:37] 
Now start IO on  linlirbdImg4
2017-05-26 18:00:12,223 INFO base.py [line:37] 
Now start IO on  linlirbdImg5
2017-05-26 18:00:13,427 INFO base.py [line:37] 
Now start IO on  linlirbdImg6
2017-05-26 18:00:14,721 INFO base.py [line:37] 
Now start IO on  linlirbdImg7
2017-05-26 18:00:16,019 INFO base.py [line:37] 
Now start IO on  linlirbdImg8
2017-05-26 18:00:17,704 INFO base.py [line:37] 
Now start IO on  linlirbdImg9
